[6.060s] Invoking command in '/home/nx-ros2/dong_workspace/f1tenth_ws/src/f1tenth_system/teleop_tools/key_teleop': PYTHONPATH=/home/nx-ros2/dong_workspace/f1tenth_ws/build/key_teleop/prefix_override:/home/nx-ros2/dong_workspace/f1tenth_ws/install/key_teleop/lib/python3.8/site-packages:${PYTHONPATH} /usr/bin/python3 setup.py egg_info --egg-base ../../../../build/key_teleop build --build-base /home/nx-ros2/dong_workspace/f1tenth_ws/build/key_teleop/build install --record /home/nx-ros2/dong_workspace/f1tenth_ws/build/key_teleop/install.log --install-scripts $base/lib/key_teleop --single-version-externally-managed
[7.433s] running egg_info
[7.437s] creating ../../../../build/key_teleop/key_teleop.egg-info
[7.439s] writing ../../../../build/key_teleop/key_teleop.egg-info/PKG-INFO
[7.442s] writing dependency_links to ../../../../build/key_teleop/key_teleop.egg-info/dependency_links.txt
[7.446s] writing entry points to ../../../../build/key_teleop/key_teleop.egg-info/entry_points.txt
[7.450s] writing requirements to ../../../../build/key_teleop/key_teleop.egg-info/requires.txt
[7.454s] writing top-level names to ../../../../build/key_teleop/key_teleop.egg-info/top_level.txt
[7.492s] writing manifest file '../../../../build/key_teleop/key_teleop.egg-info/SOURCES.txt'
[7.696s] reading manifest file '../../../../build/key_teleop/key_teleop.egg-info/SOURCES.txt'
[7.699s] writing manifest file '../../../../build/key_teleop/key_teleop.egg-info/SOURCES.txt'
[7.700s] running build
[7.701s] running build_py
[7.702s] creating /home/nx-ros2/dong_workspace/f1tenth_ws/build/key_teleop/build
[7.702s] creating /home/nx-ros2/dong_workspace/f1tenth_ws/build/key_teleop/build/lib
[7.702s] creating /home/nx-ros2/dong_workspace/f1tenth_ws/build/key_teleop/build/lib/key_teleop
[7.703s] copying key_teleop/__init__.py -> /home/nx-ros2/dong_workspace/f1tenth_ws/build/key_teleop/build/lib/key_teleop
[7.703s] copying key_teleop/key_teleop.py -> /home/nx-ros2/dong_workspace/f1tenth_ws/build/key_teleop/build/lib/key_teleop
[7.704s] running install
[7.708s] running install_lib
[7.715s] creating /home/nx-ros2/dong_workspace/f1tenth_ws/install/key_teleop/lib/python3.8/site-packages/key_teleop
[7.715s] copying /home/nx-ros2/dong_workspace/f1tenth_ws/build/key_teleop/build/lib/key_teleop/__init__.py -> /home/nx-ros2/dong_workspace/f1tenth_ws/install/key_teleop/lib/python3.8/site-packages/key_teleop
[7.716s] copying /home/nx-ros2/dong_workspace/f1tenth_ws/build/key_teleop/build/lib/key_teleop/key_teleop.py -> /home/nx-ros2/dong_workspace/f1tenth_ws/install/key_teleop/lib/python3.8/site-packages/key_teleop
[7.718s] byte-compiling /home/nx-ros2/dong_workspace/f1tenth_ws/install/key_teleop/lib/python3.8/site-packages/key_teleop/__init__.py to __init__.cpython-38.pyc
[7.727s] byte-compiling /home/nx-ros2/dong_workspace/f1tenth_ws/install/key_teleop/lib/python3.8/site-packages/key_teleop/key_teleop.py to key_teleop.cpython-38.pyc
[7.736s] running install_data
[7.739s] copying package.xml -> /home/nx-ros2/dong_workspace/f1tenth_ws/install/key_teleop/share/key_teleop
[7.740s] creating /home/nx-ros2/dong_workspace/f1tenth_ws/install/key_teleop/share/key_teleop/config
[7.741s] copying config/key_teleop.yaml -> /home/nx-ros2/dong_workspace/f1tenth_ws/install/key_teleop/share/key_teleop/config
[7.749s] creating /home/nx-ros2/dong_workspace/f1tenth_ws/install/key_teleop/share/ament_index
[7.750s] creating /home/nx-ros2/dong_workspace/f1tenth_ws/install/key_teleop/share/ament_index/resource_index
[7.750s] creating /home/nx-ros2/dong_workspace/f1tenth_ws/install/key_teleop/share/ament_index/resource_index/packages
[7.751s] copying resource/key_teleop -> /home/nx-ros2/dong_workspace/f1tenth_ws/install/key_teleop/share/ament_index/resource_index/packages
[7.751s] running install_egg_info
[7.780s] Copying ../../../../build/key_teleop/key_teleop.egg-info to /home/nx-ros2/dong_workspace/f1tenth_ws/install/key_teleop/lib/python3.8/site-packages/key_teleop-0.3.0-py3.8.egg-info
[7.790s] running install_scripts
[7.923s] Installing key_teleop script to /home/nx-ros2/dong_workspace/f1tenth_ws/install/key_teleop/lib/key_teleop
[7.927s] writing list of installed files to '/home/nx-ros2/dong_workspace/f1tenth_ws/build/key_teleop/install.log'
[8.118s] Invoked command in '/home/nx-ros2/dong_workspace/f1tenth_ws/src/f1tenth_system/teleop_tools/key_teleop' returned '0': PYTHONPATH=/home/nx-ros2/dong_workspace/f1tenth_ws/build/key_teleop/prefix_override:/home/nx-ros2/dong_workspace/f1tenth_ws/install/key_teleop/lib/python3.8/site-packages:${PYTHONPATH} /usr/bin/python3 setup.py egg_info --egg-base ../../../../build/key_teleop build --build-base /home/nx-ros2/dong_workspace/f1tenth_ws/build/key_teleop/build install --record /home/nx-ros2/dong_workspace/f1tenth_ws/build/key_teleop/install.log --install-scripts $base/lib/key_teleop --single-version-externally-managed
