[4.569s] Invoking command in '/home/nx-ros2/dong_workspace/f1tenth_ws/src/f1tenth_system/teleop_tools/joy_teleop': AMENT_PREFIX_PATH=/home/nx-ros2/dong_workspace/f1tenth_ws/install/teleop_tools_msgs:${AMENT_PREFIX_PATH} CMAKE_PREFIX_PATH=/home/nx-ros2/dong_workspace/f1tenth_ws/install/teleop_tools_msgs:/home/nx-ros2/dong_workspace/f1tenth_ws/install/vesc:/home/nx-ros2/dong_workspace/f1tenth_ws/install/vesc_driver:/home/nx-ros2/dong_workspace/f1tenth_ws/install/vesc_ackermann:/home/nx-ros2/dong_workspace/f1tenth_ws/install/vesc_msgs:/home/nx-ros2/dong_workspace/f1tenth_ws/install/teleop_tools:/home/nx-ros2/dong_workspace/f1tenth_ws/install/ackermann_mux LD_LIBRARY_PATH=/home/nx-ros2/dong_workspace/f1tenth_ws/install/teleop_tools_msgs/lib:/home/nx-ros2/dong_workspace/f1tenth_ws/install/vesc_driver/lib:/home/nx-ros2/dong_workspace/f1tenth_ws/install/vesc_ackermann/lib:/home/nx-ros2/dong_workspace/f1tenth_ws/install/vesc_msgs/lib:/opt/ros/foxy/opt/yaml_cpp_vendor/lib:/opt/ros/foxy/opt/rviz_ogre_vendor/lib:/opt/ros/foxy/lib/aarch64-linux-gnu:/opt/ros/foxy/lib:/usr/local/cuda-11.4/lib64 PYTHONPATH=/home/nx-ros2/dong_workspace/f1tenth_ws/build/joy_teleop/prefix_override:/home/nx-ros2/dong_workspace/f1tenth_ws/install/joy_teleop/lib/python3.8/site-packages:/home/nx-ros2/dong_workspace/f1tenth_ws/install/teleop_tools_msgs/lib/python3.8/site-packages:/home/nx-ros2/workspace/f1tenth_ws/build/f1tenth_stack:/home/nx-ros2/dong_workspace/f1tenth_ws/install/f1tenth_stack/lib/python3.8/site-packages:/home/nx-ros2/dong_workspace/f1tenth_ws/install/vesc_msgs/lib/python3.8/site-packages:/home/nx-ros2/workspace/f1tenth_ws/build/joy_teleop:/home/nx-ros2/dong_workspace/f1tenth_ws/install/joy_teleop/lib/python3.8/site-packages:/home/nx-ros2/workspace/f1tenth_ws/build/mouse_teleop:/home/nx-ros2/dong_workspace/f1tenth_ws/install/mouse_teleop/lib/python3.8/site-packages:/home/nx-ros2/workspace/f1tenth_ws/build/key_teleop:/home/nx-ros2/dong_workspace/f1tenth_ws/install/key_teleop/lib/python3.8/site-packages:/opt/ros/foxy/lib/python3.8/site-packages /usr/bin/python3 setup.py egg_info --egg-base ../../../../build/joy_teleop build --build-base /home/nx-ros2/dong_workspace/f1tenth_ws/build/joy_teleop/build install --record /home/nx-ros2/dong_workspace/f1tenth_ws/build/joy_teleop/install.log --install-scripts $base/lib/joy_teleop --single-version-externally-managed
[6.041s] running egg_info
[6.045s] creating ../../../../build/joy_teleop/joy_teleop.egg-info
[6.046s] writing ../../../../build/joy_teleop/joy_teleop.egg-info/PKG-INFO
[6.050s] writing dependency_links to ../../../../build/joy_teleop/joy_teleop.egg-info/dependency_links.txt
[6.051s] writing entry points to ../../../../build/joy_teleop/joy_teleop.egg-info/entry_points.txt
[6.051s] writing requirements to ../../../../build/joy_teleop/joy_teleop.egg-info/requires.txt
[6.052s] writing top-level names to ../../../../build/joy_teleop/joy_teleop.egg-info/top_level.txt
[6.058s] writing manifest file '../../../../build/joy_teleop/joy_teleop.egg-info/SOURCES.txt'
[6.251s] reading manifest file '../../../../build/joy_teleop/joy_teleop.egg-info/SOURCES.txt'
[6.260s] writing manifest file '../../../../build/joy_teleop/joy_teleop.egg-info/SOURCES.txt'
[6.260s] running build
[6.261s] running build_py
[6.261s] creating /home/nx-ros2/dong_workspace/f1tenth_ws/build/joy_teleop/build
[6.262s] creating /home/nx-ros2/dong_workspace/f1tenth_ws/build/joy_teleop/build/lib
[6.263s] creating /home/nx-ros2/dong_workspace/f1tenth_ws/build/joy_teleop/build/lib/joy_teleop
[6.263s] copying joy_teleop/joy_teleop.py -> /home/nx-ros2/dong_workspace/f1tenth_ws/build/joy_teleop/build/lib/joy_teleop
[6.267s] copying joy_teleop/__init__.py -> /home/nx-ros2/dong_workspace/f1tenth_ws/build/joy_teleop/build/lib/joy_teleop
[6.268s] copying joy_teleop/incrementer_server.py -> /home/nx-ros2/dong_workspace/f1tenth_ws/build/joy_teleop/build/lib/joy_teleop
[6.271s] running install
[6.276s] running install_lib
[6.304s] creating /home/nx-ros2/dong_workspace/f1tenth_ws/install/joy_teleop/lib/python3.8/site-packages/joy_teleop
[6.305s] copying /home/nx-ros2/dong_workspace/f1tenth_ws/build/joy_teleop/build/lib/joy_teleop/joy_teleop.py -> /home/nx-ros2/dong_workspace/f1tenth_ws/install/joy_teleop/lib/python3.8/site-packages/joy_teleop
[6.306s] copying /home/nx-ros2/dong_workspace/f1tenth_ws/build/joy_teleop/build/lib/joy_teleop/__init__.py -> /home/nx-ros2/dong_workspace/f1tenth_ws/install/joy_teleop/lib/python3.8/site-packages/joy_teleop
[6.306s] copying /home/nx-ros2/dong_workspace/f1tenth_ws/build/joy_teleop/build/lib/joy_teleop/incrementer_server.py -> /home/nx-ros2/dong_workspace/f1tenth_ws/install/joy_teleop/lib/python3.8/site-packages/joy_teleop
[6.307s] byte-compiling /home/nx-ros2/dong_workspace/f1tenth_ws/install/joy_teleop/lib/python3.8/site-packages/joy_teleop/joy_teleop.py to joy_teleop.cpython-38.pyc
[6.311s] byte-compiling /home/nx-ros2/dong_workspace/f1tenth_ws/install/joy_teleop/lib/python3.8/site-packages/joy_teleop/__init__.py to __init__.cpython-38.pyc
[6.312s] byte-compiling /home/nx-ros2/dong_workspace/f1tenth_ws/install/joy_teleop/lib/python3.8/site-packages/joy_teleop/incrementer_server.py to incrementer_server.cpython-38.pyc
[6.315s] running install_data
[6.317s] copying package.xml -> /home/nx-ros2/dong_workspace/f1tenth_ws/install/joy_teleop/share/joy_teleop
[6.318s] creating /home/nx-ros2/dong_workspace/f1tenth_ws/install/joy_teleop/share/joy_teleop/config
[6.319s] copying config/joy_teleop_example.yaml -> /home/nx-ros2/dong_workspace/f1tenth_ws/install/joy_teleop/share/joy_teleop/config
[6.326s] creating /home/nx-ros2/dong_workspace/f1tenth_ws/install/joy_teleop/share/joy_teleop/launch
[6.327s] copying launch/example.launch.py -> /home/nx-ros2/dong_workspace/f1tenth_ws/install/joy_teleop/share/joy_teleop/launch
[6.329s] creating /home/nx-ros2/dong_workspace/f1tenth_ws/install/joy_teleop/share/ament_index
[6.330s] creating /home/nx-ros2/dong_workspace/f1tenth_ws/install/joy_teleop/share/ament_index/resource_index
[6.340s] creating /home/nx-ros2/dong_workspace/f1tenth_ws/install/joy_teleop/share/ament_index/resource_index/packages
[6.340s] copying resource/joy_teleop -> /home/nx-ros2/dong_workspace/f1tenth_ws/install/joy_teleop/share/ament_index/resource_index/packages
[6.342s] running install_egg_info
[6.351s] Copying ../../../../build/joy_teleop/joy_teleop.egg-info to /home/nx-ros2/dong_workspace/f1tenth_ws/install/joy_teleop/lib/python3.8/site-packages/joy_teleop-0.3.0-py3.8.egg-info
[6.359s] running install_scripts
[6.482s] Installing incrementer_server script to /home/nx-ros2/dong_workspace/f1tenth_ws/install/joy_teleop/lib/joy_teleop
[6.482s] Installing joy_teleop script to /home/nx-ros2/dong_workspace/f1tenth_ws/install/joy_teleop/lib/joy_teleop
[6.484s] writing list of installed files to '/home/nx-ros2/dong_workspace/f1tenth_ws/build/joy_teleop/install.log'
[6.624s] Invoked command in '/home/nx-ros2/dong_workspace/f1tenth_ws/src/f1tenth_system/teleop_tools/joy_teleop' returned '0': AMENT_PREFIX_PATH=/home/nx-ros2/dong_workspace/f1tenth_ws/install/teleop_tools_msgs:${AMENT_PREFIX_PATH} CMAKE_PREFIX_PATH=/home/nx-ros2/dong_workspace/f1tenth_ws/install/teleop_tools_msgs:/home/nx-ros2/dong_workspace/f1tenth_ws/install/vesc:/home/nx-ros2/dong_workspace/f1tenth_ws/install/vesc_driver:/home/nx-ros2/dong_workspace/f1tenth_ws/install/vesc_ackermann:/home/nx-ros2/dong_workspace/f1tenth_ws/install/vesc_msgs:/home/nx-ros2/dong_workspace/f1tenth_ws/install/teleop_tools:/home/nx-ros2/dong_workspace/f1tenth_ws/install/ackermann_mux LD_LIBRARY_PATH=/home/nx-ros2/dong_workspace/f1tenth_ws/install/teleop_tools_msgs/lib:/home/nx-ros2/dong_workspace/f1tenth_ws/install/vesc_driver/lib:/home/nx-ros2/dong_workspace/f1tenth_ws/install/vesc_ackermann/lib:/home/nx-ros2/dong_workspace/f1tenth_ws/install/vesc_msgs/lib:/opt/ros/foxy/opt/yaml_cpp_vendor/lib:/opt/ros/foxy/opt/rviz_ogre_vendor/lib:/opt/ros/foxy/lib/aarch64-linux-gnu:/opt/ros/foxy/lib:/usr/local/cuda-11.4/lib64 PYTHONPATH=/home/nx-ros2/dong_workspace/f1tenth_ws/build/joy_teleop/prefix_override:/home/nx-ros2/dong_workspace/f1tenth_ws/install/joy_teleop/lib/python3.8/site-packages:/home/nx-ros2/dong_workspace/f1tenth_ws/install/teleop_tools_msgs/lib/python3.8/site-packages:/home/nx-ros2/workspace/f1tenth_ws/build/f1tenth_stack:/home/nx-ros2/dong_workspace/f1tenth_ws/install/f1tenth_stack/lib/python3.8/site-packages:/home/nx-ros2/dong_workspace/f1tenth_ws/install/vesc_msgs/lib/python3.8/site-packages:/home/nx-ros2/workspace/f1tenth_ws/build/joy_teleop:/home/nx-ros2/dong_workspace/f1tenth_ws/install/joy_teleop/lib/python3.8/site-packages:/home/nx-ros2/workspace/f1tenth_ws/build/mouse_teleop:/home/nx-ros2/dong_workspace/f1tenth_ws/install/mouse_teleop/lib/python3.8/site-packages:/home/nx-ros2/workspace/f1tenth_ws/build/key_teleop:/home/nx-ros2/dong_workspace/f1tenth_ws/install/key_teleop/lib/python3.8/site-packages:/opt/ros/foxy/lib/python3.8/site-packages /usr/bin/python3 setup.py egg_info --egg-base ../../../../build/joy_teleop build --build-base /home/nx-ros2/dong_workspace/f1tenth_ws/build/joy_teleop/build install --record /home/nx-ros2/dong_workspace/f1tenth_ws/build/joy_teleop/install.log --install-scripts $base/lib/joy_teleop --single-version-externally-managed
