/home/nx-ros2/varun_ws/f1tenth_ws/install/f1tenth_stack/lib/python3.8/site-packages/f1tenth_stack/throttle_interpolator.py
/home/nx-ros2/varun_ws/f1tenth_ws/install/f1tenth_stack/lib/python3.8/site-packages/f1tenth_stack/__init__.py
/home/nx-ros2/varun_ws/f1tenth_ws/install/f1tenth_stack/lib/python3.8/site-packages/f1tenth_stack/tf_publisher.py
/home/nx-ros2/varun_ws/f1tenth_ws/install/f1tenth_stack/lib/python3.8/site-packages/f1tenth_stack/auto/pure_pursuit.py
/home/nx-ros2/varun_ws/f1tenth_ws/install/f1tenth_stack/lib/python3.8/site-packages/f1tenth_stack/auto/wall_follow.py
/home/nx-ros2/varun_ws/f1tenth_ws/install/f1tenth_stack/lib/python3.8/site-packages/f1tenth_stack/auto/reset_safe_brake.py
/home/nx-ros2/varun_ws/f1tenth_ws/install/f1tenth_stack/lib/python3.8/site-packages/f1tenth_stack/auto/__init__.py
/home/nx-ros2/varun_ws/f1tenth_ws/install/f1tenth_stack/lib/python3.8/site-packages/f1tenth_stack/auto/follow_the_gap.py
/home/nx-ros2/varun_ws/f1tenth_ws/install/f1tenth_stack/lib/python3.8/site-packages/f1tenth_stack/auto/wall_follow_nosafebrake.py
/home/nx-ros2/varun_ws/f1tenth_ws/install/f1tenth_stack/lib/python3.8/site-packages/f1tenth_stack/__pycache__/throttle_interpolator.cpython-38.pyc
/home/nx-ros2/varun_ws/f1tenth_ws/install/f1tenth_stack/lib/python3.8/site-packages/f1tenth_stack/__pycache__/__init__.cpython-38.pyc
/home/nx-ros2/varun_ws/f1tenth_ws/install/f1tenth_stack/lib/python3.8/site-packages/f1tenth_stack/__pycache__/tf_publisher.cpython-38.pyc
/home/nx-ros2/varun_ws/f1tenth_ws/install/f1tenth_stack/lib/python3.8/site-packages/f1tenth_stack/auto/__pycache__/pure_pursuit.cpython-38.pyc
/home/nx-ros2/varun_ws/f1tenth_ws/install/f1tenth_stack/lib/python3.8/site-packages/f1tenth_stack/auto/__pycache__/wall_follow.cpython-38.pyc
/home/nx-ros2/varun_ws/f1tenth_ws/install/f1tenth_stack/lib/python3.8/site-packages/f1tenth_stack/auto/__pycache__/reset_safe_brake.cpython-38.pyc
/home/nx-ros2/varun_ws/f1tenth_ws/install/f1tenth_stack/lib/python3.8/site-packages/f1tenth_stack/auto/__pycache__/__init__.cpython-38.pyc
/home/nx-ros2/varun_ws/f1tenth_ws/install/f1tenth_stack/lib/python3.8/site-packages/f1tenth_stack/auto/__pycache__/follow_the_gap.cpython-38.pyc
/home/nx-ros2/varun_ws/f1tenth_ws/install/f1tenth_stack/lib/python3.8/site-packages/f1tenth_stack/auto/__pycache__/wall_follow_nosafebrake.cpython-38.pyc
/home/nx-ros2/varun_ws/f1tenth_ws/install/f1tenth_stack/share/ament_index/resource_index/packages/f1tenth_stack
/home/nx-ros2/varun_ws/f1tenth_ws/install/f1tenth_stack/share/f1tenth_stack/package.xml
/home/nx-ros2/varun_ws/f1tenth_ws/install/f1tenth_stack/share/f1tenth_stack/launch/bringup_launch.py
/home/nx-ros2/varun_ws/f1tenth_ws/install/f1tenth_stack/share/f1tenth_stack/config/sensors.yaml
/home/nx-ros2/varun_ws/f1tenth_ws/install/f1tenth_stack/share/f1tenth_stack/config/mux.yaml
/home/nx-ros2/varun_ws/f1tenth_ws/install/f1tenth_stack/share/f1tenth_stack/config/f1tenth_online_async.yaml
/home/nx-ros2/varun_ws/f1tenth_ws/install/f1tenth_stack/share/f1tenth_stack/config/joy_teleop.yaml
/home/nx-ros2/varun_ws/f1tenth_ws/install/f1tenth_stack/share/f1tenth_stack/config/vesc.yaml
/home/nx-ros2/varun_ws/f1tenth_ws/install/f1tenth_stack/lib/python3.8/site-packages/f1tenth_stack-0.0.1-py3.8.egg-info/requires.txt
/home/nx-ros2/varun_ws/f1tenth_ws/install/f1tenth_stack/lib/python3.8/site-packages/f1tenth_stack-0.0.1-py3.8.egg-info/top_level.txt
/home/nx-ros2/varun_ws/f1tenth_ws/install/f1tenth_stack/lib/python3.8/site-packages/f1tenth_stack-0.0.1-py3.8.egg-info/SOURCES.txt
/home/nx-ros2/varun_ws/f1tenth_ws/install/f1tenth_stack/lib/python3.8/site-packages/f1tenth_stack-0.0.1-py3.8.egg-info/entry_points.txt
/home/nx-ros2/varun_ws/f1tenth_ws/install/f1tenth_stack/lib/python3.8/site-packages/f1tenth_stack-0.0.1-py3.8.egg-info/PKG-INFO
/home/nx-ros2/varun_ws/f1tenth_ws/install/f1tenth_stack/lib/python3.8/site-packages/f1tenth_stack-0.0.1-py3.8.egg-info/dependency_links.txt
/home/nx-ros2/varun_ws/f1tenth_ws/install/f1tenth_stack/lib/python3.8/site-packages/f1tenth_stack-0.0.1-py3.8.egg-info/zip-safe
/home/nx-ros2/varun_ws/f1tenth_ws/install/f1tenth_stack/lib/f1tenth_stack/pure_pursuit
/home/nx-ros2/varun_ws/f1tenth_ws/install/f1tenth_stack/lib/f1tenth_stack/reset_safe_brake
/home/nx-ros2/varun_ws/f1tenth_ws/install/f1tenth_stack/lib/f1tenth_stack/tf_publisher
/home/nx-ros2/varun_ws/f1tenth_ws/install/f1tenth_stack/lib/f1tenth_stack/throttle_interpolator
/home/nx-ros2/varun_ws/f1tenth_ws/install/f1tenth_stack/lib/f1tenth_stack/wall_follower
/home/nx-ros2/varun_ws/f1tenth_ws/install/f1tenth_stack/lib/f1tenth_stack/wall_follower_nosafe
