[0.375s] Invoking command in '/home/nx-ros2/dong_workspace/f1tenth_ws/build/teleop_tools_msgs': CMAKE_PREFIX_PATH=${CMAKE_PREFIX_PATH}:/home/nx-ros2/dong_workspace/f1tenth_ws/install/f1tenth_stack:/home/nx-ros2/dong_workspace/f1tenth_ws/install/joy_teleop:/home/nx-ros2/dong_workspace/f1tenth_ws/install/mouse_teleop:/home/nx-ros2/dong_workspace/f1tenth_ws/install/key_teleop:/opt/ros/foxy /usr/bin/cmake /home/nx-ros2/dong_workspace/f1tenth_ws/src/f1tenth_system/teleop_tools/teleop_tools_msgs -DCMAKE_INSTALL_PREFIX=/home/nx-ros2/dong_workspace/f1tenth_ws/install/teleop_tools_msgs
[3.372s] -- The C compiler identification is GNU 9.4.0
[3.372s] -- The CXX compiler identification is GNU 9.4.0
[3.373s] -- Check for working C compiler: /usr/bin/cc
[3.373s] -- Check for working C compiler: /usr/bin/cc -- works
[3.373s] -- Detecting C compiler ABI info
[3.374s] -- Detecting C compiler ABI info - done
[3.374s] -- Detecting C compile features
[3.375s] -- Detecting C compile features - done
[3.375s] -- Check for working CXX compiler: /usr/bin/c++
[3.752s] -- Check for working CXX compiler: /usr/bin/c++ -- works
[3.762s] -- Detecting CXX compiler ABI info
[4.461s] -- Detecting CXX compiler ABI info - done
[4.557s] -- Detecting CXX compile features
[4.562s] -- Detecting CXX compile features - done
[4.589s] -- Found ament_cmake: 0.9.12 (/opt/ros/foxy/share/ament_cmake/cmake)
[4.764s] -- Found PythonInterp: /usr/bin/python3 (found suitable version "3.8.10", minimum required is "3") 
[4.767s] -- Using PYTHON_EXECUTABLE: /usr/bin/python3
[6.125s] -- Found rosidl_default_generators: 1.0.1 (/opt/ros/foxy/share/rosidl_default_generators/cmake)
[6.206s] -- Using all available rosidl_typesupport_c: rosidl_typesupport_fastrtps_c;rosidl_typesupport_introspection_c
[6.279s] -- Found rosidl_adapter: 1.3.1 (/opt/ros/foxy/share/rosidl_adapter/cmake)
[7.200s] -- Found OpenSSL: /usr/lib/aarch64-linux-gnu/libcrypto.so (found version "1.1.1f")  
[7.410s] -- Found FastRTPS: /opt/ros/foxy/include  
[7.998s] -- Using all available rosidl_typesupport_cpp: rosidl_typesupport_fastrtps_cpp;rosidl_typesupport_introspection_cpp
[8.247s] -- Found ament_lint_auto: 0.9.8 (/opt/ros/foxy/share/ament_lint_auto/cmake)
[8.852s] -- Found PythonInterp: /usr/bin/python3 (found version "3.8.10") 
[9.955s] -- Found ament_cmake_ros: 0.9.2 (/opt/ros/foxy/share/ament_cmake_ros/cmake)
[10.854s] -- Using all available rosidl_typesupport_c: rosidl_typesupport_fastrtps_c;rosidl_typesupport_introspection_c
[11.038s] -- Using all available rosidl_typesupport_cpp: rosidl_typesupport_fastrtps_cpp;rosidl_typesupport_introspection_cpp
[11.219s] -- Found PythonInterp: /usr/bin/python3 (found suitable version "3.8.10", minimum required is "3.5") 
[11.232s] -- Found python_cmake_module: 0.8.1 (/opt/ros/foxy/share/python_cmake_module/cmake)
[11.435s] -- Found PythonLibs: /usr/lib/aarch64-linux-gnu/libpython3.8.so (found suitable version "3.8.10", minimum required is "3.5") 
[11.435s] -- Using PYTHON_EXECUTABLE: /usr/bin/python3
[11.436s] -- Using PYTHON_INCLUDE_DIRS: /usr/include/python3.8
[11.437s] -- Using PYTHON_LIBRARIES: /usr/lib/aarch64-linux-gnu/libpython3.8.so
[11.565s] -- Found PythonExtra: .so  
[11.958s] -- Added test 'copyright' to check source files copyright and LICENSE
[11.981s] -- Added test 'lint_cmake' to check CMake code style
[12.006s] -- Added test 'xmllint' to check XML markup files
[12.098s] -- Configuring done
[12.494s] -- Generating done
[12.511s] -- Build files have been written to: /home/nx-ros2/dong_workspace/f1tenth_ws/build/teleop_tools_msgs
[12.565s] Invoked command in '/home/nx-ros2/dong_workspace/f1tenth_ws/build/teleop_tools_msgs' returned '0': CMAKE_PREFIX_PATH=${CMAKE_PREFIX_PATH}:/home/nx-ros2/dong_workspace/f1tenth_ws/install/f1tenth_stack:/home/nx-ros2/dong_workspace/f1tenth_ws/install/joy_teleop:/home/nx-ros2/dong_workspace/f1tenth_ws/install/mouse_teleop:/home/nx-ros2/dong_workspace/f1tenth_ws/install/key_teleop:/opt/ros/foxy /usr/bin/cmake /home/nx-ros2/dong_workspace/f1tenth_ws/src/f1tenth_system/teleop_tools/teleop_tools_msgs -DCMAKE_INSTALL_PREFIX=/home/nx-ros2/dong_workspace/f1tenth_ws/install/teleop_tools_msgs
[12.574s] Invoking command in '/home/nx-ros2/dong_workspace/f1tenth_ws/build/teleop_tools_msgs': CMAKE_PREFIX_PATH=${CMAKE_PREFIX_PATH}:/home/nx-ros2/dong_workspace/f1tenth_ws/install/f1tenth_stack:/home/nx-ros2/dong_workspace/f1tenth_ws/install/joy_teleop:/home/nx-ros2/dong_workspace/f1tenth_ws/install/mouse_teleop:/home/nx-ros2/dong_workspace/f1tenth_ws/install/key_teleop:/opt/ros/foxy /usr/bin/cmake --build /home/nx-ros2/dong_workspace/f1tenth_ws/build/teleop_tools_msgs -- -j6 -l6
[12.837s] [35m[1mScanning dependencies of target teleop_tools_msgs__cpp[0m
[12.850s] [  3%] [34m[1mGenerating C code for ROS interfaces[0m
[12.912s] [  6%] [34m[1mGenerating C++ code for ROS interfaces[0m
[15.387s] [  6%] Built target teleop_tools_msgs__cpp
[15.550s] [  9%] [34m[1mGenerating C++ type support dispatch for ROS interfaces[0m
[15.585s] [ 12%] [34m[1mGenerating C++ introspection for ROS interfaces[0m
[15.636s] [ 16%] [34m[1mGenerating C++ type support for eProsima Fast-RTPS[0m
[15.732s] [35m[1mScanning dependencies of target teleop_tools_msgs__rosidl_generator_c[0m
[15.972s] [ 19%] [32mBuilding C object CMakeFiles/teleop_tools_msgs__rosidl_generator_c.dir/rosidl_generator_c/teleop_tools_msgs/action/detail/increment__functions.c.o[0m
[17.265s] [ 22%] [32m[1mLinking C shared library libteleop_tools_msgs__rosidl_generator_c.so[0m
[17.831s] [ 22%] Built target teleop_tools_msgs__rosidl_generator_c
[17.972s] [ 25%] [34m[1mGenerating C type support dispatch for ROS interfaces[0m
[18.009s] [ 29%] [34m[1mGenerating C introspection for ROS interfaces[0m
[18.268s] [35m[1mScanning dependencies of target teleop_tools_msgs__rosidl_typesupport_introspection_cpp[0m
[18.512s] [ 32%] [32mBuilding CXX object CMakeFiles/teleop_tools_msgs__rosidl_typesupport_introspection_cpp.dir/rosidl_typesupport_introspection_cpp/teleop_tools_msgs/action/detail/increment__type_support.cpp.o[0m
[18.655s] [35m[1mScanning dependencies of target teleop_tools_msgs__rosidl_typesupport_cpp[0m
[18.851s] [35m[1mScanning dependencies of target teleop_tools_msgs__rosidl_typesupport_fastrtps_cpp[0m
[18.898s] [ 35%] [32mBuilding CXX object CMakeFiles/teleop_tools_msgs__rosidl_typesupport_cpp.dir/rosidl_typesupport_cpp/teleop_tools_msgs/action/increment__type_support.cpp.o[0m
[19.299s] [ 38%] [32mBuilding CXX object CMakeFiles/teleop_tools_msgs__rosidl_typesupport_fastrtps_cpp.dir/rosidl_typesupport_fastrtps_cpp/teleop_tools_msgs/action/detail/dds_fastrtps/increment__type_support.cpp.o[0m
[20.604s] [35m[1mScanning dependencies of target teleop_tools_msgs__rosidl_typesupport_introspection_c[0m
[20.901s] [ 41%] [32mBuilding C object CMakeFiles/teleop_tools_msgs__rosidl_typesupport_introspection_c.dir/rosidl_typesupport_introspection_c/teleop_tools_msgs/action/detail/increment__type_support.c.o[0m
[21.637s] [35m[1mScanning dependencies of target teleop_tools_msgs__rosidl_typesupport_c[0m
[21.683s] [ 45%] [32m[1mLinking C shared library libteleop_tools_msgs__rosidl_typesupport_introspection_c.so[0m
[21.961s] [ 48%] [32mBuilding CXX object CMakeFiles/teleop_tools_msgs__rosidl_typesupport_c.dir/rosidl_typesupport_c/teleop_tools_msgs/action/increment__type_support.cpp.o[0m
[22.052s] [ 48%] Built target teleop_tools_msgs__rosidl_typesupport_introspection_c
[22.650s] [ 51%] [32m[1mLinking CXX shared library libteleop_tools_msgs__rosidl_typesupport_c.so[0m
[23.323s] [ 51%] Built target teleop_tools_msgs__rosidl_typesupport_c
[23.777s] [ 54%] [32m[1mLinking CXX shared library libteleop_tools_msgs__rosidl_typesupport_cpp.so[0m
[24.150s] [ 58%] [32m[1mLinking CXX shared library libteleop_tools_msgs__rosidl_typesupport_introspection_cpp.so[0m
[24.233s] [ 58%] Built target teleop_tools_msgs__rosidl_typesupport_cpp
[25.036s] [ 58%] Built target teleop_tools_msgs__rosidl_typesupport_introspection_cpp
[26.394s] [ 61%] [32m[1mLinking CXX shared library libteleop_tools_msgs__rosidl_typesupport_fastrtps_cpp.so[0m
[27.325s] [ 61%] Built target teleop_tools_msgs__rosidl_typesupport_fastrtps_cpp
[27.500s] [ 64%] [34m[1mGenerating C type support for eProsima Fast-RTPS[0m
[30.988s] [35m[1mScanning dependencies of target teleop_tools_msgs__rosidl_typesupport_fastrtps_c[0m
[31.352s] [ 67%] [32mBuilding CXX object CMakeFiles/teleop_tools_msgs__rosidl_typesupport_fastrtps_c.dir/rosidl_typesupport_fastrtps_c/teleop_tools_msgs/action/detail/increment__type_support_c.cpp.o[0m
[37.245s] [ 70%] [32m[1mLinking CXX shared library libteleop_tools_msgs__rosidl_typesupport_fastrtps_c.so[0m
[38.277s] [ 70%] Built target teleop_tools_msgs__rosidl_typesupport_fastrtps_c
[38.402s] [35m[1mScanning dependencies of target teleop_tools_msgs[0m
[38.593s] [ 70%] Built target teleop_tools_msgs
[38.788s] [35m[1mScanning dependencies of target teleop_tools_msgs__py[0m
[38.889s] [ 74%] [34m[1mGenerating Python code for ROS interfaces[0m
[44.168s] [ 74%] Built target teleop_tools_msgs__py
[44.242s] [35m[1mScanning dependencies of target teleop_tools_msgs__python[0m
[44.531s] [ 77%] [32mBuilding C object CMakeFiles/teleop_tools_msgs__python.dir/rosidl_generator_py/teleop_tools_msgs/action/_increment_s.c.o[0m
[45.879s] [ 80%] [32m[1mLinking C shared library rosidl_generator_py/teleop_tools_msgs/libteleop_tools_msgs__python.so[0m
[46.205s] [ 80%] Built target teleop_tools_msgs__python
[46.311s] [35m[1mScanning dependencies of target teleop_tools_msgs__rosidl_typesupport_introspection_c__pyext[0m
[46.311s] [35m[1mScanning dependencies of target teleop_tools_msgs__rosidl_typesupport_c__pyext[0m
[46.314s] [35m[1mScanning dependencies of target teleop_tools_msgs__rosidl_typesupport_fastrtps_c__pyext[0m
[46.512s] [ 83%] [32mBuilding C object CMakeFiles/teleop_tools_msgs__rosidl_typesupport_c__pyext.dir/rosidl_generator_py/teleop_tools_msgs/_teleop_tools_msgs_s.ep.rosidl_typesupport_c.c.o[0m
[46.523s] [ 87%] [32mBuilding C object CMakeFiles/teleop_tools_msgs__rosidl_typesupport_introspection_c__pyext.dir/rosidl_generator_py/teleop_tools_msgs/_teleop_tools_msgs_s.ep.rosidl_typesupport_introspection_c.c.o[0m
[46.528s] [ 90%] [32mBuilding C object CMakeFiles/teleop_tools_msgs__rosidl_typesupport_fastrtps_c__pyext.dir/rosidl_generator_py/teleop_tools_msgs/_teleop_tools_msgs_s.ep.rosidl_typesupport_fastrtps_c.c.o[0m
[47.461s] [ 93%] [32m[1mLinking C shared library rosidl_generator_py/teleop_tools_msgs/teleop_tools_msgs_s__rosidl_typesupport_c.cpython-38-aarch64-linux-gnu.so[0m
[47.614s] [ 96%] [32m[1mLinking C shared library rosidl_generator_py/teleop_tools_msgs/teleop_tools_msgs_s__rosidl_typesupport_introspection_c.cpython-38-aarch64-linux-gnu.so[0m
[47.670s] [100%] [32m[1mLinking CXX shared library rosidl_generator_py/teleop_tools_msgs/teleop_tools_msgs_s__rosidl_typesupport_fastrtps_c.cpython-38-aarch64-linux-gnu.so[0m
[47.847s] [100%] Built target teleop_tools_msgs__rosidl_typesupport_c__pyext
[47.963s] [100%] Built target teleop_tools_msgs__rosidl_typesupport_introspection_c__pyext
[48.178s] [100%] Built target teleop_tools_msgs__rosidl_typesupport_fastrtps_c__pyext
[48.255s] Invoked command in '/home/nx-ros2/dong_workspace/f1tenth_ws/build/teleop_tools_msgs' returned '0': CMAKE_PREFIX_PATH=${CMAKE_PREFIX_PATH}:/home/nx-ros2/dong_workspace/f1tenth_ws/install/f1tenth_stack:/home/nx-ros2/dong_workspace/f1tenth_ws/install/joy_teleop:/home/nx-ros2/dong_workspace/f1tenth_ws/install/mouse_teleop:/home/nx-ros2/dong_workspace/f1tenth_ws/install/key_teleop:/opt/ros/foxy /usr/bin/cmake --build /home/nx-ros2/dong_workspace/f1tenth_ws/build/teleop_tools_msgs -- -j6 -l6
[48.764s] Invoking command in '/home/nx-ros2/dong_workspace/f1tenth_ws/build/teleop_tools_msgs': CMAKE_PREFIX_PATH=${CMAKE_PREFIX_PATH}:/home/nx-ros2/dong_workspace/f1tenth_ws/install/f1tenth_stack:/home/nx-ros2/dong_workspace/f1tenth_ws/install/joy_teleop:/home/nx-ros2/dong_workspace/f1tenth_ws/install/mouse_teleop:/home/nx-ros2/dong_workspace/f1tenth_ws/install/key_teleop:/opt/ros/foxy /usr/bin/cmake --install /home/nx-ros2/dong_workspace/f1tenth_ws/build/teleop_tools_msgs
[48.822s] -- Install configuration: ""
[48.833s] -- Installing: /home/nx-ros2/dong_workspace/f1tenth_ws/install/teleop_tools_msgs/share/ament_index/resource_index/rosidl_interfaces/teleop_tools_msgs
[48.836s] -- Installing: /home/nx-ros2/dong_workspace/f1tenth_ws/install/teleop_tools_msgs/include/teleop_tools_msgs
[48.838s] -- Installing: /home/nx-ros2/dong_workspace/f1tenth_ws/install/teleop_tools_msgs/include/teleop_tools_msgs/msg
[48.841s] -- Installing: /home/nx-ros2/dong_workspace/f1tenth_ws/install/teleop_tools_msgs/include/teleop_tools_msgs/msg/rosidl_generator_c__visibility_control.h
[48.844s] -- Installing: /home/nx-ros2/dong_workspace/f1tenth_ws/install/teleop_tools_msgs/include/teleop_tools_msgs/action
[48.847s] -- Installing: /home/nx-ros2/dong_workspace/f1tenth_ws/install/teleop_tools_msgs/include/teleop_tools_msgs/action/detail
[48.847s] -- Installing: /home/nx-ros2/dong_workspace/f1tenth_ws/install/teleop_tools_msgs/include/teleop_tools_msgs/action/detail/increment__struct.h
[48.848s] -- Installing: /home/nx-ros2/dong_workspace/f1tenth_ws/install/teleop_tools_msgs/include/teleop_tools_msgs/action/detail/increment__functions.h
[48.849s] -- Installing: /home/nx-ros2/dong_workspace/f1tenth_ws/install/teleop_tools_msgs/include/teleop_tools_msgs/action/detail/increment__type_support.h
[48.850s] -- Installing: /home/nx-ros2/dong_workspace/f1tenth_ws/install/teleop_tools_msgs/include/teleop_tools_msgs/action/detail/increment__functions.c
[48.852s] -- Installing: /home/nx-ros2/dong_workspace/f1tenth_ws/install/teleop_tools_msgs/include/teleop_tools_msgs/action/increment.h
[48.852s] -- Installing: /home/nx-ros2/dong_workspace/f1tenth_ws/install/teleop_tools_msgs/share/teleop_tools_msgs/environment/library_path.sh
[48.853s] -- Installing: /home/nx-ros2/dong_workspace/f1tenth_ws/install/teleop_tools_msgs/share/teleop_tools_msgs/environment/library_path.dsv
[48.854s] -- Installing: /home/nx-ros2/dong_workspace/f1tenth_ws/install/teleop_tools_msgs/lib/libteleop_tools_msgs__rosidl_generator_c.so
[48.854s] -- Set runtime path of "/home/nx-ros2/dong_workspace/f1tenth_ws/install/teleop_tools_msgs/lib/libteleop_tools_msgs__rosidl_generator_c.so" to ""
[48.858s] -- Up-to-date: /home/nx-ros2/dong_workspace/f1tenth_ws/install/teleop_tools_msgs/include/teleop_tools_msgs
[48.859s] -- Up-to-date: /home/nx-ros2/dong_workspace/f1tenth_ws/install/teleop_tools_msgs/include/teleop_tools_msgs/msg
[48.860s] -- Installing: /home/nx-ros2/dong_workspace/f1tenth_ws/install/teleop_tools_msgs/include/teleop_tools_msgs/msg/rosidl_typesupport_fastrtps_c__visibility_control.h
[48.861s] -- Up-to-date: /home/nx-ros2/dong_workspace/f1tenth_ws/install/teleop_tools_msgs/include/teleop_tools_msgs/action
[48.862s] -- Up-to-date: /home/nx-ros2/dong_workspace/f1tenth_ws/install/teleop_tools_msgs/include/teleop_tools_msgs/action/detail
[48.863s] -- Installing: /home/nx-ros2/dong_workspace/f1tenth_ws/install/teleop_tools_msgs/include/teleop_tools_msgs/action/detail/increment__rosidl_typesupport_fastrtps_c.h
[48.864s] -- Installing: /home/nx-ros2/dong_workspace/f1tenth_ws/install/teleop_tools_msgs/lib/libteleop_tools_msgs__rosidl_typesupport_fastrtps_c.so
[48.864s] -- Set runtime path of "/home/nx-ros2/dong_workspace/f1tenth_ws/install/teleop_tools_msgs/lib/libteleop_tools_msgs__rosidl_typesupport_fastrtps_c.so" to ""
[48.865s] -- Up-to-date: /home/nx-ros2/dong_workspace/f1tenth_ws/install/teleop_tools_msgs/include/teleop_tools_msgs
[48.866s] -- Up-to-date: /home/nx-ros2/dong_workspace/f1tenth_ws/install/teleop_tools_msgs/include/teleop_tools_msgs/msg
[48.866s] -- Installing: /home/nx-ros2/dong_workspace/f1tenth_ws/install/teleop_tools_msgs/include/teleop_tools_msgs/msg/rosidl_typesupport_fastrtps_cpp__visibility_control.h
[48.872s] -- Up-to-date: /home/nx-ros2/dong_workspace/f1tenth_ws/install/teleop_tools_msgs/include/teleop_tools_msgs/action
[48.872s] -- Up-to-date: /home/nx-ros2/dong_workspace/f1tenth_ws/install/teleop_tools_msgs/include/teleop_tools_msgs/action/detail
[48.873s] -- Installing: /home/nx-ros2/dong_workspace/f1tenth_ws/install/teleop_tools_msgs/include/teleop_tools_msgs/action/detail/dds_fastrtps
[48.874s] -- Installing: /home/nx-ros2/dong_workspace/f1tenth_ws/install/teleop_tools_msgs/include/teleop_tools_msgs/action/detail/increment__rosidl_typesupport_fastrtps_cpp.hpp
[48.875s] -- Installing: /home/nx-ros2/dong_workspace/f1tenth_ws/install/teleop_tools_msgs/lib/libteleop_tools_msgs__rosidl_typesupport_fastrtps_cpp.so
[48.875s] -- Set runtime path of "/home/nx-ros2/dong_workspace/f1tenth_ws/install/teleop_tools_msgs/lib/libteleop_tools_msgs__rosidl_typesupport_fastrtps_cpp.so" to ""
[48.875s] -- Up-to-date: /home/nx-ros2/dong_workspace/f1tenth_ws/install/teleop_tools_msgs/include/teleop_tools_msgs
[48.876s] -- Up-to-date: /home/nx-ros2/dong_workspace/f1tenth_ws/install/teleop_tools_msgs/include/teleop_tools_msgs/msg
[48.877s] -- Installing: /home/nx-ros2/dong_workspace/f1tenth_ws/install/teleop_tools_msgs/include/teleop_tools_msgs/msg/rosidl_typesupport_introspection_c__visibility_control.h
[48.877s] -- Up-to-date: /home/nx-ros2/dong_workspace/f1tenth_ws/install/teleop_tools_msgs/include/teleop_tools_msgs/action
[48.877s] -- Up-to-date: /home/nx-ros2/dong_workspace/f1tenth_ws/install/teleop_tools_msgs/include/teleop_tools_msgs/action/detail
[48.878s] -- Installing: /home/nx-ros2/dong_workspace/f1tenth_ws/install/teleop_tools_msgs/include/teleop_tools_msgs/action/detail/increment__rosidl_typesupport_introspection_c.h
[48.878s] -- Installing: /home/nx-ros2/dong_workspace/f1tenth_ws/install/teleop_tools_msgs/include/teleop_tools_msgs/action/detail/increment__type_support.c
[48.879s] -- Installing: /home/nx-ros2/dong_workspace/f1tenth_ws/install/teleop_tools_msgs/lib/libteleop_tools_msgs__rosidl_typesupport_introspection_c.so
[48.879s] -- Set runtime path of "/home/nx-ros2/dong_workspace/f1tenth_ws/install/teleop_tools_msgs/lib/libteleop_tools_msgs__rosidl_typesupport_introspection_c.so" to ""
[48.880s] -- Installing: /home/nx-ros2/dong_workspace/f1tenth_ws/install/teleop_tools_msgs/lib/libteleop_tools_msgs__rosidl_typesupport_c.so
[48.881s] -- Set runtime path of "/home/nx-ros2/dong_workspace/f1tenth_ws/install/teleop_tools_msgs/lib/libteleop_tools_msgs__rosidl_typesupport_c.so" to ""
[48.882s] -- Up-to-date: /home/nx-ros2/dong_workspace/f1tenth_ws/install/teleop_tools_msgs/include/teleop_tools_msgs
[48.883s] -- Up-to-date: /home/nx-ros2/dong_workspace/f1tenth_ws/install/teleop_tools_msgs/include/teleop_tools_msgs/msg
[48.883s] -- Installing: /home/nx-ros2/dong_workspace/f1tenth_ws/install/teleop_tools_msgs/include/teleop_tools_msgs/msg/rosidl_generator_cpp__visibility_control.hpp
[48.884s] -- Up-to-date: /home/nx-ros2/dong_workspace/f1tenth_ws/install/teleop_tools_msgs/include/teleop_tools_msgs/action
[48.884s] -- Up-to-date: /home/nx-ros2/dong_workspace/f1tenth_ws/install/teleop_tools_msgs/include/teleop_tools_msgs/action/detail
[48.885s] -- Installing: /home/nx-ros2/dong_workspace/f1tenth_ws/install/teleop_tools_msgs/include/teleop_tools_msgs/action/detail/increment__struct.hpp
[48.885s] -- Installing: /home/nx-ros2/dong_workspace/f1tenth_ws/install/teleop_tools_msgs/include/teleop_tools_msgs/action/detail/increment__type_support.hpp
[48.886s] -- Installing: /home/nx-ros2/dong_workspace/f1tenth_ws/install/teleop_tools_msgs/include/teleop_tools_msgs/action/detail/increment__traits.hpp
[48.887s] -- Installing: /home/nx-ros2/dong_workspace/f1tenth_ws/install/teleop_tools_msgs/include/teleop_tools_msgs/action/detail/increment__builder.hpp
[48.888s] -- Installing: /home/nx-ros2/dong_workspace/f1tenth_ws/install/teleop_tools_msgs/include/teleop_tools_msgs/action/increment.hpp
[48.888s] -- Up-to-date: /home/nx-ros2/dong_workspace/f1tenth_ws/install/teleop_tools_msgs/include/teleop_tools_msgs
[48.889s] -- Up-to-date: /home/nx-ros2/dong_workspace/f1tenth_ws/install/teleop_tools_msgs/include/teleop_tools_msgs/action
[48.891s] -- Up-to-date: /home/nx-ros2/dong_workspace/f1tenth_ws/install/teleop_tools_msgs/include/teleop_tools_msgs/action/detail
[48.891s] -- Installing: /home/nx-ros2/dong_workspace/f1tenth_ws/install/teleop_tools_msgs/include/teleop_tools_msgs/action/detail/increment__rosidl_typesupport_introspection_cpp.hpp
[48.892s] -- Installing: /home/nx-ros2/dong_workspace/f1tenth_ws/install/teleop_tools_msgs/include/teleop_tools_msgs/action/detail/increment__type_support.cpp
[48.892s] -- Installing: /home/nx-ros2/dong_workspace/f1tenth_ws/install/teleop_tools_msgs/lib/libteleop_tools_msgs__rosidl_typesupport_introspection_cpp.so
[48.893s] -- Set runtime path of "/home/nx-ros2/dong_workspace/f1tenth_ws/install/teleop_tools_msgs/lib/libteleop_tools_msgs__rosidl_typesupport_introspection_cpp.so" to ""
[48.894s] -- Installing: /home/nx-ros2/dong_workspace/f1tenth_ws/install/teleop_tools_msgs/lib/libteleop_tools_msgs__rosidl_typesupport_cpp.so
[48.897s] -- Set runtime path of "/home/nx-ros2/dong_workspace/f1tenth_ws/install/teleop_tools_msgs/lib/libteleop_tools_msgs__rosidl_typesupport_cpp.so" to ""
[48.898s] -- Installing: /home/nx-ros2/dong_workspace/f1tenth_ws/install/teleop_tools_msgs/share/teleop_tools_msgs/environment/pythonpath.sh
[48.899s] -- Installing: /home/nx-ros2/dong_workspace/f1tenth_ws/install/teleop_tools_msgs/share/teleop_tools_msgs/environment/pythonpath.dsv
[48.900s] -- Installing: /home/nx-ros2/dong_workspace/f1tenth_ws/install/teleop_tools_msgs/lib/python3.8/site-packages/teleop_tools_msgs/__init__.py
[49.166s] Compiling '/home/nx-ros2/dong_workspace/f1tenth_ws/install/teleop_tools_msgs/lib/python3.8/site-packages/teleop_tools_msgs/__init__.py'...
[49.199s] -- Installing: /home/nx-ros2/dong_workspace/f1tenth_ws/install/teleop_tools_msgs/lib/python3.8/site-packages/teleop_tools_msgs/action
[49.200s] -- Installing: /home/nx-ros2/dong_workspace/f1tenth_ws/install/teleop_tools_msgs/lib/python3.8/site-packages/teleop_tools_msgs/action/__init__.py
[49.201s] -- Installing: /home/nx-ros2/dong_workspace/f1tenth_ws/install/teleop_tools_msgs/lib/python3.8/site-packages/teleop_tools_msgs/action/_increment.py
[49.202s] -- Installing: /home/nx-ros2/dong_workspace/f1tenth_ws/install/teleop_tools_msgs/lib/python3.8/site-packages/teleop_tools_msgs/action/_increment_s.c
[49.203s] -- Installing: /home/nx-ros2/dong_workspace/f1tenth_ws/install/teleop_tools_msgs/lib/python3.8/site-packages/teleop_tools_msgs/teleop_tools_msgs_s__rosidl_typesupport_fastrtps_c.cpython-38-aarch64-linux-gnu.so
[49.207s] -- Set runtime path of "/home/nx-ros2/dong_workspace/f1tenth_ws/install/teleop_tools_msgs/lib/python3.8/site-packages/teleop_tools_msgs/teleop_tools_msgs_s__rosidl_typesupport_fastrtps_c.cpython-38-aarch64-linux-gnu.so" to ""
[49.208s] -- Installing: /home/nx-ros2/dong_workspace/f1tenth_ws/install/teleop_tools_msgs/lib/python3.8/site-packages/teleop_tools_msgs/teleop_tools_msgs_s__rosidl_typesupport_introspection_c.cpython-38-aarch64-linux-gnu.so
[49.212s] -- Set runtime path of "/home/nx-ros2/dong_workspace/f1tenth_ws/install/teleop_tools_msgs/lib/python3.8/site-packages/teleop_tools_msgs/teleop_tools_msgs_s__rosidl_typesupport_introspection_c.cpython-38-aarch64-linux-gnu.so" to ""
[49.214s] -- Installing: /home/nx-ros2/dong_workspace/f1tenth_ws/install/teleop_tools_msgs/lib/python3.8/site-packages/teleop_tools_msgs/teleop_tools_msgs_s__rosidl_typesupport_c.cpython-38-aarch64-linux-gnu.so
[49.219s] -- Set runtime path of "/home/nx-ros2/dong_workspace/f1tenth_ws/install/teleop_tools_msgs/lib/python3.8/site-packages/teleop_tools_msgs/teleop_tools_msgs_s__rosidl_typesupport_c.cpython-38-aarch64-linux-gnu.so" to ""
[49.220s] -- Installing: /home/nx-ros2/dong_workspace/f1tenth_ws/install/teleop_tools_msgs/lib/libteleop_tools_msgs__python.so
[49.248s] -- Set runtime path of "/home/nx-ros2/dong_workspace/f1tenth_ws/install/teleop_tools_msgs/lib/libteleop_tools_msgs__python.so" to ""
[49.252s] -- Installing: /home/nx-ros2/dong_workspace/f1tenth_ws/install/teleop_tools_msgs/share/teleop_tools_msgs/action/Increment.idl
[49.253s] -- Installing: /home/nx-ros2/dong_workspace/f1tenth_ws/install/teleop_tools_msgs/share/teleop_tools_msgs/action/Increment.action
[49.257s] -- Installing: /home/nx-ros2/dong_workspace/f1tenth_ws/install/teleop_tools_msgs/share/ament_index/resource_index/package_run_dependencies/teleop_tools_msgs
[49.257s] -- Installing: /home/nx-ros2/dong_workspace/f1tenth_ws/install/teleop_tools_msgs/share/ament_index/resource_index/parent_prefix_path/teleop_tools_msgs
[49.259s] -- Installing: /home/nx-ros2/dong_workspace/f1tenth_ws/install/teleop_tools_msgs/share/teleop_tools_msgs/environment/ament_prefix_path.sh
[49.260s] -- Installing: /home/nx-ros2/dong_workspace/f1tenth_ws/install/teleop_tools_msgs/share/teleop_tools_msgs/environment/ament_prefix_path.dsv
[49.260s] -- Installing: /home/nx-ros2/dong_workspace/f1tenth_ws/install/teleop_tools_msgs/share/teleop_tools_msgs/environment/path.sh
[49.261s] -- Installing: /home/nx-ros2/dong_workspace/f1tenth_ws/install/teleop_tools_msgs/share/teleop_tools_msgs/environment/path.dsv
[49.262s] -- Installing: /home/nx-ros2/dong_workspace/f1tenth_ws/install/teleop_tools_msgs/share/teleop_tools_msgs/local_setup.bash
[49.263s] -- Installing: /home/nx-ros2/dong_workspace/f1tenth_ws/install/teleop_tools_msgs/share/teleop_tools_msgs/local_setup.sh
[49.264s] -- Installing: /home/nx-ros2/dong_workspace/f1tenth_ws/install/teleop_tools_msgs/share/teleop_tools_msgs/local_setup.zsh
[49.265s] -- Installing: /home/nx-ros2/dong_workspace/f1tenth_ws/install/teleop_tools_msgs/share/teleop_tools_msgs/local_setup.dsv
[49.266s] -- Installing: /home/nx-ros2/dong_workspace/f1tenth_ws/install/teleop_tools_msgs/share/teleop_tools_msgs/package.dsv
[49.269s] -- Installing: /home/nx-ros2/dong_workspace/f1tenth_ws/install/teleop_tools_msgs/share/ament_index/resource_index/packages/teleop_tools_msgs
[49.270s] -- Installing: /home/nx-ros2/dong_workspace/f1tenth_ws/install/teleop_tools_msgs/share/teleop_tools_msgs/cmake/teleop_tools_msgs__rosidl_generator_cExport.cmake
[49.272s] -- Installing: /home/nx-ros2/dong_workspace/f1tenth_ws/install/teleop_tools_msgs/share/teleop_tools_msgs/cmake/teleop_tools_msgs__rosidl_generator_cExport-noconfig.cmake
[49.273s] -- Installing: /home/nx-ros2/dong_workspace/f1tenth_ws/install/teleop_tools_msgs/share/teleop_tools_msgs/cmake/teleop_tools_msgs__rosidl_typesupport_introspection_cExport.cmake
[49.277s] -- Installing: /home/nx-ros2/dong_workspace/f1tenth_ws/install/teleop_tools_msgs/share/teleop_tools_msgs/cmake/teleop_tools_msgs__rosidl_typesupport_introspection_cExport-noconfig.cmake
[49.278s] -- Installing: /home/nx-ros2/dong_workspace/f1tenth_ws/install/teleop_tools_msgs/share/teleop_tools_msgs/cmake/teleop_tools_msgs__rosidl_typesupport_cExport.cmake
[49.281s] -- Installing: /home/nx-ros2/dong_workspace/f1tenth_ws/install/teleop_tools_msgs/share/teleop_tools_msgs/cmake/teleop_tools_msgs__rosidl_typesupport_cExport-noconfig.cmake
[49.282s] -- Installing: /home/nx-ros2/dong_workspace/f1tenth_ws/install/teleop_tools_msgs/share/teleop_tools_msgs/cmake/teleop_tools_msgs__rosidl_generator_cppExport.cmake
[49.289s] -- Installing: /home/nx-ros2/dong_workspace/f1tenth_ws/install/teleop_tools_msgs/share/teleop_tools_msgs/cmake/teleop_tools_msgs__rosidl_typesupport_introspection_cppExport.cmake
[49.290s] -- Installing: /home/nx-ros2/dong_workspace/f1tenth_ws/install/teleop_tools_msgs/share/teleop_tools_msgs/cmake/teleop_tools_msgs__rosidl_typesupport_introspection_cppExport-noconfig.cmake
[49.293s] -- Installing: /home/nx-ros2/dong_workspace/f1tenth_ws/install/teleop_tools_msgs/share/teleop_tools_msgs/cmake/teleop_tools_msgs__rosidl_typesupport_cppExport.cmake
[49.294s] -- Installing: /home/nx-ros2/dong_workspace/f1tenth_ws/install/teleop_tools_msgs/share/teleop_tools_msgs/cmake/teleop_tools_msgs__rosidl_typesupport_cppExport-noconfig.cmake
[49.298s] -- Installing: /home/nx-ros2/dong_workspace/f1tenth_ws/install/teleop_tools_msgs/share/teleop_tools_msgs/cmake/rosidl_cmake-extras.cmake
[49.300s] -- Installing: /home/nx-ros2/dong_workspace/f1tenth_ws/install/teleop_tools_msgs/share/teleop_tools_msgs/cmake/ament_cmake_export_dependencies-extras.cmake
[49.300s] -- Installing: /home/nx-ros2/dong_workspace/f1tenth_ws/install/teleop_tools_msgs/share/teleop_tools_msgs/cmake/ament_cmake_export_libraries-extras.cmake
[49.301s] -- Installing: /home/nx-ros2/dong_workspace/f1tenth_ws/install/teleop_tools_msgs/share/teleop_tools_msgs/cmake/ament_cmake_export_targets-extras.cmake
[49.301s] -- Installing: /home/nx-ros2/dong_workspace/f1tenth_ws/install/teleop_tools_msgs/share/teleop_tools_msgs/cmake/ament_cmake_export_include_directories-extras.cmake
[49.302s] -- Installing: /home/nx-ros2/dong_workspace/f1tenth_ws/install/teleop_tools_msgs/share/teleop_tools_msgs/cmake/rosidl_cmake_export_typesupport_libraries-extras.cmake
[49.302s] -- Installing: /home/nx-ros2/dong_workspace/f1tenth_ws/install/teleop_tools_msgs/share/teleop_tools_msgs/cmake/rosidl_cmake_export_typesupport_targets-extras.cmake
[49.303s] -- Installing: /home/nx-ros2/dong_workspace/f1tenth_ws/install/teleop_tools_msgs/share/teleop_tools_msgs/cmake/teleop_tools_msgsConfig.cmake
[49.303s] -- Installing: /home/nx-ros2/dong_workspace/f1tenth_ws/install/teleop_tools_msgs/share/teleop_tools_msgs/cmake/teleop_tools_msgsConfig-version.cmake
[49.307s] -- Installing: /home/nx-ros2/dong_workspace/f1tenth_ws/install/teleop_tools_msgs/share/teleop_tools_msgs/package.xml
[49.329s] Invoked command in '/home/nx-ros2/dong_workspace/f1tenth_ws/build/teleop_tools_msgs' returned '0': CMAKE_PREFIX_PATH=${CMAKE_PREFIX_PATH}:/home/nx-ros2/dong_workspace/f1tenth_ws/install/f1tenth_stack:/home/nx-ros2/dong_workspace/f1tenth_ws/install/joy_teleop:/home/nx-ros2/dong_workspace/f1tenth_ws/install/mouse_teleop:/home/nx-ros2/dong_workspace/f1tenth_ws/install/key_teleop:/opt/ros/foxy /usr/bin/cmake --install /home/nx-ros2/dong_workspace/f1tenth_ws/build/teleop_tools_msgs
