[0.328s] Invoking command in '/home/nx-ros2/dong_workspace/f1tenth_ws/build/ackermann_mux': CMAKE_PREFIX_PATH=${CMAKE_PREFIX_PATH}:/home/nx-ros2/dong_workspace/f1tenth_ws/install/f1tenth_stack:/home/nx-ros2/dong_workspace/f1tenth_ws/install/joy_teleop:/home/nx-ros2/dong_workspace/f1tenth_ws/install/mouse_teleop:/home/nx-ros2/dong_workspace/f1tenth_ws/install/key_teleop:/opt/ros/foxy /usr/bin/cmake /home/nx-ros2/dong_workspace/f1tenth_ws/src/f1tenth_system/ackermann_mux -DCMAKE_INSTALL_PREFIX=/home/nx-ros2/dong_workspace/f1tenth_ws/install/ackermann_mux
[3.313s] -- The C compiler identification is GNU 9.4.0
[3.313s] -- The CXX compiler identification is GNU 9.4.0
[3.314s] -- Check for working C compiler: /usr/bin/cc
[3.314s] -- Check for working C compiler: /usr/bin/cc -- works
[3.315s] -- Detecting C compiler ABI info
[3.315s] -- Detecting C compiler ABI info - done
[3.315s] -- Detecting C compile features
[3.316s] -- Detecting C compile features - done
[3.318s] -- Check for working CXX compiler: /usr/bin/c++
[3.627s] -- Check for working CXX compiler: /usr/bin/c++ -- works
[3.639s] -- Detecting CXX compiler ABI info
[4.406s] -- Detecting CXX compiler ABI info - done
[4.501s] -- Detecting CXX compile features
[4.505s] -- Detecting CXX compile features - done
[4.522s] -- Found ament_cmake: 0.9.12 (/opt/ros/foxy/share/ament_cmake/cmake)
[4.686s] -- Found PythonInterp: /usr/bin/python3 (found suitable version "3.8.10", minimum required is "3") 
[4.687s] -- Using PYTHON_EXECUTABLE: /usr/bin/python3
[6.149s] -- Found rclcpp: 2.4.3 (/opt/ros/foxy/share/rclcpp/cmake)
[6.582s] -- Using all available rosidl_typesupport_c: rosidl_typesupport_fastrtps_c;rosidl_typesupport_introspection_c
[6.625s] -- Found rosidl_adapter: 1.3.1 (/opt/ros/foxy/share/rosidl_adapter/cmake)
[7.279s] -- Found OpenSSL: /usr/lib/aarch64-linux-gnu/libcrypto.so (found version "1.1.1f")  
[7.517s] -- Found FastRTPS: /opt/ros/foxy/include  
[8.186s] -- Using all available rosidl_typesupport_cpp: rosidl_typesupport_fastrtps_cpp;rosidl_typesupport_introspection_cpp
[8.653s] -- Found rmw_implementation_cmake: 1.0.4 (/opt/ros/foxy/share/rmw_implementation_cmake/cmake)
[8.671s] -- Using RMW implementation 'rmw_fastrtps_cpp' as default
[8.679s] -- Looking for pthread.h
[9.305s] -- Looking for pthread.h - found
[9.309s] -- Performing Test CMAKE_HAVE_LIBC_PTHREAD
[9.847s] -- Performing Test CMAKE_HAVE_LIBC_PTHREAD - Failed
[9.850s] -- Looking for pthread_create in pthreads
[10.234s] -- Looking for pthread_create in pthreads - not found
[10.237s] -- Looking for pthread_create in pthread
[10.756s] -- Looking for pthread_create in pthread - found
[10.767s] -- Found Threads: TRUE  
[11.810s] -- Found ackermann_msgs: 2.0.2 (/opt/ros/foxy/share/ackermann_msgs/cmake)
[12.009s] -- Found diagnostic_updater: 3.1.2 (/opt/ros/foxy/share/diagnostic_updater/cmake)
[12.339s] -- Found ament_lint_auto: 0.9.8 (/opt/ros/foxy/share/ament_lint_auto/cmake)
[12.945s] -- Found python_cmake_module: 0.8.1 (/opt/ros/foxy/share/python_cmake_module/cmake)
[13.084s] -- Found PythonInterp: /usr/bin/python3 (found suitable version "3.8.10", minimum required is "3.5") 
[13.119s] -- Found PythonLibs: /usr/lib/aarch64-linux-gnu/libpython3.8.so (found suitable version "3.8.10", minimum required is "3.5") 
[13.119s] -- Using PYTHON_EXECUTABLE: /usr/bin/python3
[13.120s] -- Using PYTHON_INCLUDE_DIRS: /usr/include/python3.8
[13.120s] -- Using PYTHON_LIBRARIES: /usr/lib/aarch64-linux-gnu/libpython3.8.so
[13.265s] -- Found PythonExtra: .so  
[13.362s] -- Added test 'xmllint' to check XML markup files
[13.367s] -- Added test 'copyright' to check source files copyright and LICENSE
[13.397s] -- Added test 'cppcheck' to perform static code analysis on C / C++ code
[13.404s] -- Configured cppcheck include dirs: /home/nx-ros2/dong_workspace/f1tenth_ws/src/f1tenth_system/ackermann_mux/include
[13.405s] -- Configured cppcheck exclude dirs and/or files: 
[13.412s] -- Added test 'cpplint' to check C / C++ code against the Google style
[13.412s] -- Configured cpplint exclude dirs and/or files: 
[13.417s] -- Added test 'flake8' to check Python code syntax and style conventions
[13.423s] -- Added test 'lint_cmake' to check CMake code style
[13.431s] -- Added test 'pep257' to check Python code against some of the style conventions in PEP 257
[13.440s] -- Added test 'uncrustify' to check C / C++ code style
[13.442s] -- Configured uncrustify additional arguments: 
[13.477s] -- Configuring done
[13.561s] -- Generating done
[13.577s] -- Build files have been written to: /home/nx-ros2/dong_workspace/f1tenth_ws/build/ackermann_mux
[13.658s] Invoked command in '/home/nx-ros2/dong_workspace/f1tenth_ws/build/ackermann_mux' returned '0': CMAKE_PREFIX_PATH=${CMAKE_PREFIX_PATH}:/home/nx-ros2/dong_workspace/f1tenth_ws/install/f1tenth_stack:/home/nx-ros2/dong_workspace/f1tenth_ws/install/joy_teleop:/home/nx-ros2/dong_workspace/f1tenth_ws/install/mouse_teleop:/home/nx-ros2/dong_workspace/f1tenth_ws/install/key_teleop:/opt/ros/foxy /usr/bin/cmake /home/nx-ros2/dong_workspace/f1tenth_ws/src/f1tenth_system/ackermann_mux -DCMAKE_INSTALL_PREFIX=/home/nx-ros2/dong_workspace/f1tenth_ws/install/ackermann_mux
[13.671s] Invoking command in '/home/nx-ros2/dong_workspace/f1tenth_ws/build/ackermann_mux': CMAKE_PREFIX_PATH=${CMAKE_PREFIX_PATH}:/home/nx-ros2/dong_workspace/f1tenth_ws/install/f1tenth_stack:/home/nx-ros2/dong_workspace/f1tenth_ws/install/joy_teleop:/home/nx-ros2/dong_workspace/f1tenth_ws/install/mouse_teleop:/home/nx-ros2/dong_workspace/f1tenth_ws/install/key_teleop:/opt/ros/foxy /usr/bin/cmake --build /home/nx-ros2/dong_workspace/f1tenth_ws/build/ackermann_mux -- -j6 -l6
[13.934s] [35m[1mScanning dependencies of target ackermann_mux[0m
[14.623s] [ 25%] [32mBuilding CXX object CMakeFiles/ackermann_mux.dir/src/ackermann_mux.cpp.o[0m
[14.683s] [ 50%] [32mBuilding CXX object CMakeFiles/ackermann_mux.dir/src/ackermann_mux_node.cpp.o[0m
[14.743s] [ 75%] [32mBuilding CXX object CMakeFiles/ackermann_mux.dir/src/ackermann_mux_diagnostics.cpp.o[0m
[70.503s] [100%] [32m[1mLinking CXX executable ackermann_mux[0m
[73.121s] [100%] Built target ackermann_mux
[73.188s] Invoked command in '/home/nx-ros2/dong_workspace/f1tenth_ws/build/ackermann_mux' returned '0': CMAKE_PREFIX_PATH=${CMAKE_PREFIX_PATH}:/home/nx-ros2/dong_workspace/f1tenth_ws/install/f1tenth_stack:/home/nx-ros2/dong_workspace/f1tenth_ws/install/joy_teleop:/home/nx-ros2/dong_workspace/f1tenth_ws/install/mouse_teleop:/home/nx-ros2/dong_workspace/f1tenth_ws/install/key_teleop:/opt/ros/foxy /usr/bin/cmake --build /home/nx-ros2/dong_workspace/f1tenth_ws/build/ackermann_mux -- -j6 -l6
[73.378s] Invoking command in '/home/nx-ros2/dong_workspace/f1tenth_ws/build/ackermann_mux': CMAKE_PREFIX_PATH=${CMAKE_PREFIX_PATH}:/home/nx-ros2/dong_workspace/f1tenth_ws/install/f1tenth_stack:/home/nx-ros2/dong_workspace/f1tenth_ws/install/joy_teleop:/home/nx-ros2/dong_workspace/f1tenth_ws/install/mouse_teleop:/home/nx-ros2/dong_workspace/f1tenth_ws/install/key_teleop:/opt/ros/foxy /usr/bin/cmake --install /home/nx-ros2/dong_workspace/f1tenth_ws/build/ackermann_mux
[73.452s] -- Install configuration: ""
[73.453s] -- Installing: /home/nx-ros2/dong_workspace/f1tenth_ws/install/ackermann_mux/lib/ackermann_mux/ackermann_mux
[73.484s] -- Set runtime path of "/home/nx-ros2/dong_workspace/f1tenth_ws/install/ackermann_mux/lib/ackermann_mux/ackermann_mux" to ""
[73.485s] -- Installing: /home/nx-ros2/dong_workspace/f1tenth_ws/install/ackermann_mux/share/ackermann_mux/launch
[73.485s] -- Installing: /home/nx-ros2/dong_workspace/f1tenth_ws/install/ackermann_mux/share/ackermann_mux/launch/ackermann_mux_launch.py
[73.491s] -- Installing: /home/nx-ros2/dong_workspace/f1tenth_ws/install/ackermann_mux/share/ackermann_mux/config
[73.493s] -- Installing: /home/nx-ros2/dong_workspace/f1tenth_ws/install/ackermann_mux/share/ackermann_mux/config/joystick.yaml
[73.494s] -- Installing: /home/nx-ros2/dong_workspace/f1tenth_ws/install/ackermann_mux/share/ackermann_mux/config/ackermann_mux_locks.yaml
[73.496s] -- Installing: /home/nx-ros2/dong_workspace/f1tenth_ws/install/ackermann_mux/share/ackermann_mux/config/ackermann_mux_topics.yaml
[73.501s] -- Installing: /home/nx-ros2/dong_workspace/f1tenth_ws/install/ackermann_mux/include
[73.503s] -- Installing: /home/nx-ros2/dong_workspace/f1tenth_ws/install/ackermann_mux/include/ackermann_mux
[73.504s] -- Installing: /home/nx-ros2/dong_workspace/f1tenth_ws/install/ackermann_mux/include/ackermann_mux/utils.hpp
[73.506s] -- Installing: /home/nx-ros2/dong_workspace/f1tenth_ws/install/ackermann_mux/include/ackermann_mux/topic_handle.hpp
[73.508s] -- Installing: /home/nx-ros2/dong_workspace/f1tenth_ws/install/ackermann_mux/include/ackermann_mux/params_helpers.hpp
[73.521s] -- Installing: /home/nx-ros2/dong_workspace/f1tenth_ws/install/ackermann_mux/include/ackermann_mux/ackermann_mux_diagnostics_status.hpp
[73.522s] -- Installing: /home/nx-ros2/dong_workspace/f1tenth_ws/install/ackermann_mux/include/ackermann_mux/ackermann_mux_diagnostics.hpp
[73.522s] -- Installing: /home/nx-ros2/dong_workspace/f1tenth_ws/install/ackermann_mux/include/ackermann_mux/ackermann_mux.hpp
[73.522s] -- Installing: /home/nx-ros2/dong_workspace/f1tenth_ws/install/ackermann_mux/share/ament_index/resource_index/package_run_dependencies/ackermann_mux
[73.525s] -- Installing: /home/nx-ros2/dong_workspace/f1tenth_ws/install/ackermann_mux/share/ament_index/resource_index/parent_prefix_path/ackermann_mux
[73.530s] -- Installing: /home/nx-ros2/dong_workspace/f1tenth_ws/install/ackermann_mux/share/ackermann_mux/environment/ament_prefix_path.sh
[73.531s] -- Installing: /home/nx-ros2/dong_workspace/f1tenth_ws/install/ackermann_mux/share/ackermann_mux/environment/ament_prefix_path.dsv
[73.532s] -- Installing: /home/nx-ros2/dong_workspace/f1tenth_ws/install/ackermann_mux/share/ackermann_mux/environment/path.sh
[73.532s] -- Installing: /home/nx-ros2/dong_workspace/f1tenth_ws/install/ackermann_mux/share/ackermann_mux/environment/path.dsv
[73.533s] -- Installing: /home/nx-ros2/dong_workspace/f1tenth_ws/install/ackermann_mux/share/ackermann_mux/local_setup.bash
[73.534s] -- Installing: /home/nx-ros2/dong_workspace/f1tenth_ws/install/ackermann_mux/share/ackermann_mux/local_setup.sh
[73.534s] -- Installing: /home/nx-ros2/dong_workspace/f1tenth_ws/install/ackermann_mux/share/ackermann_mux/local_setup.zsh
[73.534s] -- Installing: /home/nx-ros2/dong_workspace/f1tenth_ws/install/ackermann_mux/share/ackermann_mux/local_setup.dsv
[73.535s] -- Installing: /home/nx-ros2/dong_workspace/f1tenth_ws/install/ackermann_mux/share/ackermann_mux/package.dsv
[73.536s] -- Installing: /home/nx-ros2/dong_workspace/f1tenth_ws/install/ackermann_mux/share/ament_index/resource_index/packages/ackermann_mux
[73.537s] -- Installing: /home/nx-ros2/dong_workspace/f1tenth_ws/install/ackermann_mux/share/ackermann_mux/cmake/ament_cmake_export_include_directories-extras.cmake
[73.538s] -- Installing: /home/nx-ros2/dong_workspace/f1tenth_ws/install/ackermann_mux/share/ackermann_mux/cmake/ament_cmake_export_dependencies-extras.cmake
[73.538s] -- Installing: /home/nx-ros2/dong_workspace/f1tenth_ws/install/ackermann_mux/share/ackermann_mux/cmake/ackermann_muxConfig.cmake
[73.539s] -- Installing: /home/nx-ros2/dong_workspace/f1tenth_ws/install/ackermann_mux/share/ackermann_mux/cmake/ackermann_muxConfig-version.cmake
[73.539s] -- Installing: /home/nx-ros2/dong_workspace/f1tenth_ws/install/ackermann_mux/share/ackermann_mux/package.xml
[73.549s] Invoked command in '/home/nx-ros2/dong_workspace/f1tenth_ws/build/ackermann_mux' returned '0': CMAKE_PREFIX_PATH=${CMAKE_PREFIX_PATH}:/home/nx-ros2/dong_workspace/f1tenth_ws/install/f1tenth_stack:/home/nx-ros2/dong_workspace/f1tenth_ws/install/joy_teleop:/home/nx-ros2/dong_workspace/f1tenth_ws/install/mouse_teleop:/home/nx-ros2/dong_workspace/f1tenth_ws/install/key_teleop:/opt/ros/foxy /usr/bin/cmake --install /home/nx-ros2/dong_workspace/f1tenth_ws/build/ackermann_mux
