[0.155s] Invoking command in '/home/nx-ros2/dong_workspace/f1tenth_ws/build/vesc_driver': AMENT_PREFIX_PATH=/home/nx-ros2/dong_workspace/f1tenth_ws/install/vesc_msgs:${AMENT_PREFIX_PATH} CMAKE_PREFIX_PATH=/home/nx-ros2/dong_workspace/f1tenth_ws/install/vesc_msgs:/home/nx-ros2/dong_workspace/f1tenth_ws/install/vesc:/home/nx-ros2/dong_workspace/f1tenth_ws/install/vesc_driver:/home/nx-ros2/dong_workspace/f1tenth_ws/install/vesc_ackermann:/home/nx-ros2/dong_workspace/f1tenth_ws/install/teleop_tools:/home/nx-ros2/dong_workspace/f1tenth_ws/install/teleop_tools_msgs:/home/nx-ros2/dong_workspace/f1tenth_ws/install/ackermann_mux:/home/nx-ros2/dong_workspace/f1tenth_ws/install/f1tenth_stack:/home/nx-ros2/dong_workspace/f1tenth_ws/install/joy_teleop:/home/nx-ros2/dong_workspace/f1tenth_ws/install/mouse_teleop:/home/nx-ros2/dong_workspace/f1tenth_ws/install/key_teleop:/opt/ros/foxy LD_LIBRARY_PATH=/home/nx-ros2/dong_workspace/f1tenth_ws/install/vesc_msgs/lib:/home/nx-ros2/dong_workspace/f1tenth_ws/install/vesc_driver/lib:/home/nx-ros2/dong_workspace/f1tenth_ws/install/vesc_ackermann/lib:/home/nx-ros2/dong_workspace/f1tenth_ws/install/teleop_tools_msgs/lib:/opt/ros/foxy/opt/yaml_cpp_vendor/lib:/opt/ros/foxy/opt/rviz_ogre_vendor/lib:/opt/ros/foxy/lib/aarch64-linux-gnu:/opt/ros/foxy/lib:/usr/local/cuda-11.4/lib64 PYTHONPATH=/home/nx-ros2/dong_workspace/f1tenth_ws/install/vesc_msgs/lib/python3.8/site-packages:/home/nx-ros2/workspace/f1tenth_ws/build/f1tenth_stack:/home/nx-ros2/dong_workspace/f1tenth_ws/install/f1tenth_stack/lib/python3.8/site-packages:/home/nx-ros2/workspace/f1tenth_ws/build/joy_teleop:/home/nx-ros2/dong_workspace/f1tenth_ws/install/joy_teleop/lib/python3.8/site-packages:/home/nx-ros2/dong_workspace/f1tenth_ws/install/teleop_tools_msgs/lib/python3.8/site-packages:/home/nx-ros2/workspace/f1tenth_ws/build/mouse_teleop:/home/nx-ros2/dong_workspace/f1tenth_ws/install/mouse_teleop/lib/python3.8/site-packages:/home/nx-ros2/workspace/f1tenth_ws/build/key_teleop:/home/nx-ros2/dong_workspace/f1tenth_ws/install/key_teleop/lib/python3.8/site-packages:/opt/ros/foxy/lib/python3.8/site-packages /usr/bin/cmake /home/nx-ros2/dong_workspace/f1tenth_ws/src/f1tenth_system/vesc/vesc_driver -DCMAKE_INSTALL_PREFIX=/home/nx-ros2/dong_workspace/f1tenth_ws/install/vesc_driver
[0.552s] -- The C compiler identification is GNU 9.4.0
[0.948s] -- The CXX compiler identification is GNU 9.4.0
[0.978s] -- Check for working C compiler: /usr/bin/cc
[1.421s] -- Check for working C compiler: /usr/bin/cc -- works
[1.434s] -- Detecting C compiler ABI info
[1.861s] -- Detecting C compiler ABI info - done
[1.962s] -- Detecting C compile features
[1.963s] -- Detecting C compile features - done
[1.978s] -- Check for working CXX compiler: /usr/bin/c++
[2.515s] -- Check for working CXX compiler: /usr/bin/c++ -- works
[2.524s] -- Detecting CXX compiler ABI info
[2.991s] -- Detecting CXX compiler ABI info - done
[3.054s] -- Detecting CXX compile features
[3.058s] -- Detecting CXX compile features - done
[3.072s] -- Found ament_cmake_auto: 0.9.12 (/opt/ros/foxy/share/ament_cmake_auto/cmake)
[3.254s] -- Found PythonInterp: /usr/bin/python3 (found suitable version "3.8.10", minimum required is "3") 
[3.254s] -- Using PYTHON_EXECUTABLE: /usr/bin/python3
[5.124s] -- Using all available rosidl_typesupport_c: rosidl_typesupport_fastrtps_c;rosidl_typesupport_introspection_c
[5.169s] -- Found rosidl_adapter: 1.3.1 (/opt/ros/foxy/share/rosidl_adapter/cmake)
[5.711s] -- Found OpenSSL: /usr/lib/aarch64-linux-gnu/libcrypto.so (found version "1.1.1f")  
[5.876s] -- Found FastRTPS: /opt/ros/foxy/include  
[6.303s] -- Using all available rosidl_typesupport_cpp: rosidl_typesupport_fastrtps_cpp;rosidl_typesupport_introspection_cpp
[6.628s] -- Found rmw_implementation_cmake: 1.0.4 (/opt/ros/foxy/share/rmw_implementation_cmake/cmake)
[6.636s] -- Using RMW implementation 'rmw_fastrtps_cpp' as default
[6.641s] -- Looking for pthread.h
[7.169s] -- Looking for pthread.h - found
[7.343s] -- Performing Test CMAKE_HAVE_LIBC_PTHREAD
[7.832s] -- Performing Test CMAKE_HAVE_LIBC_PTHREAD - Failed
[7.834s] -- Looking for pthread_create in pthreads
[8.200s] -- Looking for pthread_create in pthreads - not found
[8.202s] -- Looking for pthread_create in pthread
[8.636s] -- Looking for pthread_create in pthread - found
[8.643s] -- Found Threads: TRUE  
[13.541s] -- Found ament_lint_auto: 0.9.8 (/opt/ros/foxy/share/ament_lint_auto/cmake)
[13.672s] -- Added test 'copyright' to check source files copyright and LICENSE
[13.692s] -- Added test 'cppcheck' to perform static code analysis on C / C++ code
[13.693s] -- Configured cppcheck include dirs: /home/nx-ros2/dong_workspace/f1tenth_ws/src/f1tenth_system/vesc/vesc_driver/include
[13.693s] -- Configured cppcheck exclude dirs and/or files: 
[13.701s] -- Added test 'cpplint' to check C / C++ code against the Google style
[13.702s] -- Configured cpplint exclude dirs and/or files: 
[13.705s] -- Added test 'flake8' to check Python code syntax and style conventions
[13.710s] -- Added test 'lint_cmake' to check CMake code style
[13.714s] -- Added test 'pep257' to check Python code against some of the style conventions in PEP 257
[13.729s] -- Added test 'uncrustify' to check C / C++ code style
[13.730s] -- Configured uncrustify additional arguments: 
[13.731s] -- Added test 'xmllint' to check XML markup files
[13.764s] -- Configuring done
[14.175s] -- Generating done
[14.187s] -- Build files have been written to: /home/nx-ros2/dong_workspace/f1tenth_ws/build/vesc_driver
[14.241s] Invoked command in '/home/nx-ros2/dong_workspace/f1tenth_ws/build/vesc_driver' returned '0': AMENT_PREFIX_PATH=/home/nx-ros2/dong_workspace/f1tenth_ws/install/vesc_msgs:${AMENT_PREFIX_PATH} CMAKE_PREFIX_PATH=/home/nx-ros2/dong_workspace/f1tenth_ws/install/vesc_msgs:/home/nx-ros2/dong_workspace/f1tenth_ws/install/vesc:/home/nx-ros2/dong_workspace/f1tenth_ws/install/vesc_driver:/home/nx-ros2/dong_workspace/f1tenth_ws/install/vesc_ackermann:/home/nx-ros2/dong_workspace/f1tenth_ws/install/teleop_tools:/home/nx-ros2/dong_workspace/f1tenth_ws/install/teleop_tools_msgs:/home/nx-ros2/dong_workspace/f1tenth_ws/install/ackermann_mux:/home/nx-ros2/dong_workspace/f1tenth_ws/install/f1tenth_stack:/home/nx-ros2/dong_workspace/f1tenth_ws/install/joy_teleop:/home/nx-ros2/dong_workspace/f1tenth_ws/install/mouse_teleop:/home/nx-ros2/dong_workspace/f1tenth_ws/install/key_teleop:/opt/ros/foxy LD_LIBRARY_PATH=/home/nx-ros2/dong_workspace/f1tenth_ws/install/vesc_msgs/lib:/home/nx-ros2/dong_workspace/f1tenth_ws/install/vesc_driver/lib:/home/nx-ros2/dong_workspace/f1tenth_ws/install/vesc_ackermann/lib:/home/nx-ros2/dong_workspace/f1tenth_ws/install/teleop_tools_msgs/lib:/opt/ros/foxy/opt/yaml_cpp_vendor/lib:/opt/ros/foxy/opt/rviz_ogre_vendor/lib:/opt/ros/foxy/lib/aarch64-linux-gnu:/opt/ros/foxy/lib:/usr/local/cuda-11.4/lib64 PYTHONPATH=/home/nx-ros2/dong_workspace/f1tenth_ws/install/vesc_msgs/lib/python3.8/site-packages:/home/nx-ros2/workspace/f1tenth_ws/build/f1tenth_stack:/home/nx-ros2/dong_workspace/f1tenth_ws/install/f1tenth_stack/lib/python3.8/site-packages:/home/nx-ros2/workspace/f1tenth_ws/build/joy_teleop:/home/nx-ros2/dong_workspace/f1tenth_ws/install/joy_teleop/lib/python3.8/site-packages:/home/nx-ros2/dong_workspace/f1tenth_ws/install/teleop_tools_msgs/lib/python3.8/site-packages:/home/nx-ros2/workspace/f1tenth_ws/build/mouse_teleop:/home/nx-ros2/dong_workspace/f1tenth_ws/install/mouse_teleop/lib/python3.8/site-packages:/home/nx-ros2/workspace/f1tenth_ws/build/key_teleop:/home/nx-ros2/dong_workspace/f1tenth_ws/install/key_teleop/lib/python3.8/site-packages:/opt/ros/foxy/lib/python3.8/site-packages /usr/bin/cmake /home/nx-ros2/dong_workspace/f1tenth_ws/src/f1tenth_system/vesc/vesc_driver -DCMAKE_INSTALL_PREFIX=/home/nx-ros2/dong_workspace/f1tenth_ws/install/vesc_driver
[14.260s] Invoking command in '/home/nx-ros2/dong_workspace/f1tenth_ws/build/vesc_driver': AMENT_PREFIX_PATH=/home/nx-ros2/dong_workspace/f1tenth_ws/install/vesc_msgs:${AMENT_PREFIX_PATH} CMAKE_PREFIX_PATH=/home/nx-ros2/dong_workspace/f1tenth_ws/install/vesc_msgs:/home/nx-ros2/dong_workspace/f1tenth_ws/install/vesc:/home/nx-ros2/dong_workspace/f1tenth_ws/install/vesc_driver:/home/nx-ros2/dong_workspace/f1tenth_ws/install/vesc_ackermann:/home/nx-ros2/dong_workspace/f1tenth_ws/install/teleop_tools:/home/nx-ros2/dong_workspace/f1tenth_ws/install/teleop_tools_msgs:/home/nx-ros2/dong_workspace/f1tenth_ws/install/ackermann_mux:/home/nx-ros2/dong_workspace/f1tenth_ws/install/f1tenth_stack:/home/nx-ros2/dong_workspace/f1tenth_ws/install/joy_teleop:/home/nx-ros2/dong_workspace/f1tenth_ws/install/mouse_teleop:/home/nx-ros2/dong_workspace/f1tenth_ws/install/key_teleop:/opt/ros/foxy LD_LIBRARY_PATH=/home/nx-ros2/dong_workspace/f1tenth_ws/install/vesc_msgs/lib:/home/nx-ros2/dong_workspace/f1tenth_ws/install/vesc_driver/lib:/home/nx-ros2/dong_workspace/f1tenth_ws/install/vesc_ackermann/lib:/home/nx-ros2/dong_workspace/f1tenth_ws/install/teleop_tools_msgs/lib:/opt/ros/foxy/opt/yaml_cpp_vendor/lib:/opt/ros/foxy/opt/rviz_ogre_vendor/lib:/opt/ros/foxy/lib/aarch64-linux-gnu:/opt/ros/foxy/lib:/usr/local/cuda-11.4/lib64 PYTHONPATH=/home/nx-ros2/dong_workspace/f1tenth_ws/install/vesc_msgs/lib/python3.8/site-packages:/home/nx-ros2/workspace/f1tenth_ws/build/f1tenth_stack:/home/nx-ros2/dong_workspace/f1tenth_ws/install/f1tenth_stack/lib/python3.8/site-packages:/home/nx-ros2/workspace/f1tenth_ws/build/joy_teleop:/home/nx-ros2/dong_workspace/f1tenth_ws/install/joy_teleop/lib/python3.8/site-packages:/home/nx-ros2/dong_workspace/f1tenth_ws/install/teleop_tools_msgs/lib/python3.8/site-packages:/home/nx-ros2/workspace/f1tenth_ws/build/mouse_teleop:/home/nx-ros2/dong_workspace/f1tenth_ws/install/mouse_teleop/lib/python3.8/site-packages:/home/nx-ros2/workspace/f1tenth_ws/build/key_teleop:/home/nx-ros2/dong_workspace/f1tenth_ws/install/key_teleop/lib/python3.8/site-packages:/opt/ros/foxy/lib/python3.8/site-packages /usr/bin/cmake --build /home/nx-ros2/dong_workspace/f1tenth_ws/build/vesc_driver -- -j6 -l6
[14.504s] [35m[1mScanning dependencies of target vesc_driver_node[0m
[14.515s] [35m[1mScanning dependencies of target vesc_driver[0m
[14.740s] [ 10%] [32mBuilding CXX object CMakeFiles/vesc_driver_node.dir/rclcpp_components/node_main_vesc_driver_node.cpp.o[0m
[14.910s] [ 20%] [32mBuilding CXX object CMakeFiles/vesc_driver.dir/src/vesc_driver.cpp.o[0m
[14.925s] [ 30%] [32mBuilding CXX object CMakeFiles/vesc_driver.dir/src/vesc_interface.cpp.o[0m
[14.946s] [ 40%] [32mBuilding CXX object CMakeFiles/vesc_driver.dir/src/vesc_packet_factory.cpp.o[0m
[28.639s] [ 50%] [32m[1mLinking CXX executable vesc_driver_node[0m
[29.376s] [ 50%] Built target vesc_driver_node
[53.570s] [ 60%] [32mBuilding CXX object CMakeFiles/vesc_driver.dir/src/vesc_packet.cpp.o[0m
[56.994s] [ 70%] [32m[1mLinking CXX shared library libvesc_driver.so[0m
[59.143s] [ 70%] Built target vesc_driver
[59.202s] [35m[1mScanning dependencies of target vesc_device_namer[0m
[59.276s] [ 80%] [32mBuilding CXX object CMakeFiles/vesc_device_namer.dir/src/vesc_device_namer.cpp.o[0m
[59.278s] [ 90%] [32mBuilding CXX object CMakeFiles/vesc_device_namer.dir/src/vesc_device_uuid_lookup.cpp.o[0m
[62.400s] [100%] [32m[1mLinking CXX executable vesc_device_namer[0m
[63.434s] [100%] Built target vesc_device_namer
[63.498s] Invoked command in '/home/nx-ros2/dong_workspace/f1tenth_ws/build/vesc_driver' returned '0': AMENT_PREFIX_PATH=/home/nx-ros2/dong_workspace/f1tenth_ws/install/vesc_msgs:${AMENT_PREFIX_PATH} CMAKE_PREFIX_PATH=/home/nx-ros2/dong_workspace/f1tenth_ws/install/vesc_msgs:/home/nx-ros2/dong_workspace/f1tenth_ws/install/vesc:/home/nx-ros2/dong_workspace/f1tenth_ws/install/vesc_driver:/home/nx-ros2/dong_workspace/f1tenth_ws/install/vesc_ackermann:/home/nx-ros2/dong_workspace/f1tenth_ws/install/teleop_tools:/home/nx-ros2/dong_workspace/f1tenth_ws/install/teleop_tools_msgs:/home/nx-ros2/dong_workspace/f1tenth_ws/install/ackermann_mux:/home/nx-ros2/dong_workspace/f1tenth_ws/install/f1tenth_stack:/home/nx-ros2/dong_workspace/f1tenth_ws/install/joy_teleop:/home/nx-ros2/dong_workspace/f1tenth_ws/install/mouse_teleop:/home/nx-ros2/dong_workspace/f1tenth_ws/install/key_teleop:/opt/ros/foxy LD_LIBRARY_PATH=/home/nx-ros2/dong_workspace/f1tenth_ws/install/vesc_msgs/lib:/home/nx-ros2/dong_workspace/f1tenth_ws/install/vesc_driver/lib:/home/nx-ros2/dong_workspace/f1tenth_ws/install/vesc_ackermann/lib:/home/nx-ros2/dong_workspace/f1tenth_ws/install/teleop_tools_msgs/lib:/opt/ros/foxy/opt/yaml_cpp_vendor/lib:/opt/ros/foxy/opt/rviz_ogre_vendor/lib:/opt/ros/foxy/lib/aarch64-linux-gnu:/opt/ros/foxy/lib:/usr/local/cuda-11.4/lib64 PYTHONPATH=/home/nx-ros2/dong_workspace/f1tenth_ws/install/vesc_msgs/lib/python3.8/site-packages:/home/nx-ros2/workspace/f1tenth_ws/build/f1tenth_stack:/home/nx-ros2/dong_workspace/f1tenth_ws/install/f1tenth_stack/lib/python3.8/site-packages:/home/nx-ros2/workspace/f1tenth_ws/build/joy_teleop:/home/nx-ros2/dong_workspace/f1tenth_ws/install/joy_teleop/lib/python3.8/site-packages:/home/nx-ros2/dong_workspace/f1tenth_ws/install/teleop_tools_msgs/lib/python3.8/site-packages:/home/nx-ros2/workspace/f1tenth_ws/build/mouse_teleop:/home/nx-ros2/dong_workspace/f1tenth_ws/install/mouse_teleop/lib/python3.8/site-packages:/home/nx-ros2/workspace/f1tenth_ws/build/key_teleop:/home/nx-ros2/dong_workspace/f1tenth_ws/install/key_teleop/lib/python3.8/site-packages:/opt/ros/foxy/lib/python3.8/site-packages /usr/bin/cmake --build /home/nx-ros2/dong_workspace/f1tenth_ws/build/vesc_driver -- -j6 -l6
[63.801s] Invoking command in '/home/nx-ros2/dong_workspace/f1tenth_ws/build/vesc_driver': AMENT_PREFIX_PATH=/home/nx-ros2/dong_workspace/f1tenth_ws/install/vesc_msgs:${AMENT_PREFIX_PATH} CMAKE_PREFIX_PATH=/home/nx-ros2/dong_workspace/f1tenth_ws/install/vesc_msgs:/home/nx-ros2/dong_workspace/f1tenth_ws/install/vesc:/home/nx-ros2/dong_workspace/f1tenth_ws/install/vesc_driver:/home/nx-ros2/dong_workspace/f1tenth_ws/install/vesc_ackermann:/home/nx-ros2/dong_workspace/f1tenth_ws/install/teleop_tools:/home/nx-ros2/dong_workspace/f1tenth_ws/install/teleop_tools_msgs:/home/nx-ros2/dong_workspace/f1tenth_ws/install/ackermann_mux:/home/nx-ros2/dong_workspace/f1tenth_ws/install/f1tenth_stack:/home/nx-ros2/dong_workspace/f1tenth_ws/install/joy_teleop:/home/nx-ros2/dong_workspace/f1tenth_ws/install/mouse_teleop:/home/nx-ros2/dong_workspace/f1tenth_ws/install/key_teleop:/opt/ros/foxy LD_LIBRARY_PATH=/home/nx-ros2/dong_workspace/f1tenth_ws/install/vesc_msgs/lib:/home/nx-ros2/dong_workspace/f1tenth_ws/install/vesc_driver/lib:/home/nx-ros2/dong_workspace/f1tenth_ws/install/vesc_ackermann/lib:/home/nx-ros2/dong_workspace/f1tenth_ws/install/teleop_tools_msgs/lib:/opt/ros/foxy/opt/yaml_cpp_vendor/lib:/opt/ros/foxy/opt/rviz_ogre_vendor/lib:/opt/ros/foxy/lib/aarch64-linux-gnu:/opt/ros/foxy/lib:/usr/local/cuda-11.4/lib64 PYTHONPATH=/home/nx-ros2/dong_workspace/f1tenth_ws/install/vesc_msgs/lib/python3.8/site-packages:/home/nx-ros2/workspace/f1tenth_ws/build/f1tenth_stack:/home/nx-ros2/dong_workspace/f1tenth_ws/install/f1tenth_stack/lib/python3.8/site-packages:/home/nx-ros2/workspace/f1tenth_ws/build/joy_teleop:/home/nx-ros2/dong_workspace/f1tenth_ws/install/joy_teleop/lib/python3.8/site-packages:/home/nx-ros2/dong_workspace/f1tenth_ws/install/teleop_tools_msgs/lib/python3.8/site-packages:/home/nx-ros2/workspace/f1tenth_ws/build/mouse_teleop:/home/nx-ros2/dong_workspace/f1tenth_ws/install/mouse_teleop/lib/python3.8/site-packages:/home/nx-ros2/workspace/f1tenth_ws/build/key_teleop:/home/nx-ros2/dong_workspace/f1tenth_ws/install/key_teleop/lib/python3.8/site-packages:/opt/ros/foxy/lib/python3.8/site-packages /usr/bin/cmake --install /home/nx-ros2/dong_workspace/f1tenth_ws/build/vesc_driver
[63.862s] -- Install configuration: ""
[63.863s] -- Installing: /home/nx-ros2/dong_workspace/f1tenth_ws/install/vesc_driver/lib/vesc_driver/vesc_driver_node
[63.869s] -- Set runtime path of "/home/nx-ros2/dong_workspace/f1tenth_ws/install/vesc_driver/lib/vesc_driver/vesc_driver_node" to ""
[63.870s] -- Installing: /home/nx-ros2/dong_workspace/f1tenth_ws/install/vesc_driver/include
[63.870s] -- Installing: /home/nx-ros2/dong_workspace/f1tenth_ws/install/vesc_driver/include/vesc_driver
[63.870s] -- Installing: /home/nx-ros2/dong_workspace/f1tenth_ws/install/vesc_driver/include/vesc_driver/crc.hpp
[63.871s] -- Installing: /home/nx-ros2/dong_workspace/f1tenth_ws/install/vesc_driver/include/vesc_driver/vesc_packet_factory.hpp
[63.871s] -- Installing: /home/nx-ros2/dong_workspace/f1tenth_ws/install/vesc_driver/include/vesc_driver/datatypes.hpp
[63.872s] -- Installing: /home/nx-ros2/dong_workspace/f1tenth_ws/install/vesc_driver/include/vesc_driver/vesc_driver.hpp
[63.873s] -- Installing: /home/nx-ros2/dong_workspace/f1tenth_ws/install/vesc_driver/include/vesc_driver/vesc_device_uuid_lookup.hpp
[63.874s] -- Installing: /home/nx-ros2/dong_workspace/f1tenth_ws/install/vesc_driver/include/vesc_driver/vesc_packet.hpp
[63.874s] -- Installing: /home/nx-ros2/dong_workspace/f1tenth_ws/install/vesc_driver/include/vesc_driver/vesc_interface.hpp
[63.876s] -- Installing: /home/nx-ros2/dong_workspace/f1tenth_ws/install/vesc_driver/share/vesc_driver/environment/library_path.sh
[63.877s] -- Installing: /home/nx-ros2/dong_workspace/f1tenth_ws/install/vesc_driver/share/vesc_driver/environment/library_path.dsv
[63.878s] -- Installing: /home/nx-ros2/dong_workspace/f1tenth_ws/install/vesc_driver/lib/libvesc_driver.so
[63.925s] -- Set runtime path of "/home/nx-ros2/dong_workspace/f1tenth_ws/install/vesc_driver/lib/libvesc_driver.so" to ""
[63.926s] -- Installing: /home/nx-ros2/dong_workspace/f1tenth_ws/install/vesc_driver/lib/vesc_driver/vesc_device_namer
[63.929s] -- Set runtime path of "/home/nx-ros2/dong_workspace/f1tenth_ws/install/vesc_driver/lib/vesc_driver/vesc_device_namer" to ""
[63.930s] -- Installing: /home/nx-ros2/dong_workspace/f1tenth_ws/install/vesc_driver/share/vesc_driver/launch
[63.931s] -- Installing: /home/nx-ros2/dong_workspace/f1tenth_ws/install/vesc_driver/share/vesc_driver/launch/vesc_driver_node.launch.py
[63.934s] -- Installing: /home/nx-ros2/dong_workspace/f1tenth_ws/install/vesc_driver/share/vesc_driver/params
[63.935s] -- Installing: /home/nx-ros2/dong_workspace/f1tenth_ws/install/vesc_driver/share/vesc_driver/params/vesc_config.yaml
[63.937s] -- Installing: /home/nx-ros2/dong_workspace/f1tenth_ws/install/vesc_driver/share/ament_index/resource_index/package_run_dependencies/vesc_driver
[63.938s] -- Installing: /home/nx-ros2/dong_workspace/f1tenth_ws/install/vesc_driver/share/ament_index/resource_index/parent_prefix_path/vesc_driver
[63.940s] -- Installing: /home/nx-ros2/dong_workspace/f1tenth_ws/install/vesc_driver/share/vesc_driver/environment/ament_prefix_path.sh
[63.941s] -- Installing: /home/nx-ros2/dong_workspace/f1tenth_ws/install/vesc_driver/share/vesc_driver/environment/ament_prefix_path.dsv
[63.943s] -- Installing: /home/nx-ros2/dong_workspace/f1tenth_ws/install/vesc_driver/share/vesc_driver/environment/path.sh
[63.944s] -- Installing: /home/nx-ros2/dong_workspace/f1tenth_ws/install/vesc_driver/share/vesc_driver/environment/path.dsv
[63.945s] -- Installing: /home/nx-ros2/dong_workspace/f1tenth_ws/install/vesc_driver/share/vesc_driver/local_setup.bash
[63.945s] -- Installing: /home/nx-ros2/dong_workspace/f1tenth_ws/install/vesc_driver/share/vesc_driver/local_setup.sh
[63.946s] -- Installing: /home/nx-ros2/dong_workspace/f1tenth_ws/install/vesc_driver/share/vesc_driver/local_setup.zsh
[63.947s] -- Installing: /home/nx-ros2/dong_workspace/f1tenth_ws/install/vesc_driver/share/vesc_driver/local_setup.dsv
[63.948s] -- Installing: /home/nx-ros2/dong_workspace/f1tenth_ws/install/vesc_driver/share/vesc_driver/package.dsv
[63.950s] -- Installing: /home/nx-ros2/dong_workspace/f1tenth_ws/install/vesc_driver/share/ament_index/resource_index/packages/vesc_driver
[63.950s] -- Installing: /home/nx-ros2/dong_workspace/f1tenth_ws/install/vesc_driver/share/ament_index/resource_index/rclcpp_components/vesc_driver
[63.951s] -- Installing: /home/nx-ros2/dong_workspace/f1tenth_ws/install/vesc_driver/share/vesc_driver/cmake/ament_cmake_export_dependencies-extras.cmake
[63.953s] -- Installing: /home/nx-ros2/dong_workspace/f1tenth_ws/install/vesc_driver/share/vesc_driver/cmake/ament_cmake_export_include_directories-extras.cmake
[63.954s] -- Installing: /home/nx-ros2/dong_workspace/f1tenth_ws/install/vesc_driver/share/vesc_driver/cmake/ament_cmake_export_libraries-extras.cmake
[63.955s] -- Installing: /home/nx-ros2/dong_workspace/f1tenth_ws/install/vesc_driver/share/vesc_driver/cmake/vesc_driverConfig.cmake
[63.956s] -- Installing: /home/nx-ros2/dong_workspace/f1tenth_ws/install/vesc_driver/share/vesc_driver/cmake/vesc_driverConfig-version.cmake
[63.957s] -- Installing: /home/nx-ros2/dong_workspace/f1tenth_ws/install/vesc_driver/share/vesc_driver/package.xml
[63.984s] Invoked command in '/home/nx-ros2/dong_workspace/f1tenth_ws/build/vesc_driver' returned '0': AMENT_PREFIX_PATH=/home/nx-ros2/dong_workspace/f1tenth_ws/install/vesc_msgs:${AMENT_PREFIX_PATH} CMAKE_PREFIX_PATH=/home/nx-ros2/dong_workspace/f1tenth_ws/install/vesc_msgs:/home/nx-ros2/dong_workspace/f1tenth_ws/install/vesc:/home/nx-ros2/dong_workspace/f1tenth_ws/install/vesc_driver:/home/nx-ros2/dong_workspace/f1tenth_ws/install/vesc_ackermann:/home/nx-ros2/dong_workspace/f1tenth_ws/install/teleop_tools:/home/nx-ros2/dong_workspace/f1tenth_ws/install/teleop_tools_msgs:/home/nx-ros2/dong_workspace/f1tenth_ws/install/ackermann_mux:/home/nx-ros2/dong_workspace/f1tenth_ws/install/f1tenth_stack:/home/nx-ros2/dong_workspace/f1tenth_ws/install/joy_teleop:/home/nx-ros2/dong_workspace/f1tenth_ws/install/mouse_teleop:/home/nx-ros2/dong_workspace/f1tenth_ws/install/key_teleop:/opt/ros/foxy LD_LIBRARY_PATH=/home/nx-ros2/dong_workspace/f1tenth_ws/install/vesc_msgs/lib:/home/nx-ros2/dong_workspace/f1tenth_ws/install/vesc_driver/lib:/home/nx-ros2/dong_workspace/f1tenth_ws/install/vesc_ackermann/lib:/home/nx-ros2/dong_workspace/f1tenth_ws/install/teleop_tools_msgs/lib:/opt/ros/foxy/opt/yaml_cpp_vendor/lib:/opt/ros/foxy/opt/rviz_ogre_vendor/lib:/opt/ros/foxy/lib/aarch64-linux-gnu:/opt/ros/foxy/lib:/usr/local/cuda-11.4/lib64 PYTHONPATH=/home/nx-ros2/dong_workspace/f1tenth_ws/install/vesc_msgs/lib/python3.8/site-packages:/home/nx-ros2/workspace/f1tenth_ws/build/f1tenth_stack:/home/nx-ros2/dong_workspace/f1tenth_ws/install/f1tenth_stack/lib/python3.8/site-packages:/home/nx-ros2/workspace/f1tenth_ws/build/joy_teleop:/home/nx-ros2/dong_workspace/f1tenth_ws/install/joy_teleop/lib/python3.8/site-packages:/home/nx-ros2/dong_workspace/f1tenth_ws/install/teleop_tools_msgs/lib/python3.8/site-packages:/home/nx-ros2/workspace/f1tenth_ws/build/mouse_teleop:/home/nx-ros2/dong_workspace/f1tenth_ws/install/mouse_teleop/lib/python3.8/site-packages:/home/nx-ros2/workspace/f1tenth_ws/build/key_teleop:/home/nx-ros2/dong_workspace/f1tenth_ws/install/key_teleop/lib/python3.8/site-packages:/opt/ros/foxy/lib/python3.8/site-packages /usr/bin/cmake --install /home/nx-ros2/dong_workspace/f1tenth_ws/build/vesc_driver
