[0.379s] Invoking command in '/home/nx-ros2/dong_workspace/f1tenth_ws/build/vesc_msgs': CMAKE_PREFIX_PATH=${CMAKE_PREFIX_PATH}:/home/nx-ros2/dong_workspace/f1tenth_ws/install/f1tenth_stack:/home/nx-ros2/dong_workspace/f1tenth_ws/install/joy_teleop:/home/nx-ros2/dong_workspace/f1tenth_ws/install/mouse_teleop:/home/nx-ros2/dong_workspace/f1tenth_ws/install/key_teleop:/opt/ros/foxy /usr/bin/cmake /home/nx-ros2/dong_workspace/f1tenth_ws/src/f1tenth_system/vesc/vesc_msgs -DCMAKE_INSTALL_PREFIX=/home/nx-ros2/dong_workspace/f1tenth_ws/install/vesc_msgs
[3.423s] -- The C compiler identification is GNU 9.4.0
[3.424s] -- The CXX compiler identification is GNU 9.4.0
[3.424s] -- Check for working C compiler: /usr/bin/cc
[3.425s] -- Check for working C compiler: /usr/bin/cc -- works
[3.425s] -- Detecting C compiler ABI info
[3.425s] -- Detecting C compiler ABI info - done
[3.426s] -- Detecting C compile features
[3.427s] -- Detecting C compile features - done
[3.427s] -- Check for working CXX compiler: /usr/bin/c++
[3.784s] -- Check for working CXX compiler: /usr/bin/c++ -- works
[3.793s] -- Detecting CXX compiler ABI info
[4.592s] -- Detecting CXX compiler ABI info - done
[4.686s] -- Detecting CXX compile features
[4.693s] -- Detecting CXX compile features - done
[4.709s] -- Found ament_cmake_auto: 0.9.12 (/opt/ros/foxy/share/ament_cmake_auto/cmake)
[4.887s] -- Found PythonInterp: /usr/bin/python3 (found suitable version "3.8.10", minimum required is "3") 
[4.889s] -- Using PYTHON_EXECUTABLE: /usr/bin/python3
[6.993s] -- Using all available rosidl_typesupport_c: rosidl_typesupport_fastrtps_c;rosidl_typesupport_introspection_c
[7.042s] -- Found rosidl_adapter: 1.3.1 (/opt/ros/foxy/share/rosidl_adapter/cmake)
[7.801s] -- Found OpenSSL: /usr/lib/aarch64-linux-gnu/libcrypto.so (found version "1.1.1f")  
[7.980s] -- Found FastRTPS: /opt/ros/foxy/include  
[8.490s] -- Using all available rosidl_typesupport_cpp: rosidl_typesupport_fastrtps_cpp;rosidl_typesupport_introspection_cpp
[9.373s] -- Found PythonInterp: /usr/bin/python3 (found version "3.8.10") 
[10.494s] -- Found ament_cmake_ros: 0.9.2 (/opt/ros/foxy/share/ament_cmake_ros/cmake)
[12.025s] -- Using all available rosidl_typesupport_c: rosidl_typesupport_fastrtps_c;rosidl_typesupport_introspection_c
[12.685s] -- Using all available rosidl_typesupport_cpp: rosidl_typesupport_fastrtps_cpp;rosidl_typesupport_introspection_cpp
[12.852s] -- Found PythonInterp: /usr/bin/python3 (found suitable version "3.8.10", minimum required is "3.5") 
[12.868s] -- Found python_cmake_module: 0.8.1 (/opt/ros/foxy/share/python_cmake_module/cmake)
[13.056s] -- Found PythonLibs: /usr/lib/aarch64-linux-gnu/libpython3.8.so (found suitable version "3.8.10", minimum required is "3.5") 
[13.057s] -- Using PYTHON_EXECUTABLE: /usr/bin/python3
[13.057s] -- Using PYTHON_INCLUDE_DIRS: /usr/include/python3.8
[13.059s] -- Using PYTHON_LIBRARIES: /usr/lib/aarch64-linux-gnu/libpython3.8.so
[13.190s] -- Found PythonExtra: .so  
[13.710s] -- Found ament_lint_auto: 0.9.8 (/opt/ros/foxy/share/ament_lint_auto/cmake)
[13.878s] -- Added test 'copyright' to check source files copyright and LICENSE
[13.891s] -- Added test 'lint_cmake' to check CMake code style
[13.899s] -- Added test 'xmllint' to check XML markup files
[13.942s] -- Configuring done
[14.486s] -- Generating done
[14.505s] -- Build files have been written to: /home/nx-ros2/dong_workspace/f1tenth_ws/build/vesc_msgs
[14.581s] Invoked command in '/home/nx-ros2/dong_workspace/f1tenth_ws/build/vesc_msgs' returned '0': CMAKE_PREFIX_PATH=${CMAKE_PREFIX_PATH}:/home/nx-ros2/dong_workspace/f1tenth_ws/install/f1tenth_stack:/home/nx-ros2/dong_workspace/f1tenth_ws/install/joy_teleop:/home/nx-ros2/dong_workspace/f1tenth_ws/install/mouse_teleop:/home/nx-ros2/dong_workspace/f1tenth_ws/install/key_teleop:/opt/ros/foxy /usr/bin/cmake /home/nx-ros2/dong_workspace/f1tenth_ws/src/f1tenth_system/vesc/vesc_msgs -DCMAKE_INSTALL_PREFIX=/home/nx-ros2/dong_workspace/f1tenth_ws/install/vesc_msgs
[14.585s] Invoking command in '/home/nx-ros2/dong_workspace/f1tenth_ws/build/vesc_msgs': CMAKE_PREFIX_PATH=${CMAKE_PREFIX_PATH}:/home/nx-ros2/dong_workspace/f1tenth_ws/install/f1tenth_stack:/home/nx-ros2/dong_workspace/f1tenth_ws/install/joy_teleop:/home/nx-ros2/dong_workspace/f1tenth_ws/install/mouse_teleop:/home/nx-ros2/dong_workspace/f1tenth_ws/install/key_teleop:/opt/ros/foxy /usr/bin/cmake --build /home/nx-ros2/dong_workspace/f1tenth_ws/build/vesc_msgs -- -j6 -l6
[14.972s] [35m[1mScanning dependencies of target vesc_msgs__cpp[0m
[15.013s] [  1%] [34m[1mGenerating C code for ROS interfaces[0m
[15.089s] [  3%] [34m[1mGenerating C++ code for ROS interfaces[0m
[20.875s] [35m[1mScanning dependencies of target vesc_msgs__rosidl_generator_c[0m
[21.187s] [  5%] [32mBuilding C object CMakeFiles/vesc_msgs__rosidl_generator_c.dir/rosidl_generator_c/vesc_msgs/msg/detail/vesc_state_stamped__functions.c.o[0m
[21.239s] [  7%] [32mBuilding C object CMakeFiles/vesc_msgs__rosidl_generator_c.dir/rosidl_generator_c/vesc_msgs/msg/detail/vesc_state__functions.c.o[0m
[21.281s] [  9%] [32mBuilding C object CMakeFiles/vesc_msgs__rosidl_generator_c.dir/rosidl_generator_c/vesc_msgs/msg/detail/vesc_imu_stamped__functions.c.o[0m
[21.323s] [ 10%] [32mBuilding C object CMakeFiles/vesc_msgs__rosidl_generator_c.dir/rosidl_generator_c/vesc_msgs/msg/detail/vesc_imu__functions.c.o[0m
[22.788s] [ 10%] Built target vesc_msgs__cpp
[22.864s] [ 12%] [32m[1mLinking C shared library libvesc_msgs__rosidl_generator_c.so[0m
[22.993s] [ 14%] [34m[1mGenerating C++ type support dispatch for ROS interfaces[0m
[23.034s] [ 16%] [34m[1mGenerating C++ introspection for ROS interfaces[0m
[23.039s] [ 18%] [34m[1mGenerating C++ type support for eProsima Fast-RTPS[0m
[23.553s] [ 18%] Built target vesc_msgs__rosidl_generator_c
[23.776s] [ 20%] [34m[1mGenerating C introspection for ROS interfaces[0m
[23.858s] [ 21%] [34m[1mGenerating C type support dispatch for ROS interfaces[0m
[27.936s] [35m[1mScanning dependencies of target vesc_msgs__rosidl_typesupport_fastrtps_cpp[0m
[28.057s] [35m[1mScanning dependencies of target vesc_msgs__rosidl_typesupport_cpp[0m
[28.169s] [ 23%] [32mBuilding CXX object CMakeFiles/vesc_msgs__rosidl_typesupport_fastrtps_cpp.dir/rosidl_typesupport_fastrtps_cpp/vesc_msgs/msg/detail/dds_fastrtps/vesc_state__type_support.cpp.o[0m
[28.191s] [ 25%] [32mBuilding CXX object CMakeFiles/vesc_msgs__rosidl_typesupport_fastrtps_cpp.dir/rosidl_typesupport_fastrtps_cpp/vesc_msgs/msg/detail/dds_fastrtps/vesc_state_stamped__type_support.cpp.o[0m
[28.246s] [ 27%] [32mBuilding CXX object CMakeFiles/vesc_msgs__rosidl_typesupport_cpp.dir/rosidl_typesupport_cpp/vesc_msgs/msg/vesc_state__type_support.cpp.o[0m
[28.982s] [35m[1mScanning dependencies of target vesc_msgs__rosidl_typesupport_c[0m
[29.127s] [ 29%] [32mBuilding CXX object CMakeFiles/vesc_msgs__rosidl_typesupport_c.dir/rosidl_typesupport_c/vesc_msgs/msg/vesc_state__type_support.cpp.o[0m
[29.636s] [35m[1mScanning dependencies of target vesc_msgs__rosidl_typesupport_introspection_c[0m
[29.712s] [ 30%] [32mBuilding CXX object CMakeFiles/vesc_msgs__rosidl_typesupport_c.dir/rosidl_typesupport_c/vesc_msgs/msg/vesc_state_stamped__type_support.cpp.o[0m
[29.906s] [ 32%] [32mBuilding C object CMakeFiles/vesc_msgs__rosidl_typesupport_introspection_c.dir/rosidl_typesupport_introspection_c/vesc_msgs/msg/detail/vesc_state__type_support.c.o[0m
[30.223s] [ 34%] [32mBuilding CXX object CMakeFiles/vesc_msgs__rosidl_typesupport_c.dir/rosidl_typesupport_c/vesc_msgs/msg/vesc_imu__type_support.cpp.o[0m
[30.468s] [ 36%] [32mBuilding C object CMakeFiles/vesc_msgs__rosidl_typesupport_introspection_c.dir/rosidl_typesupport_introspection_c/vesc_msgs/msg/detail/vesc_state_stamped__type_support.c.o[0m
[30.779s] [ 38%] [32mBuilding CXX object CMakeFiles/vesc_msgs__rosidl_typesupport_c.dir/rosidl_typesupport_c/vesc_msgs/msg/vesc_imu_stamped__type_support.cpp.o[0m
[31.025s] [ 40%] [32mBuilding C object CMakeFiles/vesc_msgs__rosidl_typesupport_introspection_c.dir/rosidl_typesupport_introspection_c/vesc_msgs/msg/detail/vesc_imu__type_support.c.o[0m
[31.346s] [ 41%] [32m[1mLinking CXX shared library libvesc_msgs__rosidl_typesupport_c.so[0m
[31.347s] [35m[1mScanning dependencies of target vesc_msgs__rosidl_typesupport_introspection_cpp[0m
[31.392s] [ 43%] [32mBuilding C object CMakeFiles/vesc_msgs__rosidl_typesupport_introspection_c.dir/rosidl_typesupport_introspection_c/vesc_msgs/msg/detail/vesc_imu_stamped__type_support.c.o[0m
[31.531s] [ 45%] [32mBuilding CXX object CMakeFiles/vesc_msgs__rosidl_typesupport_introspection_cpp.dir/rosidl_typesupport_introspection_cpp/vesc_msgs/msg/detail/vesc_state__type_support.cpp.o[0m
[31.905s] [ 47%] [32m[1mLinking C shared library libvesc_msgs__rosidl_typesupport_introspection_c.so[0m
[32.090s] [ 47%] Built target vesc_msgs__rosidl_typesupport_c
[32.236s] [ 49%] [32mBuilding CXX object CMakeFiles/vesc_msgs__rosidl_typesupport_introspection_cpp.dir/rosidl_typesupport_introspection_cpp/vesc_msgs/msg/detail/vesc_state_stamped__type_support.cpp.o[0m
[32.369s] [ 50%] [32mBuilding CXX object CMakeFiles/vesc_msgs__rosidl_typesupport_cpp.dir/rosidl_typesupport_cpp/vesc_msgs/msg/vesc_state_stamped__type_support.cpp.o[0m
[32.431s] [ 50%] Built target vesc_msgs__rosidl_typesupport_introspection_c
[32.560s] [ 52%] [32mBuilding CXX object CMakeFiles/vesc_msgs__rosidl_typesupport_cpp.dir/rosidl_typesupport_cpp/vesc_msgs/msg/vesc_imu__type_support.cpp.o[0m
[32.799s] [ 54%] [32mBuilding CXX object CMakeFiles/vesc_msgs__rosidl_typesupport_fastrtps_cpp.dir/rosidl_typesupport_fastrtps_cpp/vesc_msgs/msg/detail/dds_fastrtps/vesc_imu__type_support.cpp.o[0m
[33.296s] [ 56%] [32mBuilding CXX object CMakeFiles/vesc_msgs__rosidl_typesupport_fastrtps_cpp.dir/rosidl_typesupport_fastrtps_cpp/vesc_msgs/msg/detail/dds_fastrtps/vesc_imu_stamped__type_support.cpp.o[0m
[34.706s] [ 58%] [32mBuilding CXX object CMakeFiles/vesc_msgs__rosidl_typesupport_introspection_cpp.dir/rosidl_typesupport_introspection_cpp/vesc_msgs/msg/detail/vesc_imu__type_support.cpp.o[0m
[36.108s] [ 60%] [32mBuilding CXX object CMakeFiles/vesc_msgs__rosidl_typesupport_introspection_cpp.dir/rosidl_typesupport_introspection_cpp/vesc_msgs/msg/detail/vesc_imu_stamped__type_support.cpp.o[0m
[36.382s] [ 61%] [32mBuilding CXX object CMakeFiles/vesc_msgs__rosidl_typesupport_cpp.dir/rosidl_typesupport_cpp/vesc_msgs/msg/vesc_imu_stamped__type_support.cpp.o[0m
[38.788s] [ 63%] [32m[1mLinking CXX shared library libvesc_msgs__rosidl_typesupport_introspection_cpp.so[0m
[38.900s] [ 65%] [32m[1mLinking CXX shared library libvesc_msgs__rosidl_typesupport_fastrtps_cpp.so[0m
[39.401s] [ 65%] Built target vesc_msgs__rosidl_typesupport_introspection_cpp
[39.539s] [ 67%] [32m[1mLinking CXX shared library libvesc_msgs__rosidl_typesupport_cpp.so[0m
[39.573s] [ 67%] Built target vesc_msgs__rosidl_typesupport_fastrtps_cpp
[39.657s] [ 69%] [34m[1mGenerating C type support for eProsima Fast-RTPS[0m
[39.897s] [ 69%] Built target vesc_msgs__rosidl_typesupport_cpp
[42.610s] [35m[1mScanning dependencies of target vesc_msgs__rosidl_typesupport_fastrtps_c[0m
[42.780s] [ 70%] [32mBuilding CXX object CMakeFiles/vesc_msgs__rosidl_typesupport_fastrtps_c.dir/rosidl_typesupport_fastrtps_c/vesc_msgs/msg/detail/vesc_state_stamped__type_support_c.cpp.o[0m
[42.794s] [ 72%] [32mBuilding CXX object CMakeFiles/vesc_msgs__rosidl_typesupport_fastrtps_c.dir/rosidl_typesupport_fastrtps_c/vesc_msgs/msg/detail/vesc_state__type_support_c.cpp.o[0m
[42.801s] [ 74%] [32mBuilding CXX object CMakeFiles/vesc_msgs__rosidl_typesupport_fastrtps_c.dir/rosidl_typesupport_fastrtps_c/vesc_msgs/msg/detail/vesc_imu__type_support_c.cpp.o[0m
[45.827s] [ 76%] [32mBuilding CXX object CMakeFiles/vesc_msgs__rosidl_typesupport_fastrtps_c.dir/rosidl_typesupport_fastrtps_c/vesc_msgs/msg/detail/vesc_imu_stamped__type_support_c.cpp.o[0m
[48.553s] [ 78%] [32m[1mLinking CXX shared library libvesc_msgs__rosidl_typesupport_fastrtps_c.so[0m
[49.138s] [ 78%] Built target vesc_msgs__rosidl_typesupport_fastrtps_c
[49.224s] [35m[1mScanning dependencies of target vesc_msgs[0m
[49.309s] [ 78%] Built target vesc_msgs
[49.370s] [35m[1mScanning dependencies of target vesc_msgs__py[0m
[49.456s] [ 80%] [34m[1mGenerating Python code for ROS interfaces[0m
[55.282s] [ 80%] Built target vesc_msgs__py
[55.373s] [35m[1mScanning dependencies of target vesc_msgs__python[0m
[55.573s] [ 81%] [32mBuilding C object CMakeFiles/vesc_msgs__python.dir/rosidl_generator_py/vesc_msgs/msg/_vesc_state_s.c.o[0m
[56.319s] [ 83%] [32mBuilding C object CMakeFiles/vesc_msgs__python.dir/rosidl_generator_py/vesc_msgs/msg/_vesc_imu_stamped_s.c.o[0m
[57.006s] [ 85%] [32mBuilding C object CMakeFiles/vesc_msgs__python.dir/rosidl_generator_py/vesc_msgs/msg/_vesc_imu_s.c.o[0m
[57.631s] [ 87%] [32mBuilding C object CMakeFiles/vesc_msgs__python.dir/rosidl_generator_py/vesc_msgs/msg/_vesc_state_stamped_s.c.o[0m
[58.365s] [ 89%] [32m[1mLinking C shared library rosidl_generator_py/vesc_msgs/libvesc_msgs__python.so[0m
[58.672s] [ 89%] Built target vesc_msgs__python
[58.732s] [35m[1mScanning dependencies of target vesc_msgs__rosidl_typesupport_c__pyext[0m
[58.865s] [ 90%] [32mBuilding C object CMakeFiles/vesc_msgs__rosidl_typesupport_c__pyext.dir/rosidl_generator_py/vesc_msgs/_vesc_msgs_s.ep.rosidl_typesupport_c.c.o[0m
[59.520s] [ 92%] [32m[1mLinking C shared library rosidl_generator_py/vesc_msgs/vesc_msgs_s__rosidl_typesupport_c.cpython-38-aarch64-linux-gnu.so[0m
[59.787s] [ 92%] Built target vesc_msgs__rosidl_typesupport_c__pyext
[59.849s] [35m[1mScanning dependencies of target vesc_msgs__rosidl_typesupport_fastrtps_c__pyext[0m
[59.985s] [ 94%] [32mBuilding C object CMakeFiles/vesc_msgs__rosidl_typesupport_fastrtps_c__pyext.dir/rosidl_generator_py/vesc_msgs/_vesc_msgs_s.ep.rosidl_typesupport_fastrtps_c.c.o[0m
[60.573s] [ 96%] [32m[1mLinking CXX shared library rosidl_generator_py/vesc_msgs/vesc_msgs_s__rosidl_typesupport_fastrtps_c.cpython-38-aarch64-linux-gnu.so[0m
[61.011s] [ 96%] Built target vesc_msgs__rosidl_typesupport_fastrtps_c__pyext
[61.093s] [35m[1mScanning dependencies of target vesc_msgs__rosidl_typesupport_introspection_c__pyext[0m
[61.212s] [ 98%] [32mBuilding C object CMakeFiles/vesc_msgs__rosidl_typesupport_introspection_c__pyext.dir/rosidl_generator_py/vesc_msgs/_vesc_msgs_s.ep.rosidl_typesupport_introspection_c.c.o[0m
[61.805s] [100%] [32m[1mLinking C shared library rosidl_generator_py/vesc_msgs/vesc_msgs_s__rosidl_typesupport_introspection_c.cpython-38-aarch64-linux-gnu.so[0m
[62.030s] [100%] Built target vesc_msgs__rosidl_typesupport_introspection_c__pyext
[62.115s] Invoked command in '/home/nx-ros2/dong_workspace/f1tenth_ws/build/vesc_msgs' returned '0': CMAKE_PREFIX_PATH=${CMAKE_PREFIX_PATH}:/home/nx-ros2/dong_workspace/f1tenth_ws/install/f1tenth_stack:/home/nx-ros2/dong_workspace/f1tenth_ws/install/joy_teleop:/home/nx-ros2/dong_workspace/f1tenth_ws/install/mouse_teleop:/home/nx-ros2/dong_workspace/f1tenth_ws/install/key_teleop:/opt/ros/foxy /usr/bin/cmake --build /home/nx-ros2/dong_workspace/f1tenth_ws/build/vesc_msgs -- -j6 -l6
[62.803s] Invoking command in '/home/nx-ros2/dong_workspace/f1tenth_ws/build/vesc_msgs': CMAKE_PREFIX_PATH=${CMAKE_PREFIX_PATH}:/home/nx-ros2/dong_workspace/f1tenth_ws/install/f1tenth_stack:/home/nx-ros2/dong_workspace/f1tenth_ws/install/joy_teleop:/home/nx-ros2/dong_workspace/f1tenth_ws/install/mouse_teleop:/home/nx-ros2/dong_workspace/f1tenth_ws/install/key_teleop:/opt/ros/foxy /usr/bin/cmake --install /home/nx-ros2/dong_workspace/f1tenth_ws/build/vesc_msgs
[62.868s] -- Install configuration: ""
[62.869s] -- Installing: /home/nx-ros2/dong_workspace/f1tenth_ws/install/vesc_msgs/share/ament_index/resource_index/rosidl_interfaces/vesc_msgs
[62.870s] -- Installing: /home/nx-ros2/dong_workspace/f1tenth_ws/install/vesc_msgs/include/vesc_msgs
[62.871s] -- Installing: /home/nx-ros2/dong_workspace/f1tenth_ws/install/vesc_msgs/include/vesc_msgs/msg
[62.872s] -- Installing: /home/nx-ros2/dong_workspace/f1tenth_ws/install/vesc_msgs/include/vesc_msgs/msg/detail
[62.872s] -- Installing: /home/nx-ros2/dong_workspace/f1tenth_ws/install/vesc_msgs/include/vesc_msgs/msg/detail/vesc_imu__struct.h
[62.873s] -- Installing: /home/nx-ros2/dong_workspace/f1tenth_ws/install/vesc_msgs/include/vesc_msgs/msg/detail/vesc_state__struct.h
[62.873s] -- Installing: /home/nx-ros2/dong_workspace/f1tenth_ws/install/vesc_msgs/include/vesc_msgs/msg/detail/vesc_imu_stamped__functions.c
[62.874s] -- Installing: /home/nx-ros2/dong_workspace/f1tenth_ws/install/vesc_msgs/include/vesc_msgs/msg/detail/vesc_imu__type_support.h
[62.874s] -- Installing: /home/nx-ros2/dong_workspace/f1tenth_ws/install/vesc_msgs/include/vesc_msgs/msg/detail/vesc_imu__functions.c
[62.875s] -- Installing: /home/nx-ros2/dong_workspace/f1tenth_ws/install/vesc_msgs/include/vesc_msgs/msg/detail/vesc_imu_stamped__functions.h
[62.876s] -- Installing: /home/nx-ros2/dong_workspace/f1tenth_ws/install/vesc_msgs/include/vesc_msgs/msg/detail/vesc_state_stamped__functions.c
[62.876s] -- Installing: /home/nx-ros2/dong_workspace/f1tenth_ws/install/vesc_msgs/include/vesc_msgs/msg/detail/vesc_state_stamped__functions.h
[62.877s] -- Installing: /home/nx-ros2/dong_workspace/f1tenth_ws/install/vesc_msgs/include/vesc_msgs/msg/detail/vesc_state__functions.h
[62.878s] -- Installing: /home/nx-ros2/dong_workspace/f1tenth_ws/install/vesc_msgs/include/vesc_msgs/msg/detail/vesc_imu_stamped__struct.h
[62.880s] -- Installing: /home/nx-ros2/dong_workspace/f1tenth_ws/install/vesc_msgs/include/vesc_msgs/msg/detail/vesc_state_stamped__struct.h
[62.880s] -- Installing: /home/nx-ros2/dong_workspace/f1tenth_ws/install/vesc_msgs/include/vesc_msgs/msg/detail/vesc_state__type_support.h
[62.881s] -- Installing: /home/nx-ros2/dong_workspace/f1tenth_ws/install/vesc_msgs/include/vesc_msgs/msg/detail/vesc_imu__functions.h
[62.881s] -- Installing: /home/nx-ros2/dong_workspace/f1tenth_ws/install/vesc_msgs/include/vesc_msgs/msg/detail/vesc_imu_stamped__type_support.h
[62.882s] -- Installing: /home/nx-ros2/dong_workspace/f1tenth_ws/install/vesc_msgs/include/vesc_msgs/msg/detail/vesc_state__functions.c
[62.882s] -- Installing: /home/nx-ros2/dong_workspace/f1tenth_ws/install/vesc_msgs/include/vesc_msgs/msg/detail/vesc_state_stamped__type_support.h
[62.883s] -- Installing: /home/nx-ros2/dong_workspace/f1tenth_ws/install/vesc_msgs/include/vesc_msgs/msg/rosidl_generator_c__visibility_control.h
[62.883s] -- Installing: /home/nx-ros2/dong_workspace/f1tenth_ws/install/vesc_msgs/include/vesc_msgs/msg/vesc_imu.h
[62.884s] -- Installing: /home/nx-ros2/dong_workspace/f1tenth_ws/install/vesc_msgs/include/vesc_msgs/msg/vesc_state.h
[62.885s] -- Installing: /home/nx-ros2/dong_workspace/f1tenth_ws/install/vesc_msgs/include/vesc_msgs/msg/vesc_state_stamped.h
[62.885s] -- Installing: /home/nx-ros2/dong_workspace/f1tenth_ws/install/vesc_msgs/include/vesc_msgs/msg/vesc_imu_stamped.h
[62.895s] -- Installing: /home/nx-ros2/dong_workspace/f1tenth_ws/install/vesc_msgs/share/vesc_msgs/environment/library_path.sh
[62.896s] -- Installing: /home/nx-ros2/dong_workspace/f1tenth_ws/install/vesc_msgs/share/vesc_msgs/environment/library_path.dsv
[62.898s] -- Installing: /home/nx-ros2/dong_workspace/f1tenth_ws/install/vesc_msgs/lib/libvesc_msgs__rosidl_generator_c.so
[62.903s] -- Set runtime path of "/home/nx-ros2/dong_workspace/f1tenth_ws/install/vesc_msgs/lib/libvesc_msgs__rosidl_generator_c.so" to ""
[62.906s] -- Up-to-date: /home/nx-ros2/dong_workspace/f1tenth_ws/install/vesc_msgs/include/vesc_msgs
[62.911s] -- Up-to-date: /home/nx-ros2/dong_workspace/f1tenth_ws/install/vesc_msgs/include/vesc_msgs/msg
[62.913s] -- Up-to-date: /home/nx-ros2/dong_workspace/f1tenth_ws/install/vesc_msgs/include/vesc_msgs/msg/detail
[62.914s] -- Installing: /home/nx-ros2/dong_workspace/f1tenth_ws/install/vesc_msgs/include/vesc_msgs/msg/detail/vesc_state_stamped__rosidl_typesupport_fastrtps_c.h
[62.915s] -- Installing: /home/nx-ros2/dong_workspace/f1tenth_ws/install/vesc_msgs/include/vesc_msgs/msg/detail/vesc_imu__rosidl_typesupport_fastrtps_c.h
[62.915s] -- Installing: /home/nx-ros2/dong_workspace/f1tenth_ws/install/vesc_msgs/include/vesc_msgs/msg/detail/vesc_state__rosidl_typesupport_fastrtps_c.h
[62.915s] -- Installing: /home/nx-ros2/dong_workspace/f1tenth_ws/install/vesc_msgs/include/vesc_msgs/msg/detail/vesc_imu_stamped__rosidl_typesupport_fastrtps_c.h
[62.916s] -- Installing: /home/nx-ros2/dong_workspace/f1tenth_ws/install/vesc_msgs/include/vesc_msgs/msg/rosidl_typesupport_fastrtps_c__visibility_control.h
[62.916s] -- Installing: /home/nx-ros2/dong_workspace/f1tenth_ws/install/vesc_msgs/lib/libvesc_msgs__rosidl_typesupport_fastrtps_c.so
[62.917s] -- Set runtime path of "/home/nx-ros2/dong_workspace/f1tenth_ws/install/vesc_msgs/lib/libvesc_msgs__rosidl_typesupport_fastrtps_c.so" to ""
[62.918s] -- Up-to-date: /home/nx-ros2/dong_workspace/f1tenth_ws/install/vesc_msgs/include/vesc_msgs
[62.918s] -- Up-to-date: /home/nx-ros2/dong_workspace/f1tenth_ws/install/vesc_msgs/include/vesc_msgs/msg
[62.919s] -- Up-to-date: /home/nx-ros2/dong_workspace/f1tenth_ws/install/vesc_msgs/include/vesc_msgs/msg/detail
[62.919s] -- Installing: /home/nx-ros2/dong_workspace/f1tenth_ws/install/vesc_msgs/include/vesc_msgs/msg/detail/dds_fastrtps
[62.920s] -- Installing: /home/nx-ros2/dong_workspace/f1tenth_ws/install/vesc_msgs/include/vesc_msgs/msg/detail/vesc_imu__rosidl_typesupport_fastrtps_cpp.hpp
[62.921s] -- Installing: /home/nx-ros2/dong_workspace/f1tenth_ws/install/vesc_msgs/include/vesc_msgs/msg/detail/vesc_state_stamped__rosidl_typesupport_fastrtps_cpp.hpp
[62.922s] -- Installing: /home/nx-ros2/dong_workspace/f1tenth_ws/install/vesc_msgs/include/vesc_msgs/msg/detail/vesc_state__rosidl_typesupport_fastrtps_cpp.hpp
[62.923s] -- Installing: /home/nx-ros2/dong_workspace/f1tenth_ws/install/vesc_msgs/include/vesc_msgs/msg/detail/vesc_imu_stamped__rosidl_typesupport_fastrtps_cpp.hpp
[62.923s] -- Installing: /home/nx-ros2/dong_workspace/f1tenth_ws/install/vesc_msgs/include/vesc_msgs/msg/rosidl_typesupport_fastrtps_cpp__visibility_control.h
[62.924s] -- Installing: /home/nx-ros2/dong_workspace/f1tenth_ws/install/vesc_msgs/lib/libvesc_msgs__rosidl_typesupport_fastrtps_cpp.so
[62.927s] -- Set runtime path of "/home/nx-ros2/dong_workspace/f1tenth_ws/install/vesc_msgs/lib/libvesc_msgs__rosidl_typesupport_fastrtps_cpp.so" to ""
[62.928s] -- Up-to-date: /home/nx-ros2/dong_workspace/f1tenth_ws/install/vesc_msgs/include/vesc_msgs
[62.928s] -- Up-to-date: /home/nx-ros2/dong_workspace/f1tenth_ws/install/vesc_msgs/include/vesc_msgs/msg
[62.929s] -- Up-to-date: /home/nx-ros2/dong_workspace/f1tenth_ws/install/vesc_msgs/include/vesc_msgs/msg/detail
[62.929s] -- Installing: /home/nx-ros2/dong_workspace/f1tenth_ws/install/vesc_msgs/include/vesc_msgs/msg/detail/vesc_imu__type_support.c
[62.930s] -- Installing: /home/nx-ros2/dong_workspace/f1tenth_ws/install/vesc_msgs/include/vesc_msgs/msg/detail/vesc_state_stamped__type_support.c
[62.930s] -- Installing: /home/nx-ros2/dong_workspace/f1tenth_ws/install/vesc_msgs/include/vesc_msgs/msg/detail/vesc_imu_stamped__type_support.c
[62.930s] -- Installing: /home/nx-ros2/dong_workspace/f1tenth_ws/install/vesc_msgs/include/vesc_msgs/msg/detail/vesc_state_stamped__rosidl_typesupport_introspection_c.h
[62.931s] -- Installing: /home/nx-ros2/dong_workspace/f1tenth_ws/install/vesc_msgs/include/vesc_msgs/msg/detail/vesc_imu_stamped__rosidl_typesupport_introspection_c.h
[62.932s] -- Installing: /home/nx-ros2/dong_workspace/f1tenth_ws/install/vesc_msgs/include/vesc_msgs/msg/detail/vesc_state__type_support.c
[62.932s] -- Installing: /home/nx-ros2/dong_workspace/f1tenth_ws/install/vesc_msgs/include/vesc_msgs/msg/detail/vesc_imu__rosidl_typesupport_introspection_c.h
[62.933s] -- Installing: /home/nx-ros2/dong_workspace/f1tenth_ws/install/vesc_msgs/include/vesc_msgs/msg/detail/vesc_state__rosidl_typesupport_introspection_c.h
[62.934s] -- Installing: /home/nx-ros2/dong_workspace/f1tenth_ws/install/vesc_msgs/include/vesc_msgs/msg/rosidl_typesupport_introspection_c__visibility_control.h
[62.935s] -- Installing: /home/nx-ros2/dong_workspace/f1tenth_ws/install/vesc_msgs/lib/libvesc_msgs__rosidl_typesupport_introspection_c.so
[62.937s] -- Set runtime path of "/home/nx-ros2/dong_workspace/f1tenth_ws/install/vesc_msgs/lib/libvesc_msgs__rosidl_typesupport_introspection_c.so" to ""
[62.938s] -- Installing: /home/nx-ros2/dong_workspace/f1tenth_ws/install/vesc_msgs/lib/libvesc_msgs__rosidl_typesupport_c.so
[62.941s] -- Set runtime path of "/home/nx-ros2/dong_workspace/f1tenth_ws/install/vesc_msgs/lib/libvesc_msgs__rosidl_typesupport_c.so" to ""
[62.941s] -- Up-to-date: /home/nx-ros2/dong_workspace/f1tenth_ws/install/vesc_msgs/include/vesc_msgs
[62.942s] -- Up-to-date: /home/nx-ros2/dong_workspace/f1tenth_ws/install/vesc_msgs/include/vesc_msgs/msg
[62.942s] -- Up-to-date: /home/nx-ros2/dong_workspace/f1tenth_ws/install/vesc_msgs/include/vesc_msgs/msg/detail
[62.943s] -- Installing: /home/nx-ros2/dong_workspace/f1tenth_ws/install/vesc_msgs/include/vesc_msgs/msg/detail/vesc_state_stamped__type_support.hpp
[62.943s] -- Installing: /home/nx-ros2/dong_workspace/f1tenth_ws/install/vesc_msgs/include/vesc_msgs/msg/detail/vesc_imu_stamped__traits.hpp
[62.943s] -- Installing: /home/nx-ros2/dong_workspace/f1tenth_ws/install/vesc_msgs/include/vesc_msgs/msg/detail/vesc_imu__struct.hpp
[62.944s] -- Installing: /home/nx-ros2/dong_workspace/f1tenth_ws/install/vesc_msgs/include/vesc_msgs/msg/detail/vesc_state_stamped__builder.hpp
[62.944s] -- Installing: /home/nx-ros2/dong_workspace/f1tenth_ws/install/vesc_msgs/include/vesc_msgs/msg/detail/vesc_imu_stamped__struct.hpp
[62.945s] -- Installing: /home/nx-ros2/dong_workspace/f1tenth_ws/install/vesc_msgs/include/vesc_msgs/msg/detail/vesc_state__type_support.hpp
[62.945s] -- Installing: /home/nx-ros2/dong_workspace/f1tenth_ws/install/vesc_msgs/include/vesc_msgs/msg/detail/vesc_imu__type_support.hpp
[62.946s] -- Installing: /home/nx-ros2/dong_workspace/f1tenth_ws/install/vesc_msgs/include/vesc_msgs/msg/detail/vesc_state__struct.hpp
[62.947s] -- Installing: /home/nx-ros2/dong_workspace/f1tenth_ws/install/vesc_msgs/include/vesc_msgs/msg/detail/vesc_state_stamped__struct.hpp
[62.947s] -- Installing: /home/nx-ros2/dong_workspace/f1tenth_ws/install/vesc_msgs/include/vesc_msgs/msg/detail/vesc_imu_stamped__type_support.hpp
[62.948s] -- Installing: /home/nx-ros2/dong_workspace/f1tenth_ws/install/vesc_msgs/include/vesc_msgs/msg/detail/vesc_state__traits.hpp
[62.951s] -- Installing: /home/nx-ros2/dong_workspace/f1tenth_ws/install/vesc_msgs/include/vesc_msgs/msg/detail/vesc_imu_stamped__builder.hpp
[62.954s] -- Installing: /home/nx-ros2/dong_workspace/f1tenth_ws/install/vesc_msgs/include/vesc_msgs/msg/detail/vesc_state_stamped__traits.hpp
[62.956s] -- Installing: /home/nx-ros2/dong_workspace/f1tenth_ws/install/vesc_msgs/include/vesc_msgs/msg/detail/vesc_state__builder.hpp
[62.957s] -- Installing: /home/nx-ros2/dong_workspace/f1tenth_ws/install/vesc_msgs/include/vesc_msgs/msg/detail/vesc_imu__traits.hpp
[62.959s] -- Installing: /home/nx-ros2/dong_workspace/f1tenth_ws/install/vesc_msgs/include/vesc_msgs/msg/detail/vesc_imu__builder.hpp
[62.962s] -- Installing: /home/nx-ros2/dong_workspace/f1tenth_ws/install/vesc_msgs/include/vesc_msgs/msg/vesc_imu.hpp
[62.962s] -- Installing: /home/nx-ros2/dong_workspace/f1tenth_ws/install/vesc_msgs/include/vesc_msgs/msg/vesc_state.hpp
[62.964s] -- Installing: /home/nx-ros2/dong_workspace/f1tenth_ws/install/vesc_msgs/include/vesc_msgs/msg/vesc_state_stamped.hpp
[62.965s] -- Installing: /home/nx-ros2/dong_workspace/f1tenth_ws/install/vesc_msgs/include/vesc_msgs/msg/vesc_imu_stamped.hpp
[62.965s] -- Installing: /home/nx-ros2/dong_workspace/f1tenth_ws/install/vesc_msgs/include/vesc_msgs/msg/rosidl_generator_cpp__visibility_control.hpp
[62.966s] -- Up-to-date: /home/nx-ros2/dong_workspace/f1tenth_ws/install/vesc_msgs/include/vesc_msgs
[62.966s] -- Up-to-date: /home/nx-ros2/dong_workspace/f1tenth_ws/install/vesc_msgs/include/vesc_msgs/msg
[62.967s] -- Up-to-date: /home/nx-ros2/dong_workspace/f1tenth_ws/install/vesc_msgs/include/vesc_msgs/msg/detail
[62.967s] -- Installing: /home/nx-ros2/dong_workspace/f1tenth_ws/install/vesc_msgs/include/vesc_msgs/msg/detail/vesc_imu_stamped__rosidl_typesupport_introspection_cpp.hpp
[62.967s] -- Installing: /home/nx-ros2/dong_workspace/f1tenth_ws/install/vesc_msgs/include/vesc_msgs/msg/detail/vesc_state_stamped__type_support.cpp
[62.968s] -- Installing: /home/nx-ros2/dong_workspace/f1tenth_ws/install/vesc_msgs/include/vesc_msgs/msg/detail/vesc_state__type_support.cpp
[62.969s] -- Installing: /home/nx-ros2/dong_workspace/f1tenth_ws/install/vesc_msgs/include/vesc_msgs/msg/detail/vesc_imu_stamped__type_support.cpp
[62.969s] -- Installing: /home/nx-ros2/dong_workspace/f1tenth_ws/install/vesc_msgs/include/vesc_msgs/msg/detail/vesc_state__rosidl_typesupport_introspection_cpp.hpp
[62.970s] -- Installing: /home/nx-ros2/dong_workspace/f1tenth_ws/install/vesc_msgs/include/vesc_msgs/msg/detail/vesc_imu__rosidl_typesupport_introspection_cpp.hpp
[62.970s] -- Installing: /home/nx-ros2/dong_workspace/f1tenth_ws/install/vesc_msgs/include/vesc_msgs/msg/detail/vesc_imu__type_support.cpp
[62.971s] -- Installing: /home/nx-ros2/dong_workspace/f1tenth_ws/install/vesc_msgs/include/vesc_msgs/msg/detail/vesc_state_stamped__rosidl_typesupport_introspection_cpp.hpp
[62.972s] -- Installing: /home/nx-ros2/dong_workspace/f1tenth_ws/install/vesc_msgs/lib/libvesc_msgs__rosidl_typesupport_introspection_cpp.so
[62.975s] -- Set runtime path of "/home/nx-ros2/dong_workspace/f1tenth_ws/install/vesc_msgs/lib/libvesc_msgs__rosidl_typesupport_introspection_cpp.so" to ""
[62.976s] -- Installing: /home/nx-ros2/dong_workspace/f1tenth_ws/install/vesc_msgs/lib/libvesc_msgs__rosidl_typesupport_cpp.so
[62.979s] -- Set runtime path of "/home/nx-ros2/dong_workspace/f1tenth_ws/install/vesc_msgs/lib/libvesc_msgs__rosidl_typesupport_cpp.so" to ""
[62.979s] -- Installing: /home/nx-ros2/dong_workspace/f1tenth_ws/install/vesc_msgs/share/vesc_msgs/environment/pythonpath.sh
[62.980s] -- Installing: /home/nx-ros2/dong_workspace/f1tenth_ws/install/vesc_msgs/share/vesc_msgs/environment/pythonpath.dsv
[62.982s] -- Installing: /home/nx-ros2/dong_workspace/f1tenth_ws/install/vesc_msgs/lib/python3.8/site-packages/vesc_msgs/__init__.py
[63.190s] Compiling '/home/nx-ros2/dong_workspace/f1tenth_ws/install/vesc_msgs/lib/python3.8/site-packages/vesc_msgs/__init__.py'...
[63.211s] -- Installing: /home/nx-ros2/dong_workspace/f1tenth_ws/install/vesc_msgs/lib/python3.8/site-packages/vesc_msgs/msg
[63.212s] -- Installing: /home/nx-ros2/dong_workspace/f1tenth_ws/install/vesc_msgs/lib/python3.8/site-packages/vesc_msgs/msg/_vesc_state_s.c
[63.215s] -- Installing: /home/nx-ros2/dong_workspace/f1tenth_ws/install/vesc_msgs/lib/python3.8/site-packages/vesc_msgs/msg/_vesc_state_stamped.py
[63.217s] -- Installing: /home/nx-ros2/dong_workspace/f1tenth_ws/install/vesc_msgs/lib/python3.8/site-packages/vesc_msgs/msg/_vesc_state.py
[63.217s] -- Installing: /home/nx-ros2/dong_workspace/f1tenth_ws/install/vesc_msgs/lib/python3.8/site-packages/vesc_msgs/msg/__init__.py
[63.218s] -- Installing: /home/nx-ros2/dong_workspace/f1tenth_ws/install/vesc_msgs/lib/python3.8/site-packages/vesc_msgs/msg/_vesc_imu.py
[63.219s] -- Installing: /home/nx-ros2/dong_workspace/f1tenth_ws/install/vesc_msgs/lib/python3.8/site-packages/vesc_msgs/msg/_vesc_state_stamped_s.c
[63.222s] -- Installing: /home/nx-ros2/dong_workspace/f1tenth_ws/install/vesc_msgs/lib/python3.8/site-packages/vesc_msgs/msg/_vesc_imu_stamped_s.c
[63.222s] -- Installing: /home/nx-ros2/dong_workspace/f1tenth_ws/install/vesc_msgs/lib/python3.8/site-packages/vesc_msgs/msg/_vesc_imu_s.c
[63.225s] -- Installing: /home/nx-ros2/dong_workspace/f1tenth_ws/install/vesc_msgs/lib/python3.8/site-packages/vesc_msgs/msg/_vesc_imu_stamped.py
[63.225s] -- Installing: /home/nx-ros2/dong_workspace/f1tenth_ws/install/vesc_msgs/lib/python3.8/site-packages/vesc_msgs/vesc_msgs_s__rosidl_typesupport_fastrtps_c.cpython-38-aarch64-linux-gnu.so
[63.227s] -- Set runtime path of "/home/nx-ros2/dong_workspace/f1tenth_ws/install/vesc_msgs/lib/python3.8/site-packages/vesc_msgs/vesc_msgs_s__rosidl_typesupport_fastrtps_c.cpython-38-aarch64-linux-gnu.so" to ""
[63.230s] -- Installing: /home/nx-ros2/dong_workspace/f1tenth_ws/install/vesc_msgs/lib/python3.8/site-packages/vesc_msgs/vesc_msgs_s__rosidl_typesupport_introspection_c.cpython-38-aarch64-linux-gnu.so
[63.235s] -- Set runtime path of "/home/nx-ros2/dong_workspace/f1tenth_ws/install/vesc_msgs/lib/python3.8/site-packages/vesc_msgs/vesc_msgs_s__rosidl_typesupport_introspection_c.cpython-38-aarch64-linux-gnu.so" to ""
[63.236s] -- Installing: /home/nx-ros2/dong_workspace/f1tenth_ws/install/vesc_msgs/lib/python3.8/site-packages/vesc_msgs/vesc_msgs_s__rosidl_typesupport_c.cpython-38-aarch64-linux-gnu.so
[63.240s] -- Set runtime path of "/home/nx-ros2/dong_workspace/f1tenth_ws/install/vesc_msgs/lib/python3.8/site-packages/vesc_msgs/vesc_msgs_s__rosidl_typesupport_c.cpython-38-aarch64-linux-gnu.so" to ""
[63.240s] -- Installing: /home/nx-ros2/dong_workspace/f1tenth_ws/install/vesc_msgs/lib/libvesc_msgs__python.so
[63.245s] -- Set runtime path of "/home/nx-ros2/dong_workspace/f1tenth_ws/install/vesc_msgs/lib/libvesc_msgs__python.so" to ""
[63.245s] -- Installing: /home/nx-ros2/dong_workspace/f1tenth_ws/install/vesc_msgs/share/vesc_msgs/msg/VescState.idl
[63.246s] -- Installing: /home/nx-ros2/dong_workspace/f1tenth_ws/install/vesc_msgs/share/vesc_msgs/msg/VescStateStamped.idl
[63.248s] -- Installing: /home/nx-ros2/dong_workspace/f1tenth_ws/install/vesc_msgs/share/vesc_msgs/msg/VescImu.idl
[63.251s] -- Installing: /home/nx-ros2/dong_workspace/f1tenth_ws/install/vesc_msgs/share/vesc_msgs/msg/VescImuStamped.idl
[63.252s] -- Installing: /home/nx-ros2/dong_workspace/f1tenth_ws/install/vesc_msgs/share/vesc_msgs/msg/VescState.msg
[63.253s] -- Installing: /home/nx-ros2/dong_workspace/f1tenth_ws/install/vesc_msgs/share/vesc_msgs/msg/VescStateStamped.msg
[63.253s] -- Installing: /home/nx-ros2/dong_workspace/f1tenth_ws/install/vesc_msgs/share/vesc_msgs/msg/VescImu.msg
[63.254s] -- Installing: /home/nx-ros2/dong_workspace/f1tenth_ws/install/vesc_msgs/share/vesc_msgs/msg/VescImuStamped.msg
[63.255s] -- Installing: /home/nx-ros2/dong_workspace/f1tenth_ws/install/vesc_msgs/share/ament_index/resource_index/package_run_dependencies/vesc_msgs
[63.256s] -- Installing: /home/nx-ros2/dong_workspace/f1tenth_ws/install/vesc_msgs/share/ament_index/resource_index/parent_prefix_path/vesc_msgs
[63.257s] -- Installing: /home/nx-ros2/dong_workspace/f1tenth_ws/install/vesc_msgs/share/vesc_msgs/environment/ament_prefix_path.sh
[63.258s] -- Installing: /home/nx-ros2/dong_workspace/f1tenth_ws/install/vesc_msgs/share/vesc_msgs/environment/ament_prefix_path.dsv
[63.259s] -- Installing: /home/nx-ros2/dong_workspace/f1tenth_ws/install/vesc_msgs/share/vesc_msgs/environment/path.sh
[63.260s] -- Installing: /home/nx-ros2/dong_workspace/f1tenth_ws/install/vesc_msgs/share/vesc_msgs/environment/path.dsv
[63.260s] -- Installing: /home/nx-ros2/dong_workspace/f1tenth_ws/install/vesc_msgs/share/vesc_msgs/local_setup.bash
[63.261s] -- Installing: /home/nx-ros2/dong_workspace/f1tenth_ws/install/vesc_msgs/share/vesc_msgs/local_setup.sh
[63.262s] -- Installing: /home/nx-ros2/dong_workspace/f1tenth_ws/install/vesc_msgs/share/vesc_msgs/local_setup.zsh
[63.263s] -- Installing: /home/nx-ros2/dong_workspace/f1tenth_ws/install/vesc_msgs/share/vesc_msgs/local_setup.dsv
[63.264s] -- Installing: /home/nx-ros2/dong_workspace/f1tenth_ws/install/vesc_msgs/share/vesc_msgs/package.dsv
[63.265s] -- Installing: /home/nx-ros2/dong_workspace/f1tenth_ws/install/vesc_msgs/share/ament_index/resource_index/packages/vesc_msgs
[63.275s] -- Installing: /home/nx-ros2/dong_workspace/f1tenth_ws/install/vesc_msgs/share/vesc_msgs/cmake/vesc_msgs__rosidl_generator_cExport.cmake
[63.279s] -- Installing: /home/nx-ros2/dong_workspace/f1tenth_ws/install/vesc_msgs/share/vesc_msgs/cmake/vesc_msgs__rosidl_generator_cExport-noconfig.cmake
[63.281s] -- Installing: /home/nx-ros2/dong_workspace/f1tenth_ws/install/vesc_msgs/share/vesc_msgs/cmake/vesc_msgs__rosidl_typesupport_introspection_cExport.cmake
[63.282s] -- Installing: /home/nx-ros2/dong_workspace/f1tenth_ws/install/vesc_msgs/share/vesc_msgs/cmake/vesc_msgs__rosidl_typesupport_introspection_cExport-noconfig.cmake
[63.283s] -- Installing: /home/nx-ros2/dong_workspace/f1tenth_ws/install/vesc_msgs/share/vesc_msgs/cmake/vesc_msgs__rosidl_typesupport_cExport.cmake
[63.283s] -- Installing: /home/nx-ros2/dong_workspace/f1tenth_ws/install/vesc_msgs/share/vesc_msgs/cmake/vesc_msgs__rosidl_typesupport_cExport-noconfig.cmake
[63.284s] -- Installing: /home/nx-ros2/dong_workspace/f1tenth_ws/install/vesc_msgs/share/vesc_msgs/cmake/vesc_msgs__rosidl_generator_cppExport.cmake
[63.285s] -- Installing: /home/nx-ros2/dong_workspace/f1tenth_ws/install/vesc_msgs/share/vesc_msgs/cmake/vesc_msgs__rosidl_typesupport_introspection_cppExport.cmake
[63.286s] -- Installing: /home/nx-ros2/dong_workspace/f1tenth_ws/install/vesc_msgs/share/vesc_msgs/cmake/vesc_msgs__rosidl_typesupport_introspection_cppExport-noconfig.cmake
[63.287s] -- Installing: /home/nx-ros2/dong_workspace/f1tenth_ws/install/vesc_msgs/share/vesc_msgs/cmake/vesc_msgs__rosidl_typesupport_cppExport.cmake
[63.288s] -- Installing: /home/nx-ros2/dong_workspace/f1tenth_ws/install/vesc_msgs/share/vesc_msgs/cmake/vesc_msgs__rosidl_typesupport_cppExport-noconfig.cmake
[63.289s] -- Installing: /home/nx-ros2/dong_workspace/f1tenth_ws/install/vesc_msgs/share/vesc_msgs/cmake/rosidl_cmake-extras.cmake
[63.290s] -- Installing: /home/nx-ros2/dong_workspace/f1tenth_ws/install/vesc_msgs/share/vesc_msgs/cmake/ament_cmake_export_dependencies-extras.cmake
[63.291s] -- Installing: /home/nx-ros2/dong_workspace/f1tenth_ws/install/vesc_msgs/share/vesc_msgs/cmake/ament_cmake_export_libraries-extras.cmake
[63.296s] -- Installing: /home/nx-ros2/dong_workspace/f1tenth_ws/install/vesc_msgs/share/vesc_msgs/cmake/ament_cmake_export_targets-extras.cmake
[63.297s] -- Installing: /home/nx-ros2/dong_workspace/f1tenth_ws/install/vesc_msgs/share/vesc_msgs/cmake/ament_cmake_export_include_directories-extras.cmake
[63.301s] -- Installing: /home/nx-ros2/dong_workspace/f1tenth_ws/install/vesc_msgs/share/vesc_msgs/cmake/rosidl_cmake_export_typesupport_libraries-extras.cmake
[63.302s] -- Installing: /home/nx-ros2/dong_workspace/f1tenth_ws/install/vesc_msgs/share/vesc_msgs/cmake/rosidl_cmake_export_typesupport_targets-extras.cmake
[63.306s] -- Installing: /home/nx-ros2/dong_workspace/f1tenth_ws/install/vesc_msgs/share/vesc_msgs/cmake/vesc_msgsConfig.cmake
[63.307s] -- Installing: /home/nx-ros2/dong_workspace/f1tenth_ws/install/vesc_msgs/share/vesc_msgs/cmake/vesc_msgsConfig-version.cmake
[63.308s] -- Installing: /home/nx-ros2/dong_workspace/f1tenth_ws/install/vesc_msgs/share/vesc_msgs/package.xml
[63.324s] Invoked command in '/home/nx-ros2/dong_workspace/f1tenth_ws/build/vesc_msgs' returned '0': CMAKE_PREFIX_PATH=${CMAKE_PREFIX_PATH}:/home/nx-ros2/dong_workspace/f1tenth_ws/install/f1tenth_stack:/home/nx-ros2/dong_workspace/f1tenth_ws/install/joy_teleop:/home/nx-ros2/dong_workspace/f1tenth_ws/install/mouse_teleop:/home/nx-ros2/dong_workspace/f1tenth_ws/install/key_teleop:/opt/ros/foxy /usr/bin/cmake --install /home/nx-ros2/dong_workspace/f1tenth_ws/build/vesc_msgs
