[2.027s] DEBUG:colcon:Command line arguments: ['/usr/bin/colcon', 'build']
[2.028s] DEBUG:colcon:Parsed command line arguments: Namespace(allow_overriding=[], ament_cmake_args=None, base_paths=['.'], build_base='build', catkin_cmake_args=None, catkin_skip_building_tests=False, cmake_args=None, cmake_clean_cache=False, cmake_clean_first=False, cmake_force_configure=False, cmake_target=None, cmake_target_skip_unavailable=False, continue_on_error=False, event_handlers=None, executor='parallel', ignore_user_meta=False, install_base='install', log_base=None, log_level=None, main=<bound method BuildVerb.main of <colcon_core.verb.build.BuildVerb object at 0xffffab2330d0>>, merge_install=False, metas=['./colcon.meta'], packages_above=None, packages_above_and_dependencies=None, packages_above_depth=None, packages_end=None, packages_ignore=None, packages_ignore_regex=None, packages_select=None, packages_select_build_failed=False, packages_select_by_dep=None, packages_select_regex=None, packages_select_test_failures=False, packages_skip=None, packages_skip_build_finished=False, packages_skip_by_dep=None, packages_skip_regex=None, packages_skip_test_passed=False, packages_skip_up_to=None, packages_start=None, packages_up_to=None, packages_up_to_regex=None, parallel_workers=6, paths=None, symlink_install=False, test_result_base=None, verb_extension=<colcon_core.verb.build.BuildVerb object at 0xffffab2330d0>, verb_name='build', verb_parser=<colcon_defaults.argument_parser.defaults.DefaultArgumentsDecorator object at 0xffffab233610>)
[2.248s] Level 1:colcon.colcon_core.package_discovery:discover_packages(colcon_meta) check parameters
[2.248s] Level 1:colcon.colcon_core.package_discovery:discover_packages(recursive) check parameters
[2.249s] Level 1:colcon.colcon_core.package_discovery:discover_packages(ignore) check parameters
[2.249s] Level 1:colcon.colcon_core.package_discovery:discover_packages(path) check parameters
[2.249s] Level 1:colcon.colcon_core.package_discovery:discover_packages(colcon_meta) discover
[2.250s] Level 1:colcon.colcon_core.package_discovery:discover_packages(recursive) discover
[2.251s] INFO:colcon.colcon_core.package_discovery:Crawling recursively for packages in '/home/nx-ros2/varun_ws/f1tenth_ws/src/f1tenth_system/camera/camera/dataset'
[2.251s] Level 1:colcon.colcon_core.package_identification:_identify(.) by extensions ['ignore', 'ignore_ament_install']
[2.252s] Level 1:colcon.colcon_core.package_identification:_identify(.) by extension 'ignore'
[2.252s] Level 1:colcon.colcon_core.package_identification:_identify(.) by extension 'ignore_ament_install'
[2.253s] Level 1:colcon.colcon_core.package_identification:_identify(.) by extensions ['colcon_pkg']
[2.253s] Level 1:colcon.colcon_core.package_identification:_identify(.) by extension 'colcon_pkg'
[2.253s] Level 1:colcon.colcon_core.package_identification:_identify(.) by extensions ['colcon_meta']
[2.253s] Level 1:colcon.colcon_core.package_identification:_identify(.) by extension 'colcon_meta'
[2.254s] Level 1:colcon.colcon_core.package_identification:_identify(.) by extensions ['ros']
[2.254s] Level 1:colcon.colcon_core.package_identification:_identify(.) by extension 'ros'
[2.394s] Level 1:colcon.colcon_core.package_identification:_identify(.) by extensions ['cmake', 'python']
[2.394s] Level 1:colcon.colcon_core.package_identification:_identify(.) by extension 'cmake'
[2.395s] Level 1:colcon.colcon_core.package_identification:_identify(.) by extension 'python'
[2.395s] Level 1:colcon.colcon_core.package_identification:_identify(.) by extensions ['python_setup_py']
[2.395s] Level 1:colcon.colcon_core.package_identification:_identify(.) by extension 'python_setup_py'
[2.396s] Level 1:colcon.colcon_core.package_identification:_identify(build) by extensions ['ignore', 'ignore_ament_install']
[2.396s] Level 1:colcon.colcon_core.package_identification:_identify(build) by extension 'ignore'
[2.397s] Level 1:colcon.colcon_core.package_identification:_identify(build) ignored
[2.397s] Level 1:colcon.colcon_core.package_identification:_identify(combo1n2) by extensions ['ignore', 'ignore_ament_install']
[2.398s] Level 1:colcon.colcon_core.package_identification:_identify(combo1n2) by extension 'ignore'
[2.398s] Level 1:colcon.colcon_core.package_identification:_identify(combo1n2) by extension 'ignore_ament_install'
[2.398s] Level 1:colcon.colcon_core.package_identification:_identify(combo1n2) by extensions ['colcon_pkg']
[2.398s] Level 1:colcon.colcon_core.package_identification:_identify(combo1n2) by extension 'colcon_pkg'
[2.399s] Level 1:colcon.colcon_core.package_identification:_identify(combo1n2) by extensions ['colcon_meta']
[2.399s] Level 1:colcon.colcon_core.package_identification:_identify(combo1n2) by extension 'colcon_meta'
[2.399s] Level 1:colcon.colcon_core.package_identification:_identify(combo1n2) by extensions ['ros']
[2.399s] Level 1:colcon.colcon_core.package_identification:_identify(combo1n2) by extension 'ros'
[2.400s] Level 1:colcon.colcon_core.package_identification:_identify(combo1n2) by extensions ['cmake', 'python']
[2.400s] Level 1:colcon.colcon_core.package_identification:_identify(combo1n2) by extension 'cmake'
[2.400s] Level 1:colcon.colcon_core.package_identification:_identify(combo1n2) by extension 'python'
[2.400s] Level 1:colcon.colcon_core.package_identification:_identify(combo1n2) by extensions ['python_setup_py']
[2.400s] Level 1:colcon.colcon_core.package_identification:_identify(combo1n2) by extension 'python_setup_py'
[2.401s] Level 1:colcon.colcon_core.package_identification:_identify(combo1n3) by extensions ['ignore', 'ignore_ament_install']
[2.401s] Level 1:colcon.colcon_core.package_identification:_identify(combo1n3) by extension 'ignore'
[2.402s] Level 1:colcon.colcon_core.package_identification:_identify(combo1n3) by extension 'ignore_ament_install'
[2.402s] Level 1:colcon.colcon_core.package_identification:_identify(combo1n3) by extensions ['colcon_pkg']
[2.402s] Level 1:colcon.colcon_core.package_identification:_identify(combo1n3) by extension 'colcon_pkg'
[2.402s] Level 1:colcon.colcon_core.package_identification:_identify(combo1n3) by extensions ['colcon_meta']
[2.402s] Level 1:colcon.colcon_core.package_identification:_identify(combo1n3) by extension 'colcon_meta'
[2.403s] Level 1:colcon.colcon_core.package_identification:_identify(combo1n3) by extensions ['ros']
[2.403s] Level 1:colcon.colcon_core.package_identification:_identify(combo1n3) by extension 'ros'
[2.403s] Level 1:colcon.colcon_core.package_identification:_identify(combo1n3) by extensions ['cmake', 'python']
[2.403s] Level 1:colcon.colcon_core.package_identification:_identify(combo1n3) by extension 'cmake'
[2.404s] Level 1:colcon.colcon_core.package_identification:_identify(combo1n3) by extension 'python'
[2.404s] Level 1:colcon.colcon_core.package_identification:_identify(combo1n3) by extensions ['python_setup_py']
[2.404s] Level 1:colcon.colcon_core.package_identification:_identify(combo1n3) by extension 'python_setup_py'
[2.404s] Level 1:colcon.colcon_core.package_identification:_identify(combo1n4) by extensions ['ignore', 'ignore_ament_install']
[2.405s] Level 1:colcon.colcon_core.package_identification:_identify(combo1n4) by extension 'ignore'
[2.405s] Level 1:colcon.colcon_core.package_identification:_identify(combo1n4) by extension 'ignore_ament_install'
[2.406s] Level 1:colcon.colcon_core.package_identification:_identify(combo1n4) by extensions ['colcon_pkg']
[2.406s] Level 1:colcon.colcon_core.package_identification:_identify(combo1n4) by extension 'colcon_pkg'
[2.406s] Level 1:colcon.colcon_core.package_identification:_identify(combo1n4) by extensions ['colcon_meta']
[2.406s] Level 1:colcon.colcon_core.package_identification:_identify(combo1n4) by extension 'colcon_meta'
[2.406s] Level 1:colcon.colcon_core.package_identification:_identify(combo1n4) by extensions ['ros']
[2.406s] Level 1:colcon.colcon_core.package_identification:_identify(combo1n4) by extension 'ros'
[2.407s] Level 1:colcon.colcon_core.package_identification:_identify(combo1n4) by extensions ['cmake', 'python']
[2.407s] Level 1:colcon.colcon_core.package_identification:_identify(combo1n4) by extension 'cmake'
[2.407s] Level 1:colcon.colcon_core.package_identification:_identify(combo1n4) by extension 'python'
[2.407s] Level 1:colcon.colcon_core.package_identification:_identify(combo1n4) by extensions ['python_setup_py']
[2.408s] Level 1:colcon.colcon_core.package_identification:_identify(combo1n4) by extension 'python_setup_py'
[2.408s] Level 1:colcon.colcon_core.package_identification:_identify(combo1to4) by extensions ['ignore', 'ignore_ament_install']
[2.409s] Level 1:colcon.colcon_core.package_identification:_identify(combo1to4) by extension 'ignore'
[2.409s] Level 1:colcon.colcon_core.package_identification:_identify(combo1to4) by extension 'ignore_ament_install'
[2.409s] Level 1:colcon.colcon_core.package_identification:_identify(combo1to4) by extensions ['colcon_pkg']
[2.409s] Level 1:colcon.colcon_core.package_identification:_identify(combo1to4) by extension 'colcon_pkg'
[2.409s] Level 1:colcon.colcon_core.package_identification:_identify(combo1to4) by extensions ['colcon_meta']
[2.410s] Level 1:colcon.colcon_core.package_identification:_identify(combo1to4) by extension 'colcon_meta'
[2.410s] Level 1:colcon.colcon_core.package_identification:_identify(combo1to4) by extensions ['ros']
[2.410s] Level 1:colcon.colcon_core.package_identification:_identify(combo1to4) by extension 'ros'
[2.410s] Level 1:colcon.colcon_core.package_identification:_identify(combo1to4) by extensions ['cmake', 'python']
[2.411s] Level 1:colcon.colcon_core.package_identification:_identify(combo1to4) by extension 'cmake'
[2.411s] Level 1:colcon.colcon_core.package_identification:_identify(combo1to4) by extension 'python'
[2.411s] Level 1:colcon.colcon_core.package_identification:_identify(combo1to4) by extensions ['python_setup_py']
[2.411s] Level 1:colcon.colcon_core.package_identification:_identify(combo1to4) by extension 'python_setup_py'
[2.412s] Level 1:colcon.colcon_core.package_identification:_identify(combo2obst2gether) by extensions ['ignore', 'ignore_ament_install']
[2.412s] Level 1:colcon.colcon_core.package_identification:_identify(combo2obst2gether) by extension 'ignore'
[2.412s] Level 1:colcon.colcon_core.package_identification:_identify(combo2obst2gether) by extension 'ignore_ament_install'
[2.413s] Level 1:colcon.colcon_core.package_identification:_identify(combo2obst2gether) by extensions ['colcon_pkg']
[2.413s] Level 1:colcon.colcon_core.package_identification:_identify(combo2obst2gether) by extension 'colcon_pkg'
[2.413s] Level 1:colcon.colcon_core.package_identification:_identify(combo2obst2gether) by extensions ['colcon_meta']
[2.413s] Level 1:colcon.colcon_core.package_identification:_identify(combo2obst2gether) by extension 'colcon_meta'
[2.413s] Level 1:colcon.colcon_core.package_identification:_identify(combo2obst2gether) by extensions ['ros']
[2.414s] Level 1:colcon.colcon_core.package_identification:_identify(combo2obst2gether) by extension 'ros'
[2.414s] Level 1:colcon.colcon_core.package_identification:_identify(combo2obst2gether) by extensions ['cmake', 'python']
[2.414s] Level 1:colcon.colcon_core.package_identification:_identify(combo2obst2gether) by extension 'cmake'
[2.414s] Level 1:colcon.colcon_core.package_identification:_identify(combo2obst2gether) by extension 'python'
[2.415s] Level 1:colcon.colcon_core.package_identification:_identify(combo2obst2gether) by extensions ['python_setup_py']
[2.415s] Level 1:colcon.colcon_core.package_identification:_identify(combo2obst2gether) by extension 'python_setup_py'
[2.415s] Level 1:colcon.colcon_core.package_identification:_identify(install) by extensions ['ignore', 'ignore_ament_install']
[2.416s] Level 1:colcon.colcon_core.package_identification:_identify(install) by extension 'ignore'
[2.417s] Level 1:colcon.colcon_core.package_identification:_identify(install) ignored
[2.418s] Level 1:colcon.colcon_core.package_identification:_identify(justredcups) by extensions ['ignore', 'ignore_ament_install']
[2.418s] Level 1:colcon.colcon_core.package_identification:_identify(justredcups) by extension 'ignore'
[2.419s] Level 1:colcon.colcon_core.package_identification:_identify(justredcups) by extension 'ignore_ament_install'
[2.419s] Level 1:colcon.colcon_core.package_identification:_identify(justredcups) by extensions ['colcon_pkg']
[2.419s] Level 1:colcon.colcon_core.package_identification:_identify(justredcups) by extension 'colcon_pkg'
[2.419s] Level 1:colcon.colcon_core.package_identification:_identify(justredcups) by extensions ['colcon_meta']
[2.420s] Level 1:colcon.colcon_core.package_identification:_identify(justredcups) by extension 'colcon_meta'
[2.420s] Level 1:colcon.colcon_core.package_identification:_identify(justredcups) by extensions ['ros']
[2.420s] Level 1:colcon.colcon_core.package_identification:_identify(justredcups) by extension 'ros'
[2.421s] Level 1:colcon.colcon_core.package_identification:_identify(justredcups) by extensions ['cmake', 'python']
[2.421s] Level 1:colcon.colcon_core.package_identification:_identify(justredcups) by extension 'cmake'
[2.421s] Level 1:colcon.colcon_core.package_identification:_identify(justredcups) by extension 'python'
[2.421s] Level 1:colcon.colcon_core.package_identification:_identify(justredcups) by extensions ['python_setup_py']
[2.421s] Level 1:colcon.colcon_core.package_identification:_identify(justredcups) by extension 'python_setup_py'
[2.423s] Level 1:colcon.colcon_core.package_identification:_identify(justredcups0) by extensions ['ignore', 'ignore_ament_install']
[2.424s] Level 1:colcon.colcon_core.package_identification:_identify(justredcups0) by extension 'ignore'
[2.424s] Level 1:colcon.colcon_core.package_identification:_identify(justredcups0) by extension 'ignore_ament_install'
[2.424s] Level 1:colcon.colcon_core.package_identification:_identify(justredcups0) by extensions ['colcon_pkg']
[2.424s] Level 1:colcon.colcon_core.package_identification:_identify(justredcups0) by extension 'colcon_pkg'
[2.425s] Level 1:colcon.colcon_core.package_identification:_identify(justredcups0) by extensions ['colcon_meta']
[2.425s] Level 1:colcon.colcon_core.package_identification:_identify(justredcups0) by extension 'colcon_meta'
[2.425s] Level 1:colcon.colcon_core.package_identification:_identify(justredcups0) by extensions ['ros']
[2.425s] Level 1:colcon.colcon_core.package_identification:_identify(justredcups0) by extension 'ros'
[2.426s] Level 1:colcon.colcon_core.package_identification:_identify(justredcups0) by extensions ['cmake', 'python']
[2.426s] Level 1:colcon.colcon_core.package_identification:_identify(justredcups0) by extension 'cmake'
[2.426s] Level 1:colcon.colcon_core.package_identification:_identify(justredcups0) by extension 'python'
[2.426s] Level 1:colcon.colcon_core.package_identification:_identify(justredcups0) by extensions ['python_setup_py']
[2.426s] Level 1:colcon.colcon_core.package_identification:_identify(justredcups0) by extension 'python_setup_py'
[2.429s] Level 1:colcon.colcon_core.package_identification:_identify(justsqrbox) by extensions ['ignore', 'ignore_ament_install']
[2.429s] Level 1:colcon.colcon_core.package_identification:_identify(justsqrbox) by extension 'ignore'
[2.429s] Level 1:colcon.colcon_core.package_identification:_identify(justsqrbox) by extension 'ignore_ament_install'
[2.430s] Level 1:colcon.colcon_core.package_identification:_identify(justsqrbox) by extensions ['colcon_pkg']
[2.430s] Level 1:colcon.colcon_core.package_identification:_identify(justsqrbox) by extension 'colcon_pkg'
[2.430s] Level 1:colcon.colcon_core.package_identification:_identify(justsqrbox) by extensions ['colcon_meta']
[2.430s] Level 1:colcon.colcon_core.package_identification:_identify(justsqrbox) by extension 'colcon_meta'
[2.430s] Level 1:colcon.colcon_core.package_identification:_identify(justsqrbox) by extensions ['ros']
[2.431s] Level 1:colcon.colcon_core.package_identification:_identify(justsqrbox) by extension 'ros'
[2.431s] Level 1:colcon.colcon_core.package_identification:_identify(justsqrbox) by extensions ['cmake', 'python']
[2.431s] Level 1:colcon.colcon_core.package_identification:_identify(justsqrbox) by extension 'cmake'
[2.431s] Level 1:colcon.colcon_core.package_identification:_identify(justsqrbox) by extension 'python'
[2.432s] Level 1:colcon.colcon_core.package_identification:_identify(justsqrbox) by extensions ['python_setup_py']
[2.432s] Level 1:colcon.colcon_core.package_identification:_identify(justsqrbox) by extension 'python_setup_py'
[2.432s] Level 1:colcon.colcon_core.package_identification:_identify(log) by extensions ['ignore', 'ignore_ament_install']
[2.433s] Level 1:colcon.colcon_core.package_identification:_identify(log) by extension 'ignore'
[2.433s] Level 1:colcon.colcon_core.package_identification:_identify(log) ignored
[2.434s] Level 1:colcon.colcon_core.package_identification:_identify(morescore1) by extensions ['ignore', 'ignore_ament_install']
[2.434s] Level 1:colcon.colcon_core.package_identification:_identify(morescore1) by extension 'ignore'
[2.435s] Level 1:colcon.colcon_core.package_identification:_identify(morescore1) by extension 'ignore_ament_install'
[2.435s] Level 1:colcon.colcon_core.package_identification:_identify(morescore1) by extensions ['colcon_pkg']
[2.435s] Level 1:colcon.colcon_core.package_identification:_identify(morescore1) by extension 'colcon_pkg'
[2.435s] Level 1:colcon.colcon_core.package_identification:_identify(morescore1) by extensions ['colcon_meta']
[2.435s] Level 1:colcon.colcon_core.package_identification:_identify(morescore1) by extension 'colcon_meta'
[2.436s] Level 1:colcon.colcon_core.package_identification:_identify(morescore1) by extensions ['ros']
[2.436s] Level 1:colcon.colcon_core.package_identification:_identify(morescore1) by extension 'ros'
[2.436s] Level 1:colcon.colcon_core.package_identification:_identify(morescore1) by extensions ['cmake', 'python']
[2.436s] Level 1:colcon.colcon_core.package_identification:_identify(morescore1) by extension 'cmake'
[2.437s] Level 1:colcon.colcon_core.package_identification:_identify(morescore1) by extension 'python'
[2.437s] Level 1:colcon.colcon_core.package_identification:_identify(morescore1) by extensions ['python_setup_py']
[2.437s] Level 1:colcon.colcon_core.package_identification:_identify(morescore1) by extension 'python_setup_py'
[2.438s] Level 1:colcon.colcon_core.package_identification:_identify(morescore2) by extensions ['ignore', 'ignore_ament_install']
[2.438s] Level 1:colcon.colcon_core.package_identification:_identify(morescore2) by extension 'ignore'
[2.439s] Level 1:colcon.colcon_core.package_identification:_identify(morescore2) by extension 'ignore_ament_install'
[2.439s] Level 1:colcon.colcon_core.package_identification:_identify(morescore2) by extensions ['colcon_pkg']
[2.439s] Level 1:colcon.colcon_core.package_identification:_identify(morescore2) by extension 'colcon_pkg'
[2.439s] Level 1:colcon.colcon_core.package_identification:_identify(morescore2) by extensions ['colcon_meta']
[2.439s] Level 1:colcon.colcon_core.package_identification:_identify(morescore2) by extension 'colcon_meta'
[2.440s] Level 1:colcon.colcon_core.package_identification:_identify(morescore2) by extensions ['ros']
[2.440s] Level 1:colcon.colcon_core.package_identification:_identify(morescore2) by extension 'ros'
[2.440s] Level 1:colcon.colcon_core.package_identification:_identify(morescore2) by extensions ['cmake', 'python']
[2.440s] Level 1:colcon.colcon_core.package_identification:_identify(morescore2) by extension 'cmake'
[2.441s] Level 1:colcon.colcon_core.package_identification:_identify(morescore2) by extension 'python'
[2.441s] Level 1:colcon.colcon_core.package_identification:_identify(morescore2) by extensions ['python_setup_py']
[2.441s] Level 1:colcon.colcon_core.package_identification:_identify(morescore2) by extension 'python_setup_py'
[2.442s] Level 1:colcon.colcon_core.package_identification:_identify(score0) by extensions ['ignore', 'ignore_ament_install']
[2.442s] Level 1:colcon.colcon_core.package_identification:_identify(score0) by extension 'ignore'
[2.442s] Level 1:colcon.colcon_core.package_identification:_identify(score0) by extension 'ignore_ament_install'
[2.442s] Level 1:colcon.colcon_core.package_identification:_identify(score0) by extensions ['colcon_pkg']
[2.443s] Level 1:colcon.colcon_core.package_identification:_identify(score0) by extension 'colcon_pkg'
[2.443s] Level 1:colcon.colcon_core.package_identification:_identify(score0) by extensions ['colcon_meta']
[2.443s] Level 1:colcon.colcon_core.package_identification:_identify(score0) by extension 'colcon_meta'
[2.443s] Level 1:colcon.colcon_core.package_identification:_identify(score0) by extensions ['ros']
[2.443s] Level 1:colcon.colcon_core.package_identification:_identify(score0) by extension 'ros'
[2.444s] Level 1:colcon.colcon_core.package_identification:_identify(score0) by extensions ['cmake', 'python']
[2.444s] Level 1:colcon.colcon_core.package_identification:_identify(score0) by extension 'cmake'
[2.444s] Level 1:colcon.colcon_core.package_identification:_identify(score0) by extension 'python'
[2.444s] Level 1:colcon.colcon_core.package_identification:_identify(score0) by extensions ['python_setup_py']
[2.444s] Level 1:colcon.colcon_core.package_identification:_identify(score0) by extension 'python_setup_py'
[2.445s] Level 1:colcon.colcon_core.package_identification:_identify(score1) by extensions ['ignore', 'ignore_ament_install']
[2.445s] Level 1:colcon.colcon_core.package_identification:_identify(score1) by extension 'ignore'
[2.446s] Level 1:colcon.colcon_core.package_identification:_identify(score1) by extension 'ignore_ament_install'
[2.446s] Level 1:colcon.colcon_core.package_identification:_identify(score1) by extensions ['colcon_pkg']
[2.446s] Level 1:colcon.colcon_core.package_identification:_identify(score1) by extension 'colcon_pkg'
[2.446s] Level 1:colcon.colcon_core.package_identification:_identify(score1) by extensions ['colcon_meta']
[2.446s] Level 1:colcon.colcon_core.package_identification:_identify(score1) by extension 'colcon_meta'
[2.447s] Level 1:colcon.colcon_core.package_identification:_identify(score1) by extensions ['ros']
[2.447s] Level 1:colcon.colcon_core.package_identification:_identify(score1) by extension 'ros'
[2.447s] Level 1:colcon.colcon_core.package_identification:_identify(score1) by extensions ['cmake', 'python']
[2.447s] Level 1:colcon.colcon_core.package_identification:_identify(score1) by extension 'cmake'
[2.448s] Level 1:colcon.colcon_core.package_identification:_identify(score1) by extension 'python'
[2.448s] Level 1:colcon.colcon_core.package_identification:_identify(score1) by extensions ['python_setup_py']
[2.448s] Level 1:colcon.colcon_core.package_identification:_identify(score1) by extension 'python_setup_py'
[2.448s] Level 1:colcon.colcon_core.package_identification:_identify(score10) by extensions ['ignore', 'ignore_ament_install']
[2.449s] Level 1:colcon.colcon_core.package_identification:_identify(score10) by extension 'ignore'
[2.449s] Level 1:colcon.colcon_core.package_identification:_identify(score10) by extension 'ignore_ament_install'
[2.449s] Level 1:colcon.colcon_core.package_identification:_identify(score10) by extensions ['colcon_pkg']
[2.449s] Level 1:colcon.colcon_core.package_identification:_identify(score10) by extension 'colcon_pkg'
[2.450s] Level 1:colcon.colcon_core.package_identification:_identify(score10) by extensions ['colcon_meta']
[2.450s] Level 1:colcon.colcon_core.package_identification:_identify(score10) by extension 'colcon_meta'
[2.450s] Level 1:colcon.colcon_core.package_identification:_identify(score10) by extensions ['ros']
[2.450s] Level 1:colcon.colcon_core.package_identification:_identify(score10) by extension 'ros'
[2.451s] Level 1:colcon.colcon_core.package_identification:_identify(score10) by extensions ['cmake', 'python']
[2.451s] Level 1:colcon.colcon_core.package_identification:_identify(score10) by extension 'cmake'
[2.451s] Level 1:colcon.colcon_core.package_identification:_identify(score10) by extension 'python'
[2.451s] Level 1:colcon.colcon_core.package_identification:_identify(score10) by extensions ['python_setup_py']
[2.451s] Level 1:colcon.colcon_core.package_identification:_identify(score10) by extension 'python_setup_py'
[2.452s] Level 1:colcon.colcon_core.package_identification:_identify(score11) by extensions ['ignore', 'ignore_ament_install']
[2.452s] Level 1:colcon.colcon_core.package_identification:_identify(score11) by extension 'ignore'
[2.452s] Level 1:colcon.colcon_core.package_identification:_identify(score11) by extension 'ignore_ament_install'
[2.453s] Level 1:colcon.colcon_core.package_identification:_identify(score11) by extensions ['colcon_pkg']
[2.453s] Level 1:colcon.colcon_core.package_identification:_identify(score11) by extension 'colcon_pkg'
[2.453s] Level 1:colcon.colcon_core.package_identification:_identify(score11) by extensions ['colcon_meta']
[2.453s] Level 1:colcon.colcon_core.package_identification:_identify(score11) by extension 'colcon_meta'
[2.453s] Level 1:colcon.colcon_core.package_identification:_identify(score11) by extensions ['ros']
[2.454s] Level 1:colcon.colcon_core.package_identification:_identify(score11) by extension 'ros'
[2.454s] Level 1:colcon.colcon_core.package_identification:_identify(score11) by extensions ['cmake', 'python']
[2.454s] Level 1:colcon.colcon_core.package_identification:_identify(score11) by extension 'cmake'
[2.454s] Level 1:colcon.colcon_core.package_identification:_identify(score11) by extension 'python'
[2.455s] Level 1:colcon.colcon_core.package_identification:_identify(score11) by extensions ['python_setup_py']
[2.455s] Level 1:colcon.colcon_core.package_identification:_identify(score11) by extension 'python_setup_py'
[2.456s] Level 1:colcon.colcon_core.package_identification:_identify(score1ex) by extensions ['ignore', 'ignore_ament_install']
[2.457s] Level 1:colcon.colcon_core.package_identification:_identify(score1ex) by extension 'ignore'
[2.457s] Level 1:colcon.colcon_core.package_identification:_identify(score1ex) by extension 'ignore_ament_install'
[2.457s] Level 1:colcon.colcon_core.package_identification:_identify(score1ex) by extensions ['colcon_pkg']
[2.458s] Level 1:colcon.colcon_core.package_identification:_identify(score1ex) by extension 'colcon_pkg'
[2.458s] Level 1:colcon.colcon_core.package_identification:_identify(score1ex) by extensions ['colcon_meta']
[2.458s] Level 1:colcon.colcon_core.package_identification:_identify(score1ex) by extension 'colcon_meta'
[2.458s] Level 1:colcon.colcon_core.package_identification:_identify(score1ex) by extensions ['ros']
[2.458s] Level 1:colcon.colcon_core.package_identification:_identify(score1ex) by extension 'ros'
[2.459s] Level 1:colcon.colcon_core.package_identification:_identify(score1ex) by extensions ['cmake', 'python']
[2.459s] Level 1:colcon.colcon_core.package_identification:_identify(score1ex) by extension 'cmake'
[2.459s] Level 1:colcon.colcon_core.package_identification:_identify(score1ex) by extension 'python'
[2.459s] Level 1:colcon.colcon_core.package_identification:_identify(score1ex) by extensions ['python_setup_py']
[2.460s] Level 1:colcon.colcon_core.package_identification:_identify(score1ex) by extension 'python_setup_py'
[2.460s] Level 1:colcon.colcon_core.package_identification:_identify(score2) by extensions ['ignore', 'ignore_ament_install']
[2.461s] Level 1:colcon.colcon_core.package_identification:_identify(score2) by extension 'ignore'
[2.461s] Level 1:colcon.colcon_core.package_identification:_identify(score2) by extension 'ignore_ament_install'
[2.461s] Level 1:colcon.colcon_core.package_identification:_identify(score2) by extensions ['colcon_pkg']
[2.461s] Level 1:colcon.colcon_core.package_identification:_identify(score2) by extension 'colcon_pkg'
[2.462s] Level 1:colcon.colcon_core.package_identification:_identify(score2) by extensions ['colcon_meta']
[2.462s] Level 1:colcon.colcon_core.package_identification:_identify(score2) by extension 'colcon_meta'
[2.462s] Level 1:colcon.colcon_core.package_identification:_identify(score2) by extensions ['ros']
[2.462s] Level 1:colcon.colcon_core.package_identification:_identify(score2) by extension 'ros'
[2.463s] Level 1:colcon.colcon_core.package_identification:_identify(score2) by extensions ['cmake', 'python']
[2.463s] Level 1:colcon.colcon_core.package_identification:_identify(score2) by extension 'cmake'
[2.463s] Level 1:colcon.colcon_core.package_identification:_identify(score2) by extension 'python'
[2.463s] Level 1:colcon.colcon_core.package_identification:_identify(score2) by extensions ['python_setup_py']
[2.463s] Level 1:colcon.colcon_core.package_identification:_identify(score2) by extension 'python_setup_py'
[2.464s] Level 1:colcon.colcon_core.package_identification:_identify(score3) by extensions ['ignore', 'ignore_ament_install']
[2.464s] Level 1:colcon.colcon_core.package_identification:_identify(score3) by extension 'ignore'
[2.464s] Level 1:colcon.colcon_core.package_identification:_identify(score3) by extension 'ignore_ament_install'
[2.465s] Level 1:colcon.colcon_core.package_identification:_identify(score3) by extensions ['colcon_pkg']
[2.465s] Level 1:colcon.colcon_core.package_identification:_identify(score3) by extension 'colcon_pkg'
[2.465s] Level 1:colcon.colcon_core.package_identification:_identify(score3) by extensions ['colcon_meta']
[2.465s] Level 1:colcon.colcon_core.package_identification:_identify(score3) by extension 'colcon_meta'
[2.466s] Level 1:colcon.colcon_core.package_identification:_identify(score3) by extensions ['ros']
[2.466s] Level 1:colcon.colcon_core.package_identification:_identify(score3) by extension 'ros'
[2.466s] Level 1:colcon.colcon_core.package_identification:_identify(score3) by extensions ['cmake', 'python']
[2.466s] Level 1:colcon.colcon_core.package_identification:_identify(score3) by extension 'cmake'
[2.467s] Level 1:colcon.colcon_core.package_identification:_identify(score3) by extension 'python'
[2.467s] Level 1:colcon.colcon_core.package_identification:_identify(score3) by extensions ['python_setup_py']
[2.467s] Level 1:colcon.colcon_core.package_identification:_identify(score3) by extension 'python_setup_py'
[2.467s] Level 1:colcon.colcon_core.package_identification:_identify(score4) by extensions ['ignore', 'ignore_ament_install']
[2.468s] Level 1:colcon.colcon_core.package_identification:_identify(score4) by extension 'ignore'
[2.468s] Level 1:colcon.colcon_core.package_identification:_identify(score4) by extension 'ignore_ament_install'
[2.468s] Level 1:colcon.colcon_core.package_identification:_identify(score4) by extensions ['colcon_pkg']
[2.469s] Level 1:colcon.colcon_core.package_identification:_identify(score4) by extension 'colcon_pkg'
[2.469s] Level 1:colcon.colcon_core.package_identification:_identify(score4) by extensions ['colcon_meta']
[2.469s] Level 1:colcon.colcon_core.package_identification:_identify(score4) by extension 'colcon_meta'
[2.469s] Level 1:colcon.colcon_core.package_identification:_identify(score4) by extensions ['ros']
[2.469s] Level 1:colcon.colcon_core.package_identification:_identify(score4) by extension 'ros'
[2.470s] Level 1:colcon.colcon_core.package_identification:_identify(score4) by extensions ['cmake', 'python']
[2.470s] Level 1:colcon.colcon_core.package_identification:_identify(score4) by extension 'cmake'
[2.470s] Level 1:colcon.colcon_core.package_identification:_identify(score4) by extension 'python'
[2.470s] Level 1:colcon.colcon_core.package_identification:_identify(score4) by extensions ['python_setup_py']
[2.470s] Level 1:colcon.colcon_core.package_identification:_identify(score4) by extension 'python_setup_py'
[2.471s] Level 1:colcon.colcon_core.package_identification:_identify(score5) by extensions ['ignore', 'ignore_ament_install']
[2.471s] Level 1:colcon.colcon_core.package_identification:_identify(score5) by extension 'ignore'
[2.472s] Level 1:colcon.colcon_core.package_identification:_identify(score5) by extension 'ignore_ament_install'
[2.472s] Level 1:colcon.colcon_core.package_identification:_identify(score5) by extensions ['colcon_pkg']
[2.472s] Level 1:colcon.colcon_core.package_identification:_identify(score5) by extension 'colcon_pkg'
[2.472s] Level 1:colcon.colcon_core.package_identification:_identify(score5) by extensions ['colcon_meta']
[2.472s] Level 1:colcon.colcon_core.package_identification:_identify(score5) by extension 'colcon_meta'
[2.473s] Level 1:colcon.colcon_core.package_identification:_identify(score5) by extensions ['ros']
[2.473s] Level 1:colcon.colcon_core.package_identification:_identify(score5) by extension 'ros'
[2.473s] Level 1:colcon.colcon_core.package_identification:_identify(score5) by extensions ['cmake', 'python']
[2.473s] Level 1:colcon.colcon_core.package_identification:_identify(score5) by extension 'cmake'
[2.474s] Level 1:colcon.colcon_core.package_identification:_identify(score5) by extension 'python'
[2.474s] Level 1:colcon.colcon_core.package_identification:_identify(score5) by extensions ['python_setup_py']
[2.474s] Level 1:colcon.colcon_core.package_identification:_identify(score5) by extension 'python_setup_py'
[2.475s] Level 1:colcon.colcon_core.package_identification:_identify(score6) by extensions ['ignore', 'ignore_ament_install']
[2.475s] Level 1:colcon.colcon_core.package_identification:_identify(score6) by extension 'ignore'
[2.475s] Level 1:colcon.colcon_core.package_identification:_identify(score6) by extension 'ignore_ament_install'
[2.476s] Level 1:colcon.colcon_core.package_identification:_identify(score6) by extensions ['colcon_pkg']
[2.476s] Level 1:colcon.colcon_core.package_identification:_identify(score6) by extension 'colcon_pkg'
[2.476s] Level 1:colcon.colcon_core.package_identification:_identify(score6) by extensions ['colcon_meta']
[2.476s] Level 1:colcon.colcon_core.package_identification:_identify(score6) by extension 'colcon_meta'
[2.476s] Level 1:colcon.colcon_core.package_identification:_identify(score6) by extensions ['ros']
[2.477s] Level 1:colcon.colcon_core.package_identification:_identify(score6) by extension 'ros'
[2.477s] Level 1:colcon.colcon_core.package_identification:_identify(score6) by extensions ['cmake', 'python']
[2.477s] Level 1:colcon.colcon_core.package_identification:_identify(score6) by extension 'cmake'
[2.477s] Level 1:colcon.colcon_core.package_identification:_identify(score6) by extension 'python'
[2.478s] Level 1:colcon.colcon_core.package_identification:_identify(score6) by extensions ['python_setup_py']
[2.478s] Level 1:colcon.colcon_core.package_identification:_identify(score6) by extension 'python_setup_py'
[2.478s] Level 1:colcon.colcon_core.package_identification:_identify(score7) by extensions ['ignore', 'ignore_ament_install']
[2.479s] Level 1:colcon.colcon_core.package_identification:_identify(score7) by extension 'ignore'
[2.479s] Level 1:colcon.colcon_core.package_identification:_identify(score7) by extension 'ignore_ament_install'
[2.479s] Level 1:colcon.colcon_core.package_identification:_identify(score7) by extensions ['colcon_pkg']
[2.479s] Level 1:colcon.colcon_core.package_identification:_identify(score7) by extension 'colcon_pkg'
[2.480s] Level 1:colcon.colcon_core.package_identification:_identify(score7) by extensions ['colcon_meta']
[2.480s] Level 1:colcon.colcon_core.package_identification:_identify(score7) by extension 'colcon_meta'
[2.480s] Level 1:colcon.colcon_core.package_identification:_identify(score7) by extensions ['ros']
[2.480s] Level 1:colcon.colcon_core.package_identification:_identify(score7) by extension 'ros'
[2.481s] Level 1:colcon.colcon_core.package_identification:_identify(score7) by extensions ['cmake', 'python']
[2.481s] Level 1:colcon.colcon_core.package_identification:_identify(score7) by extension 'cmake'
[2.481s] Level 1:colcon.colcon_core.package_identification:_identify(score7) by extension 'python'
[2.481s] Level 1:colcon.colcon_core.package_identification:_identify(score7) by extensions ['python_setup_py']
[2.481s] Level 1:colcon.colcon_core.package_identification:_identify(score7) by extension 'python_setup_py'
[2.482s] Level 1:colcon.colcon_core.package_identification:_identify(score8) by extensions ['ignore', 'ignore_ament_install']
[2.482s] Level 1:colcon.colcon_core.package_identification:_identify(score8) by extension 'ignore'
[2.483s] Level 1:colcon.colcon_core.package_identification:_identify(score8) by extension 'ignore_ament_install'
[2.483s] Level 1:colcon.colcon_core.package_identification:_identify(score8) by extensions ['colcon_pkg']
[2.483s] Level 1:colcon.colcon_core.package_identification:_identify(score8) by extension 'colcon_pkg'
[2.483s] Level 1:colcon.colcon_core.package_identification:_identify(score8) by extensions ['colcon_meta']
[2.483s] Level 1:colcon.colcon_core.package_identification:_identify(score8) by extension 'colcon_meta'
[2.484s] Level 1:colcon.colcon_core.package_identification:_identify(score8) by extensions ['ros']
[2.484s] Level 1:colcon.colcon_core.package_identification:_identify(score8) by extension 'ros'
[2.484s] Level 1:colcon.colcon_core.package_identification:_identify(score8) by extensions ['cmake', 'python']
[2.484s] Level 1:colcon.colcon_core.package_identification:_identify(score8) by extension 'cmake'
[2.485s] Level 1:colcon.colcon_core.package_identification:_identify(score8) by extension 'python'
[2.485s] Level 1:colcon.colcon_core.package_identification:_identify(score8) by extensions ['python_setup_py']
[2.485s] Level 1:colcon.colcon_core.package_identification:_identify(score8) by extension 'python_setup_py'
[2.485s] Level 1:colcon.colcon_core.package_identification:_identify(score9) by extensions ['ignore', 'ignore_ament_install']
[2.486s] Level 1:colcon.colcon_core.package_identification:_identify(score9) by extension 'ignore'
[2.486s] Level 1:colcon.colcon_core.package_identification:_identify(score9) by extension 'ignore_ament_install'
[2.486s] Level 1:colcon.colcon_core.package_identification:_identify(score9) by extensions ['colcon_pkg']
[2.486s] Level 1:colcon.colcon_core.package_identification:_identify(score9) by extension 'colcon_pkg'
[2.487s] Level 1:colcon.colcon_core.package_identification:_identify(score9) by extensions ['colcon_meta']
[2.487s] Level 1:colcon.colcon_core.package_identification:_identify(score9) by extension 'colcon_meta'
[2.487s] Level 1:colcon.colcon_core.package_identification:_identify(score9) by extensions ['ros']
[2.487s] Level 1:colcon.colcon_core.package_identification:_identify(score9) by extension 'ros'
[2.488s] Level 1:colcon.colcon_core.package_identification:_identify(score9) by extensions ['cmake', 'python']
[2.488s] Level 1:colcon.colcon_core.package_identification:_identify(score9) by extension 'cmake'
[2.488s] Level 1:colcon.colcon_core.package_identification:_identify(score9) by extension 'python'
[2.488s] Level 1:colcon.colcon_core.package_identification:_identify(score9) by extensions ['python_setup_py']
[2.488s] Level 1:colcon.colcon_core.package_identification:_identify(score9) by extension 'python_setup_py'
[2.489s] Level 1:colcon.colcon_core.package_discovery:discover_packages(recursive) using defaults
[2.489s] Level 1:colcon.colcon_core.package_discovery:discover_packages(ignore) discover
[2.489s] Level 1:colcon.colcon_core.package_discovery:discover_packages(ignore) using defaults
[2.489s] Level 1:colcon.colcon_core.package_discovery:discover_packages(path) discover
[2.489s] Level 1:colcon.colcon_core.package_discovery:discover_packages(path) using defaults
[2.646s] Level 1:colcon.colcon_core.package_discovery:discover_packages(prefix_path) check parameters
[2.647s] Level 1:colcon.colcon_core.package_discovery:discover_packages(prefix_path) discover
[2.671s] DEBUG:colcon.colcon_installed_package_information.package_discovery:Found 12 installed packages in /home/nx-ros2/varun_ws/f1tenth_ws/install
[2.682s] DEBUG:colcon.colcon_installed_package_information.package_discovery:Found 283 installed packages in /opt/ros/foxy
[2.693s] Level 1:colcon.colcon_core.package_discovery:discover_packages(prefix_path) using defaults
[3.158s] INFO:colcon.colcon_core.executor:Executing jobs using 'parallel' executor
[3.177s] DEBUG:colcon.colcon_parallel_executor.executor.parallel:run_until_complete
[3.178s] DEBUG:colcon.colcon_parallel_executor.executor.parallel:closing loop
[3.178s] DEBUG:colcon.colcon_parallel_executor.executor.parallel:loop closed
[3.178s] DEBUG:colcon.colcon_parallel_executor.executor.parallel:run_until_complete finished with '0'
[3.179s] DEBUG:colcon.colcon_core.event_reactor:joining thread
[3.209s] INFO:colcon.colcon_core.plugin_system:Skipping extension 'colcon_notification.desktop_notification.terminal_notifier': Not used on non-Darwin systems
[3.210s] INFO:colcon.colcon_core.plugin_system:Skipping extension 'colcon_notification.desktop_notification.win32': Not used on non-Windows systems
[3.210s] INFO:colcon.colcon_notification.desktop_notification:Sending desktop notification using 'notify2'
[3.339s] DEBUG:colcon.colcon_core.event_reactor:joined thread
[3.387s] INFO:colcon.colcon_core.plugin_system:Skipping extension 'colcon_core.shell.bat': Not used on non-Windows systems
[3.388s] INFO:colcon.colcon_core.shell:Creating prefix script '/home/nx-ros2/varun_ws/f1tenth_ws/src/f1tenth_system/camera/camera/dataset/install/local_setup.ps1'
[3.394s] INFO:colcon.colcon_core.shell:Creating prefix util module '/home/nx-ros2/varun_ws/f1tenth_ws/src/f1tenth_system/camera/camera/dataset/install/_local_setup_util_ps1.py'
[3.402s] INFO:colcon.colcon_core.shell:Creating prefix chain script '/home/nx-ros2/varun_ws/f1tenth_ws/src/f1tenth_system/camera/camera/dataset/install/setup.ps1'
[3.420s] INFO:colcon.colcon_core.shell:Creating prefix script '/home/nx-ros2/varun_ws/f1tenth_ws/src/f1tenth_system/camera/camera/dataset/install/local_setup.sh'
[3.424s] INFO:colcon.colcon_core.shell:Creating prefix util module '/home/nx-ros2/varun_ws/f1tenth_ws/src/f1tenth_system/camera/camera/dataset/install/_local_setup_util_sh.py'
[3.427s] INFO:colcon.colcon_core.shell:Creating prefix chain script '/home/nx-ros2/varun_ws/f1tenth_ws/src/f1tenth_system/camera/camera/dataset/install/setup.sh'
[3.441s] INFO:colcon.colcon_core.shell:Creating prefix script '/home/nx-ros2/varun_ws/f1tenth_ws/src/f1tenth_system/camera/camera/dataset/install/local_setup.bash'
[3.445s] INFO:colcon.colcon_core.shell:Creating prefix chain script '/home/nx-ros2/varun_ws/f1tenth_ws/src/f1tenth_system/camera/camera/dataset/install/setup.bash'
[3.455s] INFO:colcon.colcon_core.shell:Creating prefix script '/home/nx-ros2/varun_ws/f1tenth_ws/src/f1tenth_system/camera/camera/dataset/install/local_setup.zsh'
[3.460s] INFO:colcon.colcon_core.shell:Creating prefix chain script '/home/nx-ros2/varun_ws/f1tenth_ws/src/f1tenth_system/camera/camera/dataset/install/setup.zsh'
