[0.128s] Invoking command in '/home/nx-ros2/dong_workspace/f1tenth_ws/build/vesc_ackermann': AMENT_PREFIX_PATH=/home/nx-ros2/dong_workspace/f1tenth_ws/install/vesc_msgs:${AMENT_PREFIX_PATH} CMAKE_PREFIX_PATH=/home/nx-ros2/dong_workspace/f1tenth_ws/install/vesc_msgs:/home/nx-ros2/dong_workspace/f1tenth_ws/install/vesc:/home/nx-ros2/dong_workspace/f1tenth_ws/install/vesc_driver:/home/nx-ros2/dong_workspace/f1tenth_ws/install/vesc_ackermann:/home/nx-ros2/dong_workspace/f1tenth_ws/install/teleop_tools:/home/nx-ros2/dong_workspace/f1tenth_ws/install/teleop_tools_msgs:/home/nx-ros2/dong_workspace/f1tenth_ws/install/ackermann_mux:/home/nx-ros2/dong_workspace/f1tenth_ws/install/f1tenth_stack:/home/nx-ros2/dong_workspace/f1tenth_ws/install/joy_teleop:/home/nx-ros2/dong_workspace/f1tenth_ws/install/mouse_teleop:/home/nx-ros2/dong_workspace/f1tenth_ws/install/key_teleop:/opt/ros/foxy LD_LIBRARY_PATH=/home/nx-ros2/dong_workspace/f1tenth_ws/install/vesc_msgs/lib:/home/nx-ros2/dong_workspace/f1tenth_ws/install/vesc_driver/lib:/home/nx-ros2/dong_workspace/f1tenth_ws/install/vesc_ackermann/lib:/home/nx-ros2/dong_workspace/f1tenth_ws/install/teleop_tools_msgs/lib:/opt/ros/foxy/opt/yaml_cpp_vendor/lib:/opt/ros/foxy/opt/rviz_ogre_vendor/lib:/opt/ros/foxy/lib/aarch64-linux-gnu:/opt/ros/foxy/lib:/usr/local/cuda-11.4/lib64 PYTHONPATH=/home/nx-ros2/dong_workspace/f1tenth_ws/install/vesc_msgs/lib/python3.8/site-packages:/home/nx-ros2/workspace/f1tenth_ws/build/f1tenth_stack:/home/nx-ros2/dong_workspace/f1tenth_ws/install/f1tenth_stack/lib/python3.8/site-packages:/home/nx-ros2/workspace/f1tenth_ws/build/joy_teleop:/home/nx-ros2/dong_workspace/f1tenth_ws/install/joy_teleop/lib/python3.8/site-packages:/home/nx-ros2/dong_workspace/f1tenth_ws/install/teleop_tools_msgs/lib/python3.8/site-packages:/home/nx-ros2/workspace/f1tenth_ws/build/mouse_teleop:/home/nx-ros2/dong_workspace/f1tenth_ws/install/mouse_teleop/lib/python3.8/site-packages:/home/nx-ros2/workspace/f1tenth_ws/build/key_teleop:/home/nx-ros2/dong_workspace/f1tenth_ws/install/key_teleop/lib/python3.8/site-packages:/opt/ros/foxy/lib/python3.8/site-packages /usr/bin/cmake /home/nx-ros2/dong_workspace/f1tenth_ws/src/f1tenth_system/vesc/vesc_ackermann -DCMAKE_INSTALL_PREFIX=/home/nx-ros2/dong_workspace/f1tenth_ws/install/vesc_ackermann
[0.511s] -- The C compiler identification is GNU 9.4.0
[0.892s] -- The CXX compiler identification is GNU 9.4.0
[0.922s] -- Check for working C compiler: /usr/bin/cc
[1.380s] -- Check for working C compiler: /usr/bin/cc -- works
[1.385s] -- Detecting C compiler ABI info
[1.845s] -- Detecting C compiler ABI info - done
[1.903s] -- Detecting C compile features
[1.905s] -- Detecting C compile features - done
[1.919s] -- Check for working CXX compiler: /usr/bin/c++
[2.415s] -- Check for working CXX compiler: /usr/bin/c++ -- works
[2.421s] -- Detecting CXX compiler ABI info
[2.933s] -- Detecting CXX compiler ABI info - done
[2.998s] -- Detecting CXX compile features
[3.000s] -- Detecting CXX compile features - done
[3.013s] -- Found ament_cmake_auto: 0.9.12 (/opt/ros/foxy/share/ament_cmake_auto/cmake)
[3.215s] -- Found PythonInterp: /usr/bin/python3 (found suitable version "3.8.10", minimum required is "3") 
[3.216s] -- Using PYTHON_EXECUTABLE: /usr/bin/python3
[5.074s] -- Using all available rosidl_typesupport_c: rosidl_typesupport_fastrtps_c;rosidl_typesupport_introspection_c
[5.117s] -- Found rosidl_adapter: 1.3.1 (/opt/ros/foxy/share/rosidl_adapter/cmake)
[5.680s] -- Found OpenSSL: /usr/lib/aarch64-linux-gnu/libcrypto.so (found version "1.1.1f")  
[5.885s] -- Found FastRTPS: /opt/ros/foxy/include  
[6.363s] -- Using all available rosidl_typesupport_cpp: rosidl_typesupport_fastrtps_cpp;rosidl_typesupport_introspection_cpp
[8.057s] -- Found rmw_implementation_cmake: 1.0.4 (/opt/ros/foxy/share/rmw_implementation_cmake/cmake)
[8.065s] -- Using RMW implementation 'rmw_fastrtps_cpp' as default
[8.069s] -- Looking for pthread.h
[8.528s] -- Looking for pthread.h - found
[8.532s] -- Performing Test CMAKE_HAVE_LIBC_PTHREAD
[9.009s] -- Performing Test CMAKE_HAVE_LIBC_PTHREAD - Failed
[9.017s] -- Looking for pthread_create in pthreads
[9.406s] -- Looking for pthread_create in pthreads - not found
[9.408s] -- Looking for pthread_create in pthread
[9.940s] -- Looking for pthread_create in pthread - found
[9.948s] -- Found Threads: TRUE  
[13.439s] -- Found ament_lint_auto: 0.9.8 (/opt/ros/foxy/share/ament_lint_auto/cmake)
[13.574s] -- Added test 'copyright' to check source files copyright and LICENSE
[13.585s] -- Added test 'cppcheck' to perform static code analysis on C / C++ code
[13.586s] -- Configured cppcheck include dirs: /home/nx-ros2/dong_workspace/f1tenth_ws/src/f1tenth_system/vesc/vesc_ackermann/include
[13.586s] -- Configured cppcheck exclude dirs and/or files: 
[13.594s] -- Added test 'cpplint' to check C / C++ code against the Google style
[13.598s] -- Configured cpplint exclude dirs and/or files: 
[13.601s] -- Added test 'lint_cmake' to check CMake code style
[13.608s] -- Added test 'uncrustify' to check C / C++ code style
[13.608s] -- Configured uncrustify additional arguments: 
[13.612s] -- Added test 'xmllint' to check XML markup files
[13.645s] -- Configuring done
[13.779s] -- Generating done
[13.788s] -- Build files have been written to: /home/nx-ros2/dong_workspace/f1tenth_ws/build/vesc_ackermann
[13.838s] Invoked command in '/home/nx-ros2/dong_workspace/f1tenth_ws/build/vesc_ackermann' returned '0': AMENT_PREFIX_PATH=/home/nx-ros2/dong_workspace/f1tenth_ws/install/vesc_msgs:${AMENT_PREFIX_PATH} CMAKE_PREFIX_PATH=/home/nx-ros2/dong_workspace/f1tenth_ws/install/vesc_msgs:/home/nx-ros2/dong_workspace/f1tenth_ws/install/vesc:/home/nx-ros2/dong_workspace/f1tenth_ws/install/vesc_driver:/home/nx-ros2/dong_workspace/f1tenth_ws/install/vesc_ackermann:/home/nx-ros2/dong_workspace/f1tenth_ws/install/teleop_tools:/home/nx-ros2/dong_workspace/f1tenth_ws/install/teleop_tools_msgs:/home/nx-ros2/dong_workspace/f1tenth_ws/install/ackermann_mux:/home/nx-ros2/dong_workspace/f1tenth_ws/install/f1tenth_stack:/home/nx-ros2/dong_workspace/f1tenth_ws/install/joy_teleop:/home/nx-ros2/dong_workspace/f1tenth_ws/install/mouse_teleop:/home/nx-ros2/dong_workspace/f1tenth_ws/install/key_teleop:/opt/ros/foxy LD_LIBRARY_PATH=/home/nx-ros2/dong_workspace/f1tenth_ws/install/vesc_msgs/lib:/home/nx-ros2/dong_workspace/f1tenth_ws/install/vesc_driver/lib:/home/nx-ros2/dong_workspace/f1tenth_ws/install/vesc_ackermann/lib:/home/nx-ros2/dong_workspace/f1tenth_ws/install/teleop_tools_msgs/lib:/opt/ros/foxy/opt/yaml_cpp_vendor/lib:/opt/ros/foxy/opt/rviz_ogre_vendor/lib:/opt/ros/foxy/lib/aarch64-linux-gnu:/opt/ros/foxy/lib:/usr/local/cuda-11.4/lib64 PYTHONPATH=/home/nx-ros2/dong_workspace/f1tenth_ws/install/vesc_msgs/lib/python3.8/site-packages:/home/nx-ros2/workspace/f1tenth_ws/build/f1tenth_stack:/home/nx-ros2/dong_workspace/f1tenth_ws/install/f1tenth_stack/lib/python3.8/site-packages:/home/nx-ros2/workspace/f1tenth_ws/build/joy_teleop:/home/nx-ros2/dong_workspace/f1tenth_ws/install/joy_teleop/lib/python3.8/site-packages:/home/nx-ros2/dong_workspace/f1tenth_ws/install/teleop_tools_msgs/lib/python3.8/site-packages:/home/nx-ros2/workspace/f1tenth_ws/build/mouse_teleop:/home/nx-ros2/dong_workspace/f1tenth_ws/install/mouse_teleop/lib/python3.8/site-packages:/home/nx-ros2/workspace/f1tenth_ws/build/key_teleop:/home/nx-ros2/dong_workspace/f1tenth_ws/install/key_teleop/lib/python3.8/site-packages:/opt/ros/foxy/lib/python3.8/site-packages /usr/bin/cmake /home/nx-ros2/dong_workspace/f1tenth_ws/src/f1tenth_system/vesc/vesc_ackermann -DCMAKE_INSTALL_PREFIX=/home/nx-ros2/dong_workspace/f1tenth_ws/install/vesc_ackermann
[13.852s] Invoking command in '/home/nx-ros2/dong_workspace/f1tenth_ws/build/vesc_ackermann': AMENT_PREFIX_PATH=/home/nx-ros2/dong_workspace/f1tenth_ws/install/vesc_msgs:${AMENT_PREFIX_PATH} CMAKE_PREFIX_PATH=/home/nx-ros2/dong_workspace/f1tenth_ws/install/vesc_msgs:/home/nx-ros2/dong_workspace/f1tenth_ws/install/vesc:/home/nx-ros2/dong_workspace/f1tenth_ws/install/vesc_driver:/home/nx-ros2/dong_workspace/f1tenth_ws/install/vesc_ackermann:/home/nx-ros2/dong_workspace/f1tenth_ws/install/teleop_tools:/home/nx-ros2/dong_workspace/f1tenth_ws/install/teleop_tools_msgs:/home/nx-ros2/dong_workspace/f1tenth_ws/install/ackermann_mux:/home/nx-ros2/dong_workspace/f1tenth_ws/install/f1tenth_stack:/home/nx-ros2/dong_workspace/f1tenth_ws/install/joy_teleop:/home/nx-ros2/dong_workspace/f1tenth_ws/install/mouse_teleop:/home/nx-ros2/dong_workspace/f1tenth_ws/install/key_teleop:/opt/ros/foxy LD_LIBRARY_PATH=/home/nx-ros2/dong_workspace/f1tenth_ws/install/vesc_msgs/lib:/home/nx-ros2/dong_workspace/f1tenth_ws/install/vesc_driver/lib:/home/nx-ros2/dong_workspace/f1tenth_ws/install/vesc_ackermann/lib:/home/nx-ros2/dong_workspace/f1tenth_ws/install/teleop_tools_msgs/lib:/opt/ros/foxy/opt/yaml_cpp_vendor/lib:/opt/ros/foxy/opt/rviz_ogre_vendor/lib:/opt/ros/foxy/lib/aarch64-linux-gnu:/opt/ros/foxy/lib:/usr/local/cuda-11.4/lib64 PYTHONPATH=/home/nx-ros2/dong_workspace/f1tenth_ws/install/vesc_msgs/lib/python3.8/site-packages:/home/nx-ros2/workspace/f1tenth_ws/build/f1tenth_stack:/home/nx-ros2/dong_workspace/f1tenth_ws/install/f1tenth_stack/lib/python3.8/site-packages:/home/nx-ros2/workspace/f1tenth_ws/build/joy_teleop:/home/nx-ros2/dong_workspace/f1tenth_ws/install/joy_teleop/lib/python3.8/site-packages:/home/nx-ros2/dong_workspace/f1tenth_ws/install/teleop_tools_msgs/lib/python3.8/site-packages:/home/nx-ros2/workspace/f1tenth_ws/build/mouse_teleop:/home/nx-ros2/dong_workspace/f1tenth_ws/install/mouse_teleop/lib/python3.8/site-packages:/home/nx-ros2/workspace/f1tenth_ws/build/key_teleop:/home/nx-ros2/dong_workspace/f1tenth_ws/install/key_teleop/lib/python3.8/site-packages:/opt/ros/foxy/lib/python3.8/site-packages /usr/bin/cmake --build /home/nx-ros2/dong_workspace/f1tenth_ws/build/vesc_ackermann -- -j6 -l6
[14.081s] [35m[1mScanning dependencies of target ackermann_to_vesc_node[0m
[14.089s] [35m[1mScanning dependencies of target vesc_to_odom_node[0m
[14.334s] [ 14%] [32mBuilding CXX object CMakeFiles/ackermann_to_vesc_node.dir/rclcpp_components/node_main_ackermann_to_vesc_node.cpp.o[0m
[14.361s] [ 28%] [32mBuilding CXX object CMakeFiles/vesc_to_odom_node.dir/rclcpp_components/node_main_vesc_to_odom_node.cpp.o[0m
[28.059s] [ 42%] [32m[1mLinking CXX executable ackermann_to_vesc_node[0m
[28.560s] [ 57%] [32m[1mLinking CXX executable vesc_to_odom_node[0m
[28.913s] [ 57%] Built target ackermann_to_vesc_node
[29.161s] [ 57%] Built target vesc_to_odom_node
[29.217s] [35m[1mScanning dependencies of target vesc_ackermann[0m
[29.543s] [ 71%] [32mBuilding CXX object CMakeFiles/vesc_ackermann.dir/src/ackermann_to_vesc.cpp.o[0m
[55.991s] [ 85%] [32mBuilding CXX object CMakeFiles/vesc_ackermann.dir/src/vesc_to_odom.cpp.o[0m
[89.190s] [100%] [32m[1mLinking CXX shared library libvesc_ackermann.so[0m
[91.616s] [100%] Built target vesc_ackermann
[91.676s] Invoked command in '/home/nx-ros2/dong_workspace/f1tenth_ws/build/vesc_ackermann' returned '0': AMENT_PREFIX_PATH=/home/nx-ros2/dong_workspace/f1tenth_ws/install/vesc_msgs:${AMENT_PREFIX_PATH} CMAKE_PREFIX_PATH=/home/nx-ros2/dong_workspace/f1tenth_ws/install/vesc_msgs:/home/nx-ros2/dong_workspace/f1tenth_ws/install/vesc:/home/nx-ros2/dong_workspace/f1tenth_ws/install/vesc_driver:/home/nx-ros2/dong_workspace/f1tenth_ws/install/vesc_ackermann:/home/nx-ros2/dong_workspace/f1tenth_ws/install/teleop_tools:/home/nx-ros2/dong_workspace/f1tenth_ws/install/teleop_tools_msgs:/home/nx-ros2/dong_workspace/f1tenth_ws/install/ackermann_mux:/home/nx-ros2/dong_workspace/f1tenth_ws/install/f1tenth_stack:/home/nx-ros2/dong_workspace/f1tenth_ws/install/joy_teleop:/home/nx-ros2/dong_workspace/f1tenth_ws/install/mouse_teleop:/home/nx-ros2/dong_workspace/f1tenth_ws/install/key_teleop:/opt/ros/foxy LD_LIBRARY_PATH=/home/nx-ros2/dong_workspace/f1tenth_ws/install/vesc_msgs/lib:/home/nx-ros2/dong_workspace/f1tenth_ws/install/vesc_driver/lib:/home/nx-ros2/dong_workspace/f1tenth_ws/install/vesc_ackermann/lib:/home/nx-ros2/dong_workspace/f1tenth_ws/install/teleop_tools_msgs/lib:/opt/ros/foxy/opt/yaml_cpp_vendor/lib:/opt/ros/foxy/opt/rviz_ogre_vendor/lib:/opt/ros/foxy/lib/aarch64-linux-gnu:/opt/ros/foxy/lib:/usr/local/cuda-11.4/lib64 PYTHONPATH=/home/nx-ros2/dong_workspace/f1tenth_ws/install/vesc_msgs/lib/python3.8/site-packages:/home/nx-ros2/workspace/f1tenth_ws/build/f1tenth_stack:/home/nx-ros2/dong_workspace/f1tenth_ws/install/f1tenth_stack/lib/python3.8/site-packages:/home/nx-ros2/workspace/f1tenth_ws/build/joy_teleop:/home/nx-ros2/dong_workspace/f1tenth_ws/install/joy_teleop/lib/python3.8/site-packages:/home/nx-ros2/dong_workspace/f1tenth_ws/install/teleop_tools_msgs/lib/python3.8/site-packages:/home/nx-ros2/workspace/f1tenth_ws/build/mouse_teleop:/home/nx-ros2/dong_workspace/f1tenth_ws/install/mouse_teleop/lib/python3.8/site-packages:/home/nx-ros2/workspace/f1tenth_ws/build/key_teleop:/home/nx-ros2/dong_workspace/f1tenth_ws/install/key_teleop/lib/python3.8/site-packages:/opt/ros/foxy/lib/python3.8/site-packages /usr/bin/cmake --build /home/nx-ros2/dong_workspace/f1tenth_ws/build/vesc_ackermann -- -j6 -l6
[91.884s] Invoking command in '/home/nx-ros2/dong_workspace/f1tenth_ws/build/vesc_ackermann': AMENT_PREFIX_PATH=/home/nx-ros2/dong_workspace/f1tenth_ws/install/vesc_msgs:${AMENT_PREFIX_PATH} CMAKE_PREFIX_PATH=/home/nx-ros2/dong_workspace/f1tenth_ws/install/vesc_msgs:/home/nx-ros2/dong_workspace/f1tenth_ws/install/vesc:/home/nx-ros2/dong_workspace/f1tenth_ws/install/vesc_driver:/home/nx-ros2/dong_workspace/f1tenth_ws/install/vesc_ackermann:/home/nx-ros2/dong_workspace/f1tenth_ws/install/teleop_tools:/home/nx-ros2/dong_workspace/f1tenth_ws/install/teleop_tools_msgs:/home/nx-ros2/dong_workspace/f1tenth_ws/install/ackermann_mux:/home/nx-ros2/dong_workspace/f1tenth_ws/install/f1tenth_stack:/home/nx-ros2/dong_workspace/f1tenth_ws/install/joy_teleop:/home/nx-ros2/dong_workspace/f1tenth_ws/install/mouse_teleop:/home/nx-ros2/dong_workspace/f1tenth_ws/install/key_teleop:/opt/ros/foxy LD_LIBRARY_PATH=/home/nx-ros2/dong_workspace/f1tenth_ws/install/vesc_msgs/lib:/home/nx-ros2/dong_workspace/f1tenth_ws/install/vesc_driver/lib:/home/nx-ros2/dong_workspace/f1tenth_ws/install/vesc_ackermann/lib:/home/nx-ros2/dong_workspace/f1tenth_ws/install/teleop_tools_msgs/lib:/opt/ros/foxy/opt/yaml_cpp_vendor/lib:/opt/ros/foxy/opt/rviz_ogre_vendor/lib:/opt/ros/foxy/lib/aarch64-linux-gnu:/opt/ros/foxy/lib:/usr/local/cuda-11.4/lib64 PYTHONPATH=/home/nx-ros2/dong_workspace/f1tenth_ws/install/vesc_msgs/lib/python3.8/site-packages:/home/nx-ros2/workspace/f1tenth_ws/build/f1tenth_stack:/home/nx-ros2/dong_workspace/f1tenth_ws/install/f1tenth_stack/lib/python3.8/site-packages:/home/nx-ros2/workspace/f1tenth_ws/build/joy_teleop:/home/nx-ros2/dong_workspace/f1tenth_ws/install/joy_teleop/lib/python3.8/site-packages:/home/nx-ros2/dong_workspace/f1tenth_ws/install/teleop_tools_msgs/lib/python3.8/site-packages:/home/nx-ros2/workspace/f1tenth_ws/build/mouse_teleop:/home/nx-ros2/dong_workspace/f1tenth_ws/install/mouse_teleop/lib/python3.8/site-packages:/home/nx-ros2/workspace/f1tenth_ws/build/key_teleop:/home/nx-ros2/dong_workspace/f1tenth_ws/install/key_teleop/lib/python3.8/site-packages:/opt/ros/foxy/lib/python3.8/site-packages /usr/bin/cmake --install /home/nx-ros2/dong_workspace/f1tenth_ws/build/vesc_ackermann
[91.945s] -- Install configuration: ""
[91.946s] -- Installing: /home/nx-ros2/dong_workspace/f1tenth_ws/install/vesc_ackermann/lib/vesc_ackermann/ackermann_to_vesc_node
[91.951s] -- Set runtime path of "/home/nx-ros2/dong_workspace/f1tenth_ws/install/vesc_ackermann/lib/vesc_ackermann/ackermann_to_vesc_node" to ""
[91.955s] -- Installing: /home/nx-ros2/dong_workspace/f1tenth_ws/install/vesc_ackermann/lib/vesc_ackermann/vesc_to_odom_node
[91.963s] -- Set runtime path of "/home/nx-ros2/dong_workspace/f1tenth_ws/install/vesc_ackermann/lib/vesc_ackermann/vesc_to_odom_node" to ""
[91.964s] -- Installing: /home/nx-ros2/dong_workspace/f1tenth_ws/install/vesc_ackermann/include
[91.964s] -- Installing: /home/nx-ros2/dong_workspace/f1tenth_ws/install/vesc_ackermann/include/vesc_ackermann
[91.965s] -- Installing: /home/nx-ros2/dong_workspace/f1tenth_ws/install/vesc_ackermann/include/vesc_ackermann/vesc_to_odom.hpp
[91.965s] -- Installing: /home/nx-ros2/dong_workspace/f1tenth_ws/install/vesc_ackermann/include/vesc_ackermann/ackermann_to_vesc.hpp
[91.966s] -- Installing: /home/nx-ros2/dong_workspace/f1tenth_ws/install/vesc_ackermann/share/vesc_ackermann/environment/library_path.sh
[91.967s] -- Installing: /home/nx-ros2/dong_workspace/f1tenth_ws/install/vesc_ackermann/share/vesc_ackermann/environment/library_path.dsv
[91.968s] -- Installing: /home/nx-ros2/dong_workspace/f1tenth_ws/install/vesc_ackermann/lib/libvesc_ackermann.so
[92.026s] -- Set runtime path of "/home/nx-ros2/dong_workspace/f1tenth_ws/install/vesc_ackermann/lib/libvesc_ackermann.so" to ""
[92.027s] -- Installing: /home/nx-ros2/dong_workspace/f1tenth_ws/install/vesc_ackermann/share/vesc_ackermann/launch
[92.028s] -- Installing: /home/nx-ros2/dong_workspace/f1tenth_ws/install/vesc_ackermann/share/vesc_ackermann/launch/ackermann_to_vesc_node.launch.xml
[92.031s] -- Installing: /home/nx-ros2/dong_workspace/f1tenth_ws/install/vesc_ackermann/share/vesc_ackermann/launch/vesc_to_odom_node.launch.xml
[92.033s] -- Installing: /home/nx-ros2/dong_workspace/f1tenth_ws/install/vesc_ackermann/share/ament_index/resource_index/package_run_dependencies/vesc_ackermann
[92.035s] -- Installing: /home/nx-ros2/dong_workspace/f1tenth_ws/install/vesc_ackermann/share/ament_index/resource_index/parent_prefix_path/vesc_ackermann
[92.036s] -- Installing: /home/nx-ros2/dong_workspace/f1tenth_ws/install/vesc_ackermann/share/vesc_ackermann/environment/ament_prefix_path.sh
[92.036s] -- Installing: /home/nx-ros2/dong_workspace/f1tenth_ws/install/vesc_ackermann/share/vesc_ackermann/environment/ament_prefix_path.dsv
[92.037s] -- Installing: /home/nx-ros2/dong_workspace/f1tenth_ws/install/vesc_ackermann/share/vesc_ackermann/environment/path.sh
[92.038s] -- Installing: /home/nx-ros2/dong_workspace/f1tenth_ws/install/vesc_ackermann/share/vesc_ackermann/environment/path.dsv
[92.039s] -- Installing: /home/nx-ros2/dong_workspace/f1tenth_ws/install/vesc_ackermann/share/vesc_ackermann/local_setup.bash
[92.040s] -- Installing: /home/nx-ros2/dong_workspace/f1tenth_ws/install/vesc_ackermann/share/vesc_ackermann/local_setup.sh
[92.041s] -- Installing: /home/nx-ros2/dong_workspace/f1tenth_ws/install/vesc_ackermann/share/vesc_ackermann/local_setup.zsh
[92.042s] -- Installing: /home/nx-ros2/dong_workspace/f1tenth_ws/install/vesc_ackermann/share/vesc_ackermann/local_setup.dsv
[92.043s] -- Installing: /home/nx-ros2/dong_workspace/f1tenth_ws/install/vesc_ackermann/share/vesc_ackermann/package.dsv
[92.044s] -- Installing: /home/nx-ros2/dong_workspace/f1tenth_ws/install/vesc_ackermann/share/ament_index/resource_index/packages/vesc_ackermann
[92.045s] -- Installing: /home/nx-ros2/dong_workspace/f1tenth_ws/install/vesc_ackermann/share/ament_index/resource_index/rclcpp_components/vesc_ackermann
[92.046s] -- Installing: /home/nx-ros2/dong_workspace/f1tenth_ws/install/vesc_ackermann/share/vesc_ackermann/cmake/ament_cmake_export_dependencies-extras.cmake
[92.046s] -- Installing: /home/nx-ros2/dong_workspace/f1tenth_ws/install/vesc_ackermann/share/vesc_ackermann/cmake/ament_cmake_export_include_directories-extras.cmake
[92.047s] -- Installing: /home/nx-ros2/dong_workspace/f1tenth_ws/install/vesc_ackermann/share/vesc_ackermann/cmake/ament_cmake_export_libraries-extras.cmake
[92.048s] -- Installing: /home/nx-ros2/dong_workspace/f1tenth_ws/install/vesc_ackermann/share/vesc_ackermann/cmake/vesc_ackermannConfig.cmake
[92.049s] -- Installing: /home/nx-ros2/dong_workspace/f1tenth_ws/install/vesc_ackermann/share/vesc_ackermann/cmake/vesc_ackermannConfig-version.cmake
[92.050s] -- Installing: /home/nx-ros2/dong_workspace/f1tenth_ws/install/vesc_ackermann/share/vesc_ackermann/package.xml
[92.074s] Invoked command in '/home/nx-ros2/dong_workspace/f1tenth_ws/build/vesc_ackermann' returned '0': AMENT_PREFIX_PATH=/home/nx-ros2/dong_workspace/f1tenth_ws/install/vesc_msgs:${AMENT_PREFIX_PATH} CMAKE_PREFIX_PATH=/home/nx-ros2/dong_workspace/f1tenth_ws/install/vesc_msgs:/home/nx-ros2/dong_workspace/f1tenth_ws/install/vesc:/home/nx-ros2/dong_workspace/f1tenth_ws/install/vesc_driver:/home/nx-ros2/dong_workspace/f1tenth_ws/install/vesc_ackermann:/home/nx-ros2/dong_workspace/f1tenth_ws/install/teleop_tools:/home/nx-ros2/dong_workspace/f1tenth_ws/install/teleop_tools_msgs:/home/nx-ros2/dong_workspace/f1tenth_ws/install/ackermann_mux:/home/nx-ros2/dong_workspace/f1tenth_ws/install/f1tenth_stack:/home/nx-ros2/dong_workspace/f1tenth_ws/install/joy_teleop:/home/nx-ros2/dong_workspace/f1tenth_ws/install/mouse_teleop:/home/nx-ros2/dong_workspace/f1tenth_ws/install/key_teleop:/opt/ros/foxy LD_LIBRARY_PATH=/home/nx-ros2/dong_workspace/f1tenth_ws/install/vesc_msgs/lib:/home/nx-ros2/dong_workspace/f1tenth_ws/install/vesc_driver/lib:/home/nx-ros2/dong_workspace/f1tenth_ws/install/vesc_ackermann/lib:/home/nx-ros2/dong_workspace/f1tenth_ws/install/teleop_tools_msgs/lib:/opt/ros/foxy/opt/yaml_cpp_vendor/lib:/opt/ros/foxy/opt/rviz_ogre_vendor/lib:/opt/ros/foxy/lib/aarch64-linux-gnu:/opt/ros/foxy/lib:/usr/local/cuda-11.4/lib64 PYTHONPATH=/home/nx-ros2/dong_workspace/f1tenth_ws/install/vesc_msgs/lib/python3.8/site-packages:/home/nx-ros2/workspace/f1tenth_ws/build/f1tenth_stack:/home/nx-ros2/dong_workspace/f1tenth_ws/install/f1tenth_stack/lib/python3.8/site-packages:/home/nx-ros2/workspace/f1tenth_ws/build/joy_teleop:/home/nx-ros2/dong_workspace/f1tenth_ws/install/joy_teleop/lib/python3.8/site-packages:/home/nx-ros2/dong_workspace/f1tenth_ws/install/teleop_tools_msgs/lib/python3.8/site-packages:/home/nx-ros2/workspace/f1tenth_ws/build/mouse_teleop:/home/nx-ros2/dong_workspace/f1tenth_ws/install/mouse_teleop/lib/python3.8/site-packages:/home/nx-ros2/workspace/f1tenth_ws/build/key_teleop:/home/nx-ros2/dong_workspace/f1tenth_ws/install/key_teleop/lib/python3.8/site-packages:/opt/ros/foxy/lib/python3.8/site-packages /usr/bin/cmake --install /home/nx-ros2/dong_workspace/f1tenth_ws/build/vesc_ackermann
