[3.658s] Invoking command in '/home/nx-ros2/dong_workspace/f1tenth_ws/src/f1tenth_system/f1tenth_stack': AMENT_PREFIX_PATH=/home/nx-ros2/dong_workspace/f1tenth_ws/install/vesc:/home/nx-ros2/dong_workspace/f1tenth_ws/install/vesc_driver:/home/nx-ros2/dong_workspace/f1tenth_ws/install/vesc_ackermann:/home/nx-ros2/dong_workspace/f1tenth_ws/install/joy_teleop:/home/nx-ros2/dong_workspace/f1tenth_ws/install/vesc_msgs:/home/nx-ros2/dong_workspace/f1tenth_ws/install/teleop_tools_msgs:/home/nx-ros2/dong_workspace/f1tenth_ws/install/ackermann_mux:/home/nx-ros2/dong_workspace/f1tenth_ws/install/f1tenth_stack:/home/nx-ros2/dong_workspace/f1tenth_ws/install/mouse_teleop:/home/nx-ros2/dong_workspace/f1tenth_ws/install/key_teleop:/opt/ros/foxy CMAKE_PREFIX_PATH=/home/nx-ros2/dong_workspace/f1tenth_ws/install/vesc:/home/nx-ros2/dong_workspace/f1tenth_ws/install/vesc_driver:/home/nx-ros2/dong_workspace/f1tenth_ws/install/vesc_ackermann:/home/nx-ros2/dong_workspace/f1tenth_ws/install/vesc_msgs:/home/nx-ros2/dong_workspace/f1tenth_ws/install/teleop_tools_msgs:/home/nx-ros2/dong_workspace/f1tenth_ws/install/ackermann_mux:/home/nx-ros2/dong_workspace/f1tenth_ws/install/teleop_tools LD_LIBRARY_PATH=/home/nx-ros2/dong_workspace/f1tenth_ws/install/vesc_driver/lib:/home/nx-ros2/dong_workspace/f1tenth_ws/install/vesc_ackermann/lib:/home/nx-ros2/dong_workspace/f1tenth_ws/install/vesc_msgs/lib:/home/nx-ros2/dong_workspace/f1tenth_ws/install/teleop_tools_msgs/lib:/opt/ros/foxy/opt/yaml_cpp_vendor/lib:/opt/ros/foxy/opt/rviz_ogre_vendor/lib:/opt/ros/foxy/lib/aarch64-linux-gnu:/opt/ros/foxy/lib:/usr/local/cuda-11.4/lib64 PYTHONPATH=/home/nx-ros2/dong_workspace/f1tenth_ws/build/f1tenth_stack/prefix_override:/home/nx-ros2/dong_workspace/f1tenth_ws/install/f1tenth_stack/lib/python3.8/site-packages:/home/nx-ros2/dong_workspace/f1tenth_ws/install/joy_teleop/lib/python3.8/site-packages:/home/nx-ros2/dong_workspace/f1tenth_ws/install/vesc_msgs/lib/python3.8/site-packages:/home/nx-ros2/dong_workspace/f1tenth_ws/install/teleop_tools_msgs/lib/python3.8/site-packages:/home/nx-ros2/workspace/f1tenth_ws/build/f1tenth_stack:/home/nx-ros2/dong_workspace/f1tenth_ws/install/f1tenth_stack/lib/python3.8/site-packages:/home/nx-ros2/workspace/f1tenth_ws/build/joy_teleop:/home/nx-ros2/workspace/f1tenth_ws/build/mouse_teleop:/home/nx-ros2/dong_workspace/f1tenth_ws/install/mouse_teleop/lib/python3.8/site-packages:/home/nx-ros2/workspace/f1tenth_ws/build/key_teleop:/home/nx-ros2/dong_workspace/f1tenth_ws/install/key_teleop/lib/python3.8/site-packages:/opt/ros/foxy/lib/python3.8/site-packages /usr/bin/python3 setup.py egg_info --egg-base ../../../build/f1tenth_stack build --build-base /home/nx-ros2/dong_workspace/f1tenth_ws/build/f1tenth_stack/build install --record /home/nx-ros2/dong_workspace/f1tenth_ws/build/f1tenth_stack/install.log --install-scripts $base/lib/f1tenth_stack --single-version-externally-managed
[4.838s] running egg_info
[4.842s] creating ../../../build/f1tenth_stack/f1tenth_stack.egg-info
[4.846s] writing ../../../build/f1tenth_stack/f1tenth_stack.egg-info/PKG-INFO
[4.847s] writing dependency_links to ../../../build/f1tenth_stack/f1tenth_stack.egg-info/dependency_links.txt
[4.847s] writing entry points to ../../../build/f1tenth_stack/f1tenth_stack.egg-info/entry_points.txt
[4.848s] writing requirements to ../../../build/f1tenth_stack/f1tenth_stack.egg-info/requires.txt
[4.848s] writing top-level names to ../../../build/f1tenth_stack/f1tenth_stack.egg-info/top_level.txt
[4.854s] writing manifest file '../../../build/f1tenth_stack/f1tenth_stack.egg-info/SOURCES.txt'
[5.032s] reading manifest file '../../../build/f1tenth_stack/f1tenth_stack.egg-info/SOURCES.txt'
[5.038s] writing manifest file '../../../build/f1tenth_stack/f1tenth_stack.egg-info/SOURCES.txt'
[5.039s] running build
[5.042s] running build_py
[5.043s] creating /home/nx-ros2/dong_workspace/f1tenth_ws/build/f1tenth_stack/build
[5.044s] creating /home/nx-ros2/dong_workspace/f1tenth_ws/build/f1tenth_stack/build/lib
[5.045s] creating /home/nx-ros2/dong_workspace/f1tenth_ws/build/f1tenth_stack/build/lib/f1tenth_stack
[5.046s] copying f1tenth_stack/throttle_interpolator.py -> /home/nx-ros2/dong_workspace/f1tenth_ws/build/f1tenth_stack/build/lib/f1tenth_stack
[5.049s] copying f1tenth_stack/__init__.py -> /home/nx-ros2/dong_workspace/f1tenth_ws/build/f1tenth_stack/build/lib/f1tenth_stack
[5.049s] copying f1tenth_stack/tf_publisher.py -> /home/nx-ros2/dong_workspace/f1tenth_ws/build/f1tenth_stack/build/lib/f1tenth_stack
[5.050s] creating /home/nx-ros2/dong_workspace/f1tenth_ws/build/f1tenth_stack/build/lib/f1tenth_stack/auto
[5.050s] copying f1tenth_stack/auto/pure_pursuit.py -> /home/nx-ros2/dong_workspace/f1tenth_ws/build/f1tenth_stack/build/lib/f1tenth_stack/auto
[5.051s] copying f1tenth_stack/auto/wall_follow.py -> /home/nx-ros2/dong_workspace/f1tenth_ws/build/f1tenth_stack/build/lib/f1tenth_stack/auto
[5.051s] copying f1tenth_stack/auto/reset_safe_brake.py -> /home/nx-ros2/dong_workspace/f1tenth_ws/build/f1tenth_stack/build/lib/f1tenth_stack/auto
[5.052s] copying f1tenth_stack/auto/__init__.py -> /home/nx-ros2/dong_workspace/f1tenth_ws/build/f1tenth_stack/build/lib/f1tenth_stack/auto
[5.053s] copying f1tenth_stack/auto/wall_follow_nosafebrake.py -> /home/nx-ros2/dong_workspace/f1tenth_ws/build/f1tenth_stack/build/lib/f1tenth_stack/auto
[5.057s] running install
[5.061s] running install_lib
[5.067s] creating /home/nx-ros2/dong_workspace/f1tenth_ws/install/f1tenth_stack/lib/python3.8/site-packages/f1tenth_stack
[5.068s] creating /home/nx-ros2/dong_workspace/f1tenth_ws/install/f1tenth_stack/lib/python3.8/site-packages/f1tenth_stack/auto
[5.072s] copying /home/nx-ros2/dong_workspace/f1tenth_ws/build/f1tenth_stack/build/lib/f1tenth_stack/auto/pure_pursuit.py -> /home/nx-ros2/dong_workspace/f1tenth_ws/install/f1tenth_stack/lib/python3.8/site-packages/f1tenth_stack/auto
[5.073s] copying /home/nx-ros2/dong_workspace/f1tenth_ws/build/f1tenth_stack/build/lib/f1tenth_stack/auto/wall_follow.py -> /home/nx-ros2/dong_workspace/f1tenth_ws/install/f1tenth_stack/lib/python3.8/site-packages/f1tenth_stack/auto
[5.074s] copying /home/nx-ros2/dong_workspace/f1tenth_ws/build/f1tenth_stack/build/lib/f1tenth_stack/auto/reset_safe_brake.py -> /home/nx-ros2/dong_workspace/f1tenth_ws/install/f1tenth_stack/lib/python3.8/site-packages/f1tenth_stack/auto
[5.075s] copying /home/nx-ros2/dong_workspace/f1tenth_ws/build/f1tenth_stack/build/lib/f1tenth_stack/auto/__init__.py -> /home/nx-ros2/dong_workspace/f1tenth_ws/install/f1tenth_stack/lib/python3.8/site-packages/f1tenth_stack/auto
[5.075s] copying /home/nx-ros2/dong_workspace/f1tenth_ws/build/f1tenth_stack/build/lib/f1tenth_stack/auto/wall_follow_nosafebrake.py -> /home/nx-ros2/dong_workspace/f1tenth_ws/install/f1tenth_stack/lib/python3.8/site-packages/f1tenth_stack/auto
[5.076s] copying /home/nx-ros2/dong_workspace/f1tenth_ws/build/f1tenth_stack/build/lib/f1tenth_stack/throttle_interpolator.py -> /home/nx-ros2/dong_workspace/f1tenth_ws/install/f1tenth_stack/lib/python3.8/site-packages/f1tenth_stack
[5.076s] copying /home/nx-ros2/dong_workspace/f1tenth_ws/build/f1tenth_stack/build/lib/f1tenth_stack/__init__.py -> /home/nx-ros2/dong_workspace/f1tenth_ws/install/f1tenth_stack/lib/python3.8/site-packages/f1tenth_stack
[5.077s] copying /home/nx-ros2/dong_workspace/f1tenth_ws/build/f1tenth_stack/build/lib/f1tenth_stack/tf_publisher.py -> /home/nx-ros2/dong_workspace/f1tenth_ws/install/f1tenth_stack/lib/python3.8/site-packages/f1tenth_stack
[5.077s] byte-compiling /home/nx-ros2/dong_workspace/f1tenth_ws/install/f1tenth_stack/lib/python3.8/site-packages/f1tenth_stack/auto/pure_pursuit.py to pure_pursuit.cpython-38.pyc
[5.090s] byte-compiling /home/nx-ros2/dong_workspace/f1tenth_ws/install/f1tenth_stack/lib/python3.8/site-packages/f1tenth_stack/auto/wall_follow.py to wall_follow.cpython-38.pyc
[5.095s] byte-compiling /home/nx-ros2/dong_workspace/f1tenth_ws/install/f1tenth_stack/lib/python3.8/site-packages/f1tenth_stack/auto/reset_safe_brake.py to reset_safe_brake.cpython-38.pyc
[5.097s] byte-compiling /home/nx-ros2/dong_workspace/f1tenth_ws/install/f1tenth_stack/lib/python3.8/site-packages/f1tenth_stack/auto/__init__.py to __init__.cpython-38.pyc
[5.098s] byte-compiling /home/nx-ros2/dong_workspace/f1tenth_ws/install/f1tenth_stack/lib/python3.8/site-packages/f1tenth_stack/auto/wall_follow_nosafebrake.py to wall_follow_nosafebrake.cpython-38.pyc
[5.105s] byte-compiling /home/nx-ros2/dong_workspace/f1tenth_ws/install/f1tenth_stack/lib/python3.8/site-packages/f1tenth_stack/throttle_interpolator.py to throttle_interpolator.cpython-38.pyc
[5.110s] byte-compiling /home/nx-ros2/dong_workspace/f1tenth_ws/install/f1tenth_stack/lib/python3.8/site-packages/f1tenth_stack/__init__.py to __init__.cpython-38.pyc
[5.111s] byte-compiling /home/nx-ros2/dong_workspace/f1tenth_ws/install/f1tenth_stack/lib/python3.8/site-packages/f1tenth_stack/tf_publisher.py to tf_publisher.cpython-38.pyc
[5.112s] running install_data
[5.115s] creating /home/nx-ros2/dong_workspace/f1tenth_ws/install/f1tenth_stack/share/ament_index
[5.116s] creating /home/nx-ros2/dong_workspace/f1tenth_ws/install/f1tenth_stack/share/ament_index/resource_index
[5.116s] creating /home/nx-ros2/dong_workspace/f1tenth_ws/install/f1tenth_stack/share/ament_index/resource_index/packages
[5.117s] copying resource/f1tenth_stack -> /home/nx-ros2/dong_workspace/f1tenth_ws/install/f1tenth_stack/share/ament_index/resource_index/packages
[5.117s] copying package.xml -> /home/nx-ros2/dong_workspace/f1tenth_ws/install/f1tenth_stack/share/f1tenth_stack
[5.117s] creating /home/nx-ros2/dong_workspace/f1tenth_ws/install/f1tenth_stack/share/f1tenth_stack/launch
[5.118s] copying launch/bringup_launch.py -> /home/nx-ros2/dong_workspace/f1tenth_ws/install/f1tenth_stack/share/f1tenth_stack/launch
[5.121s] creating /home/nx-ros2/dong_workspace/f1tenth_ws/install/f1tenth_stack/share/f1tenth_stack/config
[5.121s] copying config/sensors.yaml -> /home/nx-ros2/dong_workspace/f1tenth_ws/install/f1tenth_stack/share/f1tenth_stack/config
[5.122s] copying config/mux.yaml -> /home/nx-ros2/dong_workspace/f1tenth_ws/install/f1tenth_stack/share/f1tenth_stack/config
[5.123s] copying config/f1tenth_online_async.yaml -> /home/nx-ros2/dong_workspace/f1tenth_ws/install/f1tenth_stack/share/f1tenth_stack/config
[5.125s] copying config/joy_teleop.yaml -> /home/nx-ros2/dong_workspace/f1tenth_ws/install/f1tenth_stack/share/f1tenth_stack/config
[5.126s] copying config/vesc.yaml -> /home/nx-ros2/dong_workspace/f1tenth_ws/install/f1tenth_stack/share/f1tenth_stack/config
[5.127s] running install_egg_info
[5.134s] Copying ../../../build/f1tenth_stack/f1tenth_stack.egg-info to /home/nx-ros2/dong_workspace/f1tenth_ws/install/f1tenth_stack/lib/python3.8/site-packages/f1tenth_stack-0.0.1-py3.8.egg-info
[5.140s] running install_scripts
[5.226s] Installing pure_pursuit script to /home/nx-ros2/dong_workspace/f1tenth_ws/install/f1tenth_stack/lib/f1tenth_stack
[5.227s] Installing reset_safe_brake script to /home/nx-ros2/dong_workspace/f1tenth_ws/install/f1tenth_stack/lib/f1tenth_stack
[5.227s] Installing tf_publisher script to /home/nx-ros2/dong_workspace/f1tenth_ws/install/f1tenth_stack/lib/f1tenth_stack
[5.228s] Installing throttle_interpolator script to /home/nx-ros2/dong_workspace/f1tenth_ws/install/f1tenth_stack/lib/f1tenth_stack
[5.229s] Installing wall_follower script to /home/nx-ros2/dong_workspace/f1tenth_ws/install/f1tenth_stack/lib/f1tenth_stack
[5.229s] Installing wall_follower_nosafe script to /home/nx-ros2/dong_workspace/f1tenth_ws/install/f1tenth_stack/lib/f1tenth_stack
[5.231s] writing list of installed files to '/home/nx-ros2/dong_workspace/f1tenth_ws/build/f1tenth_stack/install.log'
[5.358s] Invoked command in '/home/nx-ros2/dong_workspace/f1tenth_ws/src/f1tenth_system/f1tenth_stack' returned '0': AMENT_PREFIX_PATH=/home/nx-ros2/dong_workspace/f1tenth_ws/install/vesc:/home/nx-ros2/dong_workspace/f1tenth_ws/install/vesc_driver:/home/nx-ros2/dong_workspace/f1tenth_ws/install/vesc_ackermann:/home/nx-ros2/dong_workspace/f1tenth_ws/install/joy_teleop:/home/nx-ros2/dong_workspace/f1tenth_ws/install/vesc_msgs:/home/nx-ros2/dong_workspace/f1tenth_ws/install/teleop_tools_msgs:/home/nx-ros2/dong_workspace/f1tenth_ws/install/ackermann_mux:/home/nx-ros2/dong_workspace/f1tenth_ws/install/f1tenth_stack:/home/nx-ros2/dong_workspace/f1tenth_ws/install/mouse_teleop:/home/nx-ros2/dong_workspace/f1tenth_ws/install/key_teleop:/opt/ros/foxy CMAKE_PREFIX_PATH=/home/nx-ros2/dong_workspace/f1tenth_ws/install/vesc:/home/nx-ros2/dong_workspace/f1tenth_ws/install/vesc_driver:/home/nx-ros2/dong_workspace/f1tenth_ws/install/vesc_ackermann:/home/nx-ros2/dong_workspace/f1tenth_ws/install/vesc_msgs:/home/nx-ros2/dong_workspace/f1tenth_ws/install/teleop_tools_msgs:/home/nx-ros2/dong_workspace/f1tenth_ws/install/ackermann_mux:/home/nx-ros2/dong_workspace/f1tenth_ws/install/teleop_tools LD_LIBRARY_PATH=/home/nx-ros2/dong_workspace/f1tenth_ws/install/vesc_driver/lib:/home/nx-ros2/dong_workspace/f1tenth_ws/install/vesc_ackermann/lib:/home/nx-ros2/dong_workspace/f1tenth_ws/install/vesc_msgs/lib:/home/nx-ros2/dong_workspace/f1tenth_ws/install/teleop_tools_msgs/lib:/opt/ros/foxy/opt/yaml_cpp_vendor/lib:/opt/ros/foxy/opt/rviz_ogre_vendor/lib:/opt/ros/foxy/lib/aarch64-linux-gnu:/opt/ros/foxy/lib:/usr/local/cuda-11.4/lib64 PYTHONPATH=/home/nx-ros2/dong_workspace/f1tenth_ws/build/f1tenth_stack/prefix_override:/home/nx-ros2/dong_workspace/f1tenth_ws/install/f1tenth_stack/lib/python3.8/site-packages:/home/nx-ros2/dong_workspace/f1tenth_ws/install/joy_teleop/lib/python3.8/site-packages:/home/nx-ros2/dong_workspace/f1tenth_ws/install/vesc_msgs/lib/python3.8/site-packages:/home/nx-ros2/dong_workspace/f1tenth_ws/install/teleop_tools_msgs/lib/python3.8/site-packages:/home/nx-ros2/workspace/f1tenth_ws/build/f1tenth_stack:/home/nx-ros2/dong_workspace/f1tenth_ws/install/f1tenth_stack/lib/python3.8/site-packages:/home/nx-ros2/workspace/f1tenth_ws/build/joy_teleop:/home/nx-ros2/workspace/f1tenth_ws/build/mouse_teleop:/home/nx-ros2/dong_workspace/f1tenth_ws/install/mouse_teleop/lib/python3.8/site-packages:/home/nx-ros2/workspace/f1tenth_ws/build/key_teleop:/home/nx-ros2/dong_workspace/f1tenth_ws/install/key_teleop/lib/python3.8/site-packages:/opt/ros/foxy/lib/python3.8/site-packages /usr/bin/python3 setup.py egg_info --egg-base ../../../build/f1tenth_stack build --build-base /home/nx-ros2/dong_workspace/f1tenth_ws/build/f1tenth_stack/build install --record /home/nx-ros2/dong_workspace/f1tenth_ws/build/f1tenth_stack/install.log --install-scripts $base/lib/f1tenth_stack --single-version-externally-managed
